{"/home/node/app/services/app/src/index.tsx": {"path":"/home/node/app/services/app/src/index.tsx","statementMap":{"0":{"start":{"line":17,"column":0},"end":{"line":17,"column":24}},"1":{"start":{"line":21,"column":13},"end":{"line":24,"column":1}},"2":{"start":{"line":22,"column":1},"end":{"line":22,"column":15}},"3":{"start":{"line":23,"column":1},"end":{"line":23,"column":20}},"4":{"start":{"line":28,"column":0},"end":{"line":37,"column":3}},"5":{"start":{"line":29,"column":1},"end":{"line":36,"column":3}}},"fnMap":{"0":{"name":"(anonymous_0)","decl":{"start":{"line":21,"column":13},"end":{"line":21,"column":14}},"loc":{"start":{"line":21,"column":25},"end":{"line":24,"column":1}},"line":21},"1":{"name":"(anonymous_1)","decl":{"start":{"line":28,"column":12},"end":{"line":28,"column":13}},"loc":{"start":{"line":28,"column":27},"end":{"line":37,"column":1}},"line":28}},"branchMap":{},"s":{"0":0,"1":0,"2":0,"3":0,"4":0,"5":0},"f":{"0":0,"1":0},"b":{},"hash":"54f5659a1db969bc45495269929cfe473799c90e"}
,"/home/node/app/services/app/src/serviceWorker.ts": {"path":"/home/node/app/services/app/src/serviceWorker.ts","statementMap":{"0":{"start":{"line":13,"column":20},"end":{"line":21,"column":1}},"1":{"start":{"line":24,"column":1},"end":{"line":58,"column":2}},"2":{"start":{"line":25,"column":2},"end":{"line":25,"column":58}},"3":{"start":{"line":27,"column":20},"end":{"line":27,"column":73}},"4":{"start":{"line":28,"column":2},"end":{"line":34,"column":3}},"5":{"start":{"line":29,"column":3},"end":{"line":29,"column":35}},"6":{"start":{"line":33,"column":3},"end":{"line":33,"column":10}},"7":{"start":{"line":36,"column":2},"end":{"line":57,"column":5}},"8":{"start":{"line":37,"column":17},"end":{"line":37,"column":62}},"9":{"start":{"line":38,"column":3},"end":{"line":38,"column":35}},"10":{"start":{"line":39,"column":3},"end":{"line":56,"column":4}},"11":{"start":{"line":40,"column":4},"end":{"line":40,"column":36}},"12":{"start":{"line":42,"column":4},"end":{"line":42,"column":43}},"13":{"start":{"line":46,"column":4},"end":{"line":51,"column":7}},"14":{"start":{"line":47,"column":5},"end":{"line":50,"column":7}},"15":{"start":{"line":53,"column":4},"end":{"line":53,"column":36}},"16":{"start":{"line":55,"column":4},"end":{"line":55,"column":35}},"17":{"start":{"line":62,"column":1},"end":{"line":62,"column":40}},"18":{"start":{"line":63,"column":1},"end":{"line":112,"column":5}},"19":{"start":{"line":66,"column":3},"end":{"line":66,"column":42}},"20":{"start":{"line":67,"column":3},"end":{"line":108,"column":5}},"21":{"start":{"line":68,"column":4},"end":{"line":68,"column":43}},"22":{"start":{"line":69,"column":29},"end":{"line":69,"column":52}},"23":{"start":{"line":70,"column":4},"end":{"line":72,"column":5}},"24":{"start":{"line":71,"column":5},"end":{"line":71,"column":12}},"25":{"start":{"line":73,"column":4},"end":{"line":73,"column":43}},"26":{"start":{"line":74,"column":4},"end":{"line":107,"column":6}},"27":{"start":{"line":75,"column":5},"end":{"line":78,"column":7}},"28":{"start":{"line":79,"column":5},"end":{"line":106,"column":6}},"29":{"start":{"line":80,"column":6},"end":{"line":105,"column":7}},"30":{"start":{"line":81,"column":7},"end":{"line":81,"column":46}},"31":{"start":{"line":85,"column":7},"end":{"line":88,"column":9}},"32":{"start":{"line":91,"column":7},"end":{"line":93,"column":8}},"33":{"start":{"line":92,"column":8},"end":{"line":92,"column":47}},"34":{"start":{"line":95,"column":7},"end":{"line":95,"column":46}},"35":{"start":{"line":99,"column":7},"end":{"line":99,"column":59}},"36":{"start":{"line":102,"column":7},"end":{"line":104,"column":8}},"37":{"start":{"line":103,"column":8},"end":{"line":103,"column":48}},"38":{"start":{"line":111,"column":3},"end":{"line":111,"column":69}},"39":{"start":{"line":116,"column":1},"end":{"line":116,"column":48}},"40":{"start":{"line":118,"column":1},"end":{"line":149,"column":5}},"41":{"start":{"line":123,"column":23},"end":{"line":123,"column":59}},"42":{"start":{"line":124,"column":3},"end":{"line":128,"column":5}},"43":{"start":{"line":129,"column":3},"end":{"line":143,"column":4}},"44":{"start":{"line":135,"column":4},"end":{"line":139,"column":7}},"45":{"start":{"line":136,"column":5},"end":{"line":138,"column":8}},"46":{"start":{"line":137,"column":6},"end":{"line":137,"column":31}},"47":{"start":{"line":142,"column":4},"end":{"line":142,"column":35}},"48":{"start":{"line":146,"column":3},"end":{"line":148,"column":5}},"49":{"start":{"line":153,"column":1},"end":{"line":161,"column":2}},"50":{"start":{"line":154,"column":2},"end":{"line":160,"column":6}},"51":{"start":{"line":156,"column":4},"end":{"line":156,"column":30}},"52":{"start":{"line":159,"column":4},"end":{"line":159,"column":33}}},"fnMap":{"0":{"name":"register","decl":{"start":{"line":23,"column":16},"end":{"line":23,"column":24}},"loc":{"start":{"line":23,"column":55},"end":{"line":59,"column":1}},"line":23},"1":{"name":"(anonymous_1)","decl":{"start":{"line":36,"column":34},"end":{"line":36,"column":35}},"loc":{"start":{"line":36,"column":40},"end":{"line":57,"column":3}},"line":36},"2":{"name":"(anonymous_2)","decl":{"start":{"line":46,"column":39},"end":{"line":46,"column":40}},"loc":{"start":{"line":46,"column":45},"end":{"line":51,"column":5}},"line":46},"3":{"name":"registerValidSW","decl":{"start":{"line":61,"column":9},"end":{"line":61,"column":24}},"loc":{"start":{"line":61,"column":70},"end":{"line":113,"column":1}},"line":61},"4":{"name":"(anonymous_4)","decl":{"start":{"line":65,"column":8},"end":{"line":65,"column":9}},"loc":{"start":{"line":65,"column":24},"end":{"line":109,"column":3}},"line":65},"5":{"name":"(anonymous_5)","decl":{"start":{"line":67,"column":32},"end":{"line":67,"column":33}},"loc":{"start":{"line":67,"column":38},"end":{"line":108,"column":4}},"line":67},"6":{"name":"(anonymous_6)","decl":{"start":{"line":74,"column":37},"end":{"line":74,"column":38}},"loc":{"start":{"line":74,"column":43},"end":{"line":107,"column":5}},"line":74},"7":{"name":"(anonymous_7)","decl":{"start":{"line":110,"column":9},"end":{"line":110,"column":10}},"loc":{"start":{"line":110,"column":18},"end":{"line":112,"column":3}},"line":110},"8":{"name":"checkValidServiceWorker","decl":{"start":{"line":115,"column":9},"end":{"line":115,"column":32}},"loc":{"start":{"line":115,"column":78},"end":{"line":150,"column":1}},"line":115},"9":{"name":"(anonymous_9)","decl":{"start":{"line":121,"column":8},"end":{"line":121,"column":9}},"loc":{"start":{"line":121,"column":20},"end":{"line":144,"column":3}},"line":121},"10":{"name":"(anonymous_10)","decl":{"start":{"line":135,"column":39},"end":{"line":135,"column":40}},"loc":{"start":{"line":135,"column":55},"end":{"line":139,"column":5}},"line":135},"11":{"name":"(anonymous_11)","decl":{"start":{"line":136,"column":36},"end":{"line":136,"column":37}},"loc":{"start":{"line":136,"column":42},"end":{"line":138,"column":6}},"line":136},"12":{"name":"(anonymous_12)","decl":{"start":{"line":145,"column":9},"end":{"line":145,"column":10}},"loc":{"start":{"line":145,"column":15},"end":{"line":149,"column":3}},"line":145},"13":{"name":"unregister","decl":{"start":{"line":152,"column":16},"end":{"line":152,"column":26}},"loc":{"start":{"line":152,"column":29},"end":{"line":162,"column":1}},"line":152},"14":{"name":"(anonymous_14)","decl":{"start":{"line":155,"column":9},"end":{"line":155,"column":10}},"loc":{"start":{"line":155,"column":25},"end":{"line":157,"column":4}},"line":155},"15":{"name":"(anonymous_15)","decl":{"start":{"line":158,"column":10},"end":{"line":158,"column":11}},"loc":{"start":{"line":158,"column":19},"end":{"line":160,"column":4}},"line":158}},"branchMap":{"0":{"loc":{"start":{"line":14,"column":1},"end":{"line":20,"column":3}},"type":"binary-expr","locations":[{"start":{"line":14,"column":1},"end":{"line":14,"column":41}},{"start":{"line":16,"column":2},"end":{"line":16,"column":38}},{"start":{"line":18,"column":2},"end":{"line":20,"column":3}}],"line":14},"1":{"loc":{"start":{"line":24,"column":1},"end":{"line":58,"column":2}},"type":"if","locations":[{"start":{"line":24,"column":1},"end":{"line":58,"column":2}},{"start":{"line":24,"column":1},"end":{"line":58,"column":2}}],"line":24},"2":{"loc":{"start":{"line":24,"column":5},"end":{"line":24,"column":74}},"type":"binary-expr","locations":[{"start":{"line":24,"column":5},"end":{"line":24,"column":42}},{"start":{"line":24,"column":46},"end":{"line":24,"column":74}}],"line":24},"3":{"loc":{"start":{"line":28,"column":2},"end":{"line":34,"column":3}},"type":"if","locations":[{"start":{"line":28,"column":2},"end":{"line":34,"column":3}},{"start":{"line":28,"column":2},"end":{"line":34,"column":3}}],"line":28},"4":{"loc":{"start":{"line":39,"column":3},"end":{"line":56,"column":4}},"type":"if","locations":[{"start":{"line":39,"column":3},"end":{"line":56,"column":4}},{"start":{"line":39,"column":3},"end":{"line":56,"column":4}}],"line":39},"5":{"loc":{"start":{"line":70,"column":4},"end":{"line":72,"column":5}},"type":"if","locations":[{"start":{"line":70,"column":4},"end":{"line":72,"column":5}},{"start":{"line":70,"column":4},"end":{"line":72,"column":5}}],"line":70},"6":{"loc":{"start":{"line":79,"column":5},"end":{"line":106,"column":6}},"type":"if","locations":[{"start":{"line":79,"column":5},"end":{"line":106,"column":6}},{"start":{"line":79,"column":5},"end":{"line":106,"column":6}}],"line":79},"7":{"loc":{"start":{"line":80,"column":6},"end":{"line":105,"column":7}},"type":"if","locations":[{"start":{"line":80,"column":6},"end":{"line":105,"column":7}},{"start":{"line":80,"column":6},"end":{"line":105,"column":7}}],"line":80},"8":{"loc":{"start":{"line":91,"column":7},"end":{"line":93,"column":8}},"type":"if","locations":[{"start":{"line":91,"column":7},"end":{"line":93,"column":8}},{"start":{"line":91,"column":7},"end":{"line":93,"column":8}}],"line":91},"9":{"loc":{"start":{"line":91,"column":11},"end":{"line":91,"column":45}},"type":"binary-expr","locations":[{"start":{"line":91,"column":11},"end":{"line":91,"column":17}},{"start":{"line":91,"column":21},"end":{"line":91,"column":45}}],"line":91},"10":{"loc":{"start":{"line":102,"column":7},"end":{"line":104,"column":8}},"type":"if","locations":[{"start":{"line":102,"column":7},"end":{"line":104,"column":8}},{"start":{"line":102,"column":7},"end":{"line":104,"column":8}}],"line":102},"11":{"loc":{"start":{"line":102,"column":11},"end":{"line":102,"column":46}},"type":"binary-expr","locations":[{"start":{"line":102,"column":11},"end":{"line":102,"column":17}},{"start":{"line":102,"column":21},"end":{"line":102,"column":46}}],"line":102},"12":{"loc":{"start":{"line":129,"column":3},"end":{"line":143,"column":4}},"type":"if","locations":[{"start":{"line":129,"column":3},"end":{"line":143,"column":4}},{"start":{"line":129,"column":3},"end":{"line":143,"column":4}}],"line":129},"13":{"loc":{"start":{"line":130,"column":4},"end":{"line":132,"column":46}},"type":"binary-expr","locations":[{"start":{"line":130,"column":4},"end":{"line":130,"column":27}},{"start":{"line":131,"column":5},"end":{"line":131,"column":24}},{"start":{"line":132,"column":5},"end":{"line":132,"column":45}}],"line":130},"14":{"loc":{"start":{"line":153,"column":1},"end":{"line":161,"column":2}},"type":"if","locations":[{"start":{"line":153,"column":1},"end":{"line":161,"column":2}},{"start":{"line":153,"column":1},"end":{"line":161,"column":2}}],"line":153}},"s":{"0":0,"1":0,"2":0,"3":0,"4":0,"5":0,"6":0,"7":0,"8":0,"9":0,"10":0,"11":0,"12":0,"13":0,"14":0,"15":0,"16":0,"17":0,"18":0,"19":0,"20":0,"21":0,"22":0,"23":0,"24":0,"25":0,"26":0,"27":0,"28":0,"29":0,"30":0,"31":0,"32":0,"33":0,"34":0,"35":0,"36":0,"37":0,"38":0,"39":0,"40":0,"41":0,"42":0,"43":0,"44":0,"45":0,"46":0,"47":0,"48":0,"49":0,"50":0,"51":0,"52":0},"f":{"0":0,"1":0,"2":0,"3":0,"4":0,"5":0,"6":0,"7":0,"8":0,"9":0,"10":0,"11":0,"12":0,"13":0,"14":0,"15":0},"b":{"0":[0,0,0],"1":[0,0],"2":[0,0],"3":[0,0],"4":[0,0],"5":[0,0],"6":[0,0],"7":[0,0],"8":[0,0],"9":[0,0],"10":[0,0],"11":[0,0],"12":[0,0],"13":[0,0,0],"14":[0,0]},"hash":"b2da54d4f8fcb4c4363eb2f1dbe33995cf828ba9"}
,"/home/node/app/services/app/src/actions/index.ts": {"path":"/home/node/app/services/app/src/actions/index.ts","statementMap":{"0":{"start":{"line":34,"column":1},"end":{"line":34,"column":58}}},"fnMap":{"0":{"name":"createAction","decl":{"start":{"line":33,"column":16},"end":{"line":33,"column":28}},"loc":{"start":{"line":33,"column":72},"end":{"line":35,"column":1}},"line":33}},"branchMap":{"0":{"loc":{"start":{"line":34,"column":8},"end":{"line":34,"column":57}},"type":"cond-expr","locations":[{"start":{"line":34,"column":29},"end":{"line":34,"column":37}},{"start":{"line":34,"column":40},"end":{"line":34,"column":57}}],"line":34}},"s":{"0":1},"f":{"0":1},"b":{"0":[0,1]},"_coverageSchema":"43e27e138ebf9cfc5966b082cf9a028302ed4184","hash":"3517482c54d1d2b5a5dcf37f15e27ecf647df0f5"}
,"/home/node/app/services/app/src/actions/medias.ts": {"path":"/home/node/app/services/app/src/actions/medias.ts","statementMap":{"0":{"start":{"line":11,"column":32},"end":{"line":18,"column":2}},"1":{"start":{"line":11,"column":63},"end":{"line":18,"column":2}},"2":{"start":{"line":12,"column":1},"end":{"line":18,"column":2}},"3":{"start":{"line":15,"column":16},"end":{"line":15,"column":43}},"4":{"start":{"line":22,"column":28},"end":{"line":40,"column":1}},"5":{"start":{"line":22,"column":66},"end":{"line":40,"column":1}},"6":{"start":{"line":26,"column":1},"end":{"line":39,"column":2}},"7":{"start":{"line":29,"column":6},"end":{"line":29,"column":16}},"8":{"start":{"line":30,"column":24},"end":{"line":30,"column":64}},"9":{"start":{"line":31,"column":16},"end":{"line":31,"column":57}},"10":{"start":{"line":32,"column":2},"end":{"line":34,"column":3}},"11":{"start":{"line":33,"column":3},"end":{"line":33,"column":63}},"12":{"start":{"line":35,"column":2},"end":{"line":35,"column":59}},"13":{"start":{"line":36,"column":2},"end":{"line":36,"column":59}},"14":{"start":{"line":38,"column":2},"end":{"line":38,"column":51}}},"fnMap":{"0":{"name":"(anonymous_0)","decl":{"start":{"line":11,"column":32},"end":{"line":11,"column":33}},"loc":{"start":{"line":11,"column":63},"end":{"line":18,"column":2}},"line":11},"1":{"name":"(anonymous_1)","decl":{"start":{"line":11,"column":63},"end":{"line":11,"column":64}},"loc":{"start":{"line":12,"column":1},"end":{"line":18,"column":2}},"line":12},"2":{"name":"(anonymous_2)","decl":{"start":{"line":15,"column":10},"end":{"line":15,"column":11}},"loc":{"start":{"line":15,"column":16},"end":{"line":15,"column":43}},"line":15},"3":{"name":"(anonymous_3)","decl":{"start":{"line":22,"column":28},"end":{"line":22,"column":29}},"loc":{"start":{"line":22,"column":66},"end":{"line":40,"column":1}},"line":22},"4":{"name":"(anonymous_4)","decl":{"start":{"line":22,"column":66},"end":{"line":22,"column":67}},"loc":{"start":{"line":25,"column":5},"end":{"line":40,"column":1}},"line":25}},"branchMap":{"0":{"loc":{"start":{"line":32,"column":2},"end":{"line":34,"column":3}},"type":"if","locations":[{"start":{"line":32,"column":2},"end":{"line":34,"column":3}},{"start":{"line":32,"column":2},"end":{"line":34,"column":3}}],"line":32}},"s":{"0":0,"1":0,"2":0,"3":0,"4":0,"5":0,"6":0,"7":0,"8":0,"9":0,"10":0,"11":0,"12":0,"13":0,"14":0},"f":{"0":0,"1":0,"2":0,"3":0,"4":0},"b":{"0":[0,0]},"hash":"81baf025464bbff41c6276abe647f5868cd6bfd0"}
,"/home/node/app/services/app/src/actions/messages.ts": {"path":"/home/node/app/services/app/src/actions/messages.ts","statementMap":{"0":{"start":{"line":7,"column":35},"end":{"line":7,"column":36}},"1":{"start":{"line":17,"column":30},"end":{"line":41,"column":1}},"2":{"start":{"line":26,"column":18},"end":{"line":41,"column":1}},"3":{"start":{"line":27,"column":12},"end":{"line":27,"column":34}},"4":{"start":{"line":28,"column":1},"end":{"line":37,"column":3}},"5":{"start":{"line":38,"column":1},"end":{"line":40,"column":2}},"6":{"start":{"line":39,"column":2},"end":{"line":39,"column":58}},"7":{"start":{"line":39,"column":19},"end":{"line":39,"column":46}},"8":{"start":{"line":45,"column":28},"end":{"line":45,"column":79}},"9":{"start":{"line":45,"column":46},"end":{"line":45,"column":79}},"10":{"start":{"line":47,"column":27},"end":{"line":47,"column":77}},"11":{"start":{"line":47,"column":45},"end":{"line":47,"column":77}},"12":{"start":{"line":49,"column":30},"end":{"line":50,"column":36}},"13":{"start":{"line":50,"column":1},"end":{"line":50,"column":36}}},"fnMap":{"0":{"name":"(anonymous_0)","decl":{"start":{"line":17,"column":30},"end":{"line":17,"column":31}},"loc":{"start":{"line":26,"column":18},"end":{"line":41,"column":1}},"line":26},"1":{"name":"(anonymous_1)","decl":{"start":{"line":26,"column":18},"end":{"line":26,"column":19}},"loc":{"start":{"line":26,"column":37},"end":{"line":41,"column":1}},"line":26},"2":{"name":"(anonymous_2)","decl":{"start":{"line":39,"column":13},"end":{"line":39,"column":14}},"loc":{"start":{"line":39,"column":19},"end":{"line":39,"column":46}},"line":39},"3":{"name":"(anonymous_3)","decl":{"start":{"line":45,"column":28},"end":{"line":45,"column":29}},"loc":{"start":{"line":45,"column":46},"end":{"line":45,"column":79}},"line":45},"4":{"name":"(anonymous_4)","decl":{"start":{"line":47,"column":27},"end":{"line":47,"column":28}},"loc":{"start":{"line":47,"column":45},"end":{"line":47,"column":77}},"line":47},"5":{"name":"(anonymous_5)","decl":{"start":{"line":49,"column":30},"end":{"line":49,"column":31}},"loc":{"start":{"line":50,"column":1},"end":{"line":50,"column":36}},"line":50}},"branchMap":{"0":{"loc":{"start":{"line":20,"column":2},"end":{"line":20,"column":18}},"type":"default-arg","locations":[{"start":{"line":20,"column":14},"end":{"line":20,"column":18}}],"line":20},"1":{"loc":{"start":{"line":21,"column":2},"end":{"line":21,"column":17}},"type":"default-arg","locations":[{"start":{"line":21,"column":13},"end":{"line":21,"column":17}}],"line":21},"2":{"loc":{"start":{"line":24,"column":2},"end":{"line":24,"column":12}},"type":"default-arg","locations":[{"start":{"line":24,"column":11},"end":{"line":24,"column":12}}],"line":24},"3":{"loc":{"start":{"line":38,"column":1},"end":{"line":40,"column":2}},"type":"if","locations":[{"start":{"line":38,"column":1},"end":{"line":40,"column":2}},{"start":{"line":38,"column":1},"end":{"line":40,"column":2}}],"line":38}},"s":{"0":0,"1":0,"2":0,"3":0,"4":0,"5":0,"6":0,"7":0,"8":0,"9":0,"10":0,"11":0,"12":0,"13":0},"f":{"0":0,"1":0,"2":0,"3":0,"4":0,"5":0},"b":{"0":[0],"1":[0],"2":[0],"3":[0,0]},"hash":"401fca91ec458c2d83479e99f70b6c3fefaa2fd5"}
,"/home/node/app/services/app/src/actions/modals.ts": {"path":"/home/node/app/services/app/src/actions/modals.ts","statementMap":{"0":{"start":{"line":5,"column":28},"end":{"line":18,"column":1}},"1":{"start":{"line":9,"column":18},"end":{"line":18,"column":1}},"2":{"start":{"line":11,"column":1},"end":{"line":14,"column":2}},"3":{"start":{"line":12,"column":2},"end":{"line":12,"column":16}},"4":{"start":{"line":13,"column":2},"end":{"line":13,"column":9}},"5":{"start":{"line":15,"column":1},"end":{"line":17,"column":2}},"6":{"start":{"line":16,"column":2},"end":{"line":16,"column":15}}},"fnMap":{"0":{"name":"(anonymous_0)","decl":{"start":{"line":5,"column":28},"end":{"line":5,"column":29}},"loc":{"start":{"line":9,"column":18},"end":{"line":18,"column":1}},"line":9},"1":{"name":"(anonymous_1)","decl":{"start":{"line":9,"column":18},"end":{"line":9,"column":19}},"loc":{"start":{"line":9,"column":30},"end":{"line":18,"column":1}},"line":9}},"branchMap":{"0":{"loc":{"start":{"line":11,"column":1},"end":{"line":14,"column":2}},"type":"if","locations":[{"start":{"line":11,"column":1},"end":{"line":14,"column":2}},{"start":{"line":11,"column":1},"end":{"line":14,"column":2}}],"line":11},"1":{"loc":{"start":{"line":15,"column":1},"end":{"line":17,"column":2}},"type":"if","locations":[{"start":{"line":15,"column":1},"end":{"line":17,"column":2}},{"start":{"line":15,"column":1},"end":{"line":17,"column":2}}],"line":15}},"s":{"0":0,"1":0,"2":0,"3":0,"4":0,"5":0,"6":0},"f":{"0":0,"1":0},"b":{"0":[0,0],"1":[0,0]},"hash":"087eaa958860267517cd6dda0abf8f0012619032"}
,"/home/node/app/services/app/src/actions/player.ts": {"path":"/home/node/app/services/app/src/actions/player.ts","statementMap":{"0":{"start":{"line":8,"column":27},"end":{"line":30,"column":1}},"1":{"start":{"line":8,"column":46},"end":{"line":30,"column":1}},"2":{"start":{"line":11,"column":5},"end":{"line":11,"column":15}},"3":{"start":{"line":12,"column":1},"end":{"line":15,"column":2}},"4":{"start":{"line":13,"column":2},"end":{"line":13,"column":47}},"5":{"start":{"line":14,"column":2},"end":{"line":14,"column":9}},"6":{"start":{"line":16,"column":1},"end":{"line":19,"column":2}},"7":{"start":{"line":18,"column":2},"end":{"line":18,"column":9}},"8":{"start":{"line":20,"column":1},"end":{"line":29,"column":2}},"9":{"start":{"line":21,"column":2},"end":{"line":21,"column":40}},"10":{"start":{"line":22,"column":2},"end":{"line":25,"column":5}},"11":{"start":{"line":27,"column":2},"end":{"line":27,"column":51}},"12":{"start":{"line":28,"column":2},"end":{"line":28,"column":23}},"13":{"start":{"line":34,"column":26},"end":{"line":56,"column":1}},"14":{"start":{"line":34,"column":45},"end":{"line":56,"column":1}},"15":{"start":{"line":37,"column":5},"end":{"line":37,"column":15}},"16":{"start":{"line":38,"column":1},"end":{"line":41,"column":2}},"17":{"start":{"line":39,"column":2},"end":{"line":39,"column":47}},"18":{"start":{"line":40,"column":2},"end":{"line":40,"column":9}},"19":{"start":{"line":42,"column":1},"end":{"line":45,"column":2}},"20":{"start":{"line":44,"column":2},"end":{"line":44,"column":9}},"21":{"start":{"line":46,"column":1},"end":{"line":55,"column":2}},"22":{"start":{"line":47,"column":2},"end":{"line":47,"column":40}},"23":{"start":{"line":48,"column":2},"end":{"line":51,"column":5}},"24":{"start":{"line":53,"column":2},"end":{"line":53,"column":51}},"25":{"start":{"line":54,"column":2},"end":{"line":54,"column":23}}},"fnMap":{"0":{"name":"(anonymous_0)","decl":{"start":{"line":8,"column":27},"end":{"line":8,"column":28}},"loc":{"start":{"line":8,"column":46},"end":{"line":30,"column":1}},"line":8},"1":{"name":"(anonymous_1)","decl":{"start":{"line":8,"column":46},"end":{"line":8,"column":47}},"loc":{"start":{"line":8,"column":76},"end":{"line":30,"column":1}},"line":8},"2":{"name":"(anonymous_2)","decl":{"start":{"line":34,"column":26},"end":{"line":34,"column":27}},"loc":{"start":{"line":34,"column":45},"end":{"line":56,"column":1}},"line":34},"3":{"name":"(anonymous_3)","decl":{"start":{"line":34,"column":45},"end":{"line":34,"column":46}},"loc":{"start":{"line":34,"column":75},"end":{"line":56,"column":1}},"line":34}},"branchMap":{"0":{"loc":{"start":{"line":12,"column":1},"end":{"line":15,"column":2}},"type":"if","locations":[{"start":{"line":12,"column":1},"end":{"line":15,"column":2}},{"start":{"line":12,"column":1},"end":{"line":15,"column":2}}],"line":12},"1":{"loc":{"start":{"line":12,"column":5},"end":{"line":12,"column":38}},"type":"binary-expr","locations":[{"start":{"line":12,"column":5},"end":{"line":12,"column":10}},{"start":{"line":12,"column":14},"end":{"line":12,"column":29}},{"start":{"line":12,"column":33},"end":{"line":12,"column":38}}],"line":12},"2":{"loc":{"start":{"line":16,"column":1},"end":{"line":19,"column":2}},"type":"if","locations":[{"start":{"line":16,"column":1},"end":{"line":19,"column":2}},{"start":{"line":16,"column":1},"end":{"line":19,"column":2}}],"line":16},"3":{"loc":{"start":{"line":38,"column":1},"end":{"line":41,"column":2}},"type":"if","locations":[{"start":{"line":38,"column":1},"end":{"line":41,"column":2}},{"start":{"line":38,"column":1},"end":{"line":41,"column":2}}],"line":38},"4":{"loc":{"start":{"line":38,"column":5},"end":{"line":38,"column":38}},"type":"binary-expr","locations":[{"start":{"line":38,"column":5},"end":{"line":38,"column":10}},{"start":{"line":38,"column":14},"end":{"line":38,"column":29}},{"start":{"line":38,"column":33},"end":{"line":38,"column":38}}],"line":38},"5":{"loc":{"start":{"line":42,"column":1},"end":{"line":45,"column":2}},"type":"if","locations":[{"start":{"line":42,"column":1},"end":{"line":45,"column":2}},{"start":{"line":42,"column":1},"end":{"line":45,"column":2}}],"line":42}},"s":{"0":0,"1":0,"2":0,"3":0,"4":0,"5":0,"6":0,"7":0,"8":0,"9":0,"10":0,"11":0,"12":0,"13":0,"14":0,"15":0,"16":0,"17":0,"18":0,"19":0,"20":0,"21":0,"22":0,"23":0,"24":0,"25":0},"f":{"0":0,"1":0,"2":0,"3":0},"b":{"0":[0,0],"1":[0,0,0],"2":[0,0],"3":[0,0],"4":[0,0,0],"5":[0,0]},"hash":"1f9197e7235702d345135c11d84dcfcd295492f7"}
,"/home/node/app/services/app/src/actions/queue.ts": {"path":"/home/node/app/services/app/src/actions/queue.ts","statementMap":{"0":{"start":{"line":11,"column":26},"end":{"line":31,"column":1}},"1":{"start":{"line":11,"column":45},"end":{"line":31,"column":1}},"2":{"start":{"line":14,"column":5},"end":{"line":14,"column":15}},"3":{"start":{"line":15,"column":1},"end":{"line":18,"column":2}},"4":{"start":{"line":16,"column":2},"end":{"line":16,"column":47}},"5":{"start":{"line":17,"column":2},"end":{"line":17,"column":9}},"6":{"start":{"line":19,"column":1},"end":{"line":30,"column":2}},"7":{"start":{"line":20,"column":2},"end":{"line":20,"column":46}},"8":{"start":{"line":21,"column":2},"end":{"line":26,"column":5}},"9":{"start":{"line":28,"column":2},"end":{"line":28,"column":51}},"10":{"start":{"line":29,"column":2},"end":{"line":29,"column":23}},"11":{"start":{"line":35,"column":29},"end":{"line":62,"column":1}},"12":{"start":{"line":35,"column":72},"end":{"line":62,"column":1}},"13":{"start":{"line":41,"column":5},"end":{"line":41,"column":15}},"14":{"start":{"line":42,"column":1},"end":{"line":45,"column":2}},"15":{"start":{"line":43,"column":2},"end":{"line":43,"column":47}},"16":{"start":{"line":44,"column":2},"end":{"line":44,"column":9}},"17":{"start":{"line":46,"column":1},"end":{"line":49,"column":2}},"18":{"start":{"line":48,"column":2},"end":{"line":48,"column":9}},"19":{"start":{"line":50,"column":1},"end":{"line":61,"column":2}},"20":{"start":{"line":51,"column":2},"end":{"line":53,"column":5}},"21":{"start":{"line":54,"column":2},"end":{"line":57,"column":5}},"22":{"start":{"line":59,"column":2},"end":{"line":59,"column":51}},"23":{"start":{"line":60,"column":2},"end":{"line":60,"column":23}},"24":{"start":{"line":67,"column":31},"end":{"line":134,"column":1}},"25":{"start":{"line":69,"column":18},"end":{"line":134,"column":1}},"26":{"start":{"line":73,"column":5},"end":{"line":73,"column":15}},"27":{"start":{"line":74,"column":1},"end":{"line":77,"column":2}},"28":{"start":{"line":75,"column":2},"end":{"line":75,"column":47}},"29":{"start":{"line":76,"column":2},"end":{"line":76,"column":9}},"30":{"start":{"line":82,"column":5},"end":{"line":82,"column":68}},"31":{"start":{"line":83,"column":1},"end":{"line":86,"column":2}},"32":{"start":{"line":85,"column":2},"end":{"line":85,"column":9}},"33":{"start":{"line":87,"column":27},"end":{"line":87,"column":46}},"34":{"start":{"line":88,"column":1},"end":{"line":133,"column":2}},"35":{"start":{"line":89,"column":2},"end":{"line":95,"column":5}},"36":{"start":{"line":96,"column":16},"end":{"line":96,"column":65}},"37":{"start":{"line":97,"column":2},"end":{"line":129,"column":3}},"38":{"start":{"line":98,"column":3},"end":{"line":98,"column":51}},"39":{"start":{"line":99,"column":3},"end":{"line":104,"column":6}},"40":{"start":{"line":105,"column":9},"end":{"line":129,"column":3}},"41":{"start":{"line":106,"column":3},"end":{"line":109,"column":6}},"42":{"start":{"line":110,"column":9},"end":{"line":129,"column":3}},"43":{"start":{"line":114,"column":3},"end":{"line":122,"column":6}},"44":{"start":{"line":124,"column":3},"end":{"line":128,"column":6}},"45":{"start":{"line":131,"column":2},"end":{"line":131,"column":51}},"46":{"start":{"line":132,"column":2},"end":{"line":132,"column":23}},"47":{"start":{"line":138,"column":32},"end":{"line":168,"column":1}},"48":{"start":{"line":138,"column":72},"end":{"line":168,"column":1}},"49":{"start":{"line":144,"column":5},"end":{"line":144,"column":15}},"50":{"start":{"line":145,"column":1},"end":{"line":148,"column":2}},"51":{"start":{"line":146,"column":2},"end":{"line":146,"column":47}},"52":{"start":{"line":147,"column":2},"end":{"line":147,"column":9}},"53":{"start":{"line":149,"column":23},"end":{"line":149,"column":42}},"54":{"start":{"line":150,"column":1},"end":{"line":153,"column":2}},"55":{"start":{"line":152,"column":2},"end":{"line":152,"column":9}},"56":{"start":{"line":154,"column":1},"end":{"line":167,"column":2}},"57":{"start":{"line":155,"column":2},"end":{"line":158,"column":5}},"58":{"start":{"line":159,"column":2},"end":{"line":163,"column":5}},"59":{"start":{"line":165,"column":2},"end":{"line":165,"column":51}},"60":{"start":{"line":166,"column":2},"end":{"line":166,"column":23}},"61":{"start":{"line":172,"column":35},"end":{"line":191,"column":1}},"62":{"start":{"line":172,"column":54},"end":{"line":191,"column":1}},"63":{"start":{"line":178,"column":5},"end":{"line":178,"column":15}},"64":{"start":{"line":179,"column":1},"end":{"line":182,"column":2}},"65":{"start":{"line":181,"column":2},"end":{"line":181,"column":9}},"66":{"start":{"line":183,"column":1},"end":{"line":183,"column":45}},"67":{"start":{"line":184,"column":1},"end":{"line":190,"column":3}},"68":{"start":{"line":195,"column":31},"end":{"line":213,"column":1}},"69":{"start":{"line":195,"column":50},"end":{"line":213,"column":1}},"70":{"start":{"line":201,"column":5},"end":{"line":201,"column":15}},"71":{"start":{"line":202,"column":1},"end":{"line":205,"column":2}},"72":{"start":{"line":204,"column":2},"end":{"line":204,"column":9}},"73":{"start":{"line":206,"column":1},"end":{"line":212,"column":2}},"74":{"start":{"line":207,"column":2},"end":{"line":207,"column":53}},"75":{"start":{"line":208,"column":2},"end":{"line":208,"column":71}},"76":{"start":{"line":210,"column":2},"end":{"line":210,"column":45}},"77":{"start":{"line":211,"column":2},"end":{"line":211,"column":72}}},"fnMap":{"0":{"name":"(anonymous_0)","decl":{"start":{"line":11,"column":26},"end":{"line":11,"column":27}},"loc":{"start":{"line":11,"column":45},"end":{"line":31,"column":1}},"line":11},"1":{"name":"(anonymous_1)","decl":{"start":{"line":11,"column":45},"end":{"line":11,"column":46}},"loc":{"start":{"line":11,"column":75},"end":{"line":31,"column":1}},"line":11},"2":{"name":"(anonymous_2)","decl":{"start":{"line":35,"column":29},"end":{"line":35,"column":30}},"loc":{"start":{"line":35,"column":72},"end":{"line":62,"column":1}},"line":35},"3":{"name":"(anonymous_3)","decl":{"start":{"line":35,"column":72},"end":{"line":35,"column":73}},"loc":{"start":{"line":38,"column":5},"end":{"line":62,"column":1}},"line":38},"4":{"name":"(anonymous_4)","decl":{"start":{"line":67,"column":31},"end":{"line":67,"column":32}},"loc":{"start":{"line":69,"column":18},"end":{"line":134,"column":1}},"line":69},"5":{"name":"(anonymous_5)","decl":{"start":{"line":69,"column":18},"end":{"line":69,"column":19}},"loc":{"start":{"line":69,"column":48},"end":{"line":134,"column":1}},"line":69},"6":{"name":"(anonymous_6)","decl":{"start":{"line":138,"column":32},"end":{"line":138,"column":33}},"loc":{"start":{"line":138,"column":72},"end":{"line":168,"column":1}},"line":138},"7":{"name":"(anonymous_7)","decl":{"start":{"line":138,"column":72},"end":{"line":138,"column":73}},"loc":{"start":{"line":141,"column":5},"end":{"line":168,"column":1}},"line":141},"8":{"name":"(anonymous_8)","decl":{"start":{"line":172,"column":35},"end":{"line":172,"column":36}},"loc":{"start":{"line":172,"column":54},"end":{"line":191,"column":1}},"line":172},"9":{"name":"(anonymous_9)","decl":{"start":{"line":172,"column":54},"end":{"line":172,"column":55}},"loc":{"start":{"line":175,"column":5},"end":{"line":191,"column":1}},"line":175},"10":{"name":"(anonymous_10)","decl":{"start":{"line":195,"column":31},"end":{"line":195,"column":32}},"loc":{"start":{"line":195,"column":50},"end":{"line":213,"column":1}},"line":195},"11":{"name":"(anonymous_11)","decl":{"start":{"line":195,"column":50},"end":{"line":195,"column":51}},"loc":{"start":{"line":198,"column":5},"end":{"line":213,"column":1}},"line":198}},"branchMap":{"0":{"loc":{"start":{"line":15,"column":1},"end":{"line":18,"column":2}},"type":"if","locations":[{"start":{"line":15,"column":1},"end":{"line":18,"column":2}},{"start":{"line":15,"column":1},"end":{"line":18,"column":2}}],"line":15},"1":{"loc":{"start":{"line":15,"column":5},"end":{"line":15,"column":38}},"type":"binary-expr","locations":[{"start":{"line":15,"column":5},"end":{"line":15,"column":10}},{"start":{"line":15,"column":14},"end":{"line":15,"column":29}},{"start":{"line":15,"column":33},"end":{"line":15,"column":38}}],"line":15},"2":{"loc":{"start":{"line":42,"column":1},"end":{"line":45,"column":2}},"type":"if","locations":[{"start":{"line":42,"column":1},"end":{"line":45,"column":2}},{"start":{"line":42,"column":1},"end":{"line":45,"column":2}}],"line":42},"3":{"loc":{"start":{"line":42,"column":5},"end":{"line":42,"column":38}},"type":"binary-expr","locations":[{"start":{"line":42,"column":5},"end":{"line":42,"column":10}},{"start":{"line":42,"column":14},"end":{"line":42,"column":29}},{"start":{"line":42,"column":33},"end":{"line":42,"column":38}}],"line":42},"4":{"loc":{"start":{"line":46,"column":1},"end":{"line":49,"column":2}},"type":"if","locations":[{"start":{"line":46,"column":1},"end":{"line":49,"column":2}},{"start":{"line":46,"column":1},"end":{"line":49,"column":2}}],"line":46},"5":{"loc":{"start":{"line":74,"column":1},"end":{"line":77,"column":2}},"type":"if","locations":[{"start":{"line":74,"column":1},"end":{"line":77,"column":2}},{"start":{"line":74,"column":1},"end":{"line":77,"column":2}}],"line":74},"6":{"loc":{"start":{"line":74,"column":5},"end":{"line":74,"column":38}},"type":"binary-expr","locations":[{"start":{"line":74,"column":5},"end":{"line":74,"column":10}},{"start":{"line":74,"column":14},"end":{"line":74,"column":29}},{"start":{"line":74,"column":33},"end":{"line":74,"column":38}}],"line":74},"7":{"loc":{"start":{"line":83,"column":1},"end":{"line":86,"column":2}},"type":"if","locations":[{"start":{"line":83,"column":1},"end":{"line":86,"column":2}},{"start":{"line":83,"column":1},"end":{"line":86,"column":2}}],"line":83},"8":{"loc":{"start":{"line":97,"column":2},"end":{"line":129,"column":3}},"type":"if","locations":[{"start":{"line":97,"column":2},"end":{"line":129,"column":3}},{"start":{"line":97,"column":2},"end":{"line":129,"column":3}}],"line":97},"9":{"loc":{"start":{"line":105,"column":9},"end":{"line":129,"column":3}},"type":"if","locations":[{"start":{"line":105,"column":9},"end":{"line":129,"column":3}},{"start":{"line":105,"column":9},"end":{"line":129,"column":3}}],"line":105},"10":{"loc":{"start":{"line":110,"column":9},"end":{"line":129,"column":3}},"type":"if","locations":[{"start":{"line":110,"column":9},"end":{"line":129,"column":3}},{"start":{"line":110,"column":9},"end":{"line":129,"column":3}}],"line":110},"11":{"loc":{"start":{"line":111,"column":3},"end":{"line":112,"column":70}},"type":"binary-expr","locations":[{"start":{"line":111,"column":3},"end":{"line":111,"column":51}},{"start":{"line":112,"column":3},"end":{"line":112,"column":70}}],"line":111},"12":{"loc":{"start":{"line":118,"column":5},"end":{"line":121,"column":35}},"type":"cond-expr","locations":[{"start":{"line":120,"column":8},"end":{"line":120,"column":39}},{"start":{"line":121,"column":8},"end":{"line":121,"column":35}}],"line":118},"13":{"loc":{"start":{"line":145,"column":1},"end":{"line":148,"column":2}},"type":"if","locations":[{"start":{"line":145,"column":1},"end":{"line":148,"column":2}},{"start":{"line":145,"column":1},"end":{"line":148,"column":2}}],"line":145},"14":{"loc":{"start":{"line":145,"column":5},"end":{"line":145,"column":38}},"type":"binary-expr","locations":[{"start":{"line":145,"column":5},"end":{"line":145,"column":10}},{"start":{"line":145,"column":14},"end":{"line":145,"column":29}},{"start":{"line":145,"column":33},"end":{"line":145,"column":38}}],"line":145},"15":{"loc":{"start":{"line":150,"column":1},"end":{"line":153,"column":2}},"type":"if","locations":[{"start":{"line":150,"column":1},"end":{"line":153,"column":2}},{"start":{"line":150,"column":1},"end":{"line":153,"column":2}}],"line":150},"16":{"loc":{"start":{"line":179,"column":1},"end":{"line":182,"column":2}},"type":"if","locations":[{"start":{"line":179,"column":1},"end":{"line":182,"column":2}},{"start":{"line":179,"column":1},"end":{"line":182,"column":2}}],"line":179},"17":{"loc":{"start":{"line":179,"column":5},"end":{"line":179,"column":33}},"type":"binary-expr","locations":[{"start":{"line":179,"column":5},"end":{"line":179,"column":10}},{"start":{"line":179,"column":14},"end":{"line":179,"column":33}}],"line":179},"18":{"loc":{"start":{"line":186,"column":3},"end":{"line":188,"column":23}},"type":"cond-expr","locations":[{"start":{"line":187,"column":6},"end":{"line":187,"column":29}},{"start":{"line":188,"column":6},"end":{"line":188,"column":23}}],"line":186},"19":{"loc":{"start":{"line":202,"column":1},"end":{"line":205,"column":2}},"type":"if","locations":[{"start":{"line":202,"column":1},"end":{"line":205,"column":2}},{"start":{"line":202,"column":1},"end":{"line":205,"column":2}}],"line":202},"20":{"loc":{"start":{"line":202,"column":5},"end":{"line":202,"column":33}},"type":"binary-expr","locations":[{"start":{"line":202,"column":5},"end":{"line":202,"column":10}},{"start":{"line":202,"column":14},"end":{"line":202,"column":33}}],"line":202},"21":{"loc":{"start":{"line":206,"column":1},"end":{"line":212,"column":2}},"type":"if","locations":[{"start":{"line":206,"column":1},"end":{"line":212,"column":2}},{"start":{"line":206,"column":1},"end":{"line":212,"column":2}}],"line":206}},"s":{"0":0,"1":0,"2":0,"3":0,"4":0,"5":0,"6":0,"7":0,"8":0,"9":0,"10":0,"11":0,"12":0,"13":0,"14":0,"15":0,"16":0,"17":0,"18":0,"19":0,"20":0,"21":0,"22":0,"23":0,"24":0,"25":0,"26":0,"27":0,"28":0,"29":0,"30":0,"31":0,"32":0,"33":0,"34":0,"35":0,"36":0,"37":0,"38":0,"39":0,"40":0,"41":0,"42":0,"43":0,"44":0,"45":0,"46":0,"47":0,"48":0,"49":0,"50":0,"51":0,"52":0,"53":0,"54":0,"55":0,"56":0,"57":0,"58":0,"59":0,"60":0,"61":0,"62":0,"63":0,"64":0,"65":0,"66":0,"67":0,"68":0,"69":0,"70":0,"71":0,"72":0,"73":0,"74":0,"75":0,"76":0,"77":0},"f":{"0":0,"1":0,"2":0,"3":0,"4":0,"5":0,"6":0,"7":0,"8":0,"9":0,"10":0,"11":0},"b":{"0":[0,0],"1":[0,0,0],"2":[0,0],"3":[0,0,0],"4":[0,0],"5":[0,0],"6":[0,0,0],"7":[0,0],"8":[0,0],"9":[0,0],"10":[0,0],"11":[0,0],"12":[0,0],"13":[0,0],"14":[0,0,0],"15":[0,0],"16":[0,0],"17":[0,0],"18":[0,0],"19":[0,0],"20":[0,0],"21":[0,0]},"hash":"5d5d7aa7386f88793308fcfa51496a9324b6aeba"}
,"/home/node/app/services/app/src/actions/room.ts": {"path":"/home/node/app/services/app/src/actions/room.ts","statementMap":{"0":{"start":{"line":27,"column":4},"end":{"line":59,"column":1}},"1":{"start":{"line":63,"column":26},"end":{"line":92,"column":1}},"2":{"start":{"line":67,"column":18},"end":{"line":92,"column":1}},"3":{"start":{"line":72,"column":5},"end":{"line":72,"column":15}},"4":{"start":{"line":73,"column":1},"end":{"line":76,"column":2}},"5":{"start":{"line":74,"column":2},"end":{"line":74,"column":48}},"6":{"start":{"line":75,"column":2},"end":{"line":75,"column":9}},"7":{"start":{"line":77,"column":1},"end":{"line":91,"column":2}},"8":{"start":{"line":78,"column":13},"end":{"line":78,"column":17}},"9":{"start":{"line":79,"column":2},"end":{"line":79,"column":54}},"10":{"start":{"line":81,"column":2},"end":{"line":87,"column":5}},"11":{"start":{"line":88,"column":2},"end":{"line":88,"column":34}},"12":{"start":{"line":90,"column":2},"end":{"line":90,"column":51}},"13":{"start":{"line":96,"column":25},"end":{"line":124,"column":1}},"14":{"start":{"line":96,"column":70},"end":{"line":124,"column":1}},"15":{"start":{"line":102,"column":5},"end":{"line":102,"column":15}},"16":{"start":{"line":103,"column":1},"end":{"line":106,"column":2}},"17":{"start":{"line":105,"column":2},"end":{"line":105,"column":9}},"18":{"start":{"line":107,"column":1},"end":{"line":107,"column":22}},"19":{"start":{"line":108,"column":1},"end":{"line":123,"column":2}},"20":{"start":{"line":109,"column":2},"end":{"line":109,"column":54}},"21":{"start":{"line":110,"column":18},"end":{"line":110,"column":46}},"22":{"start":{"line":111,"column":2},"end":{"line":117,"column":4}},"23":{"start":{"line":118,"column":2},"end":{"line":118,"column":32}},"24":{"start":{"line":119,"column":2},"end":{"line":119,"column":27}},"25":{"start":{"line":120,"column":2},"end":{"line":120,"column":47}},"26":{"start":{"line":122,"column":2},"end":{"line":122,"column":51}},"27":{"start":{"line":126,"column":24},"end":{"line":138,"column":1}},"28":{"start":{"line":126,"column":43},"end":{"line":138,"column":1}},"29":{"start":{"line":129,"column":5},"end":{"line":129,"column":15}},"30":{"start":{"line":130,"column":1},"end":{"line":133,"column":2}},"31":{"start":{"line":132,"column":2},"end":{"line":132,"column":9}},"32":{"start":{"line":134,"column":1},"end":{"line":134,"column":36}},"33":{"start":{"line":135,"column":1},"end":{"line":135,"column":28}},"34":{"start":{"line":136,"column":1},"end":{"line":136,"column":30}},"35":{"start":{"line":137,"column":1},"end":{"line":137,"column":23}},"36":{"start":{"line":142,"column":24},"end":{"line":157,"column":1}},"37":{"start":{"line":142,"column":43},"end":{"line":157,"column":1}},"38":{"start":{"line":148,"column":5},"end":{"line":148,"column":15}},"39":{"start":{"line":149,"column":1},"end":{"line":152,"column":2}},"40":{"start":{"line":151,"column":2},"end":{"line":151,"column":9}},"41":{"start":{"line":153,"column":1},"end":{"line":153,"column":44}},"42":{"start":{"line":154,"column":1},"end":{"line":154,"column":20}},"43":{"start":{"line":156,"column":1},"end":{"line":156,"column":51}},"44":{"start":{"line":159,"column":26},"end":{"line":177,"column":1}},"45":{"start":{"line":159,"column":59},"end":{"line":177,"column":1}},"46":{"start":{"line":168,"column":5},"end":{"line":168,"column":15}},"47":{"start":{"line":169,"column":1},"end":{"line":172,"column":2}},"48":{"start":{"line":171,"column":2},"end":{"line":171,"column":9}},"49":{"start":{"line":173,"column":1},"end":{"line":173,"column":54}},"50":{"start":{"line":174,"column":1},"end":{"line":174,"column":24}},"51":{"start":{"line":176,"column":1},"end":{"line":176,"column":47}},"52":{"start":{"line":183,"column":24},"end":{"line":183,"column":28}},"53":{"start":{"line":185,"column":19},"end":{"line":235,"column":1}},"54":{"start":{"line":187,"column":18},"end":{"line":235,"column":1}},"55":{"start":{"line":188,"column":1},"end":{"line":188,"column":37}},"56":{"start":{"line":189,"column":1},"end":{"line":192,"column":2}},"57":{"start":{"line":191,"column":2},"end":{"line":191,"column":9}},"58":{"start":{"line":193,"column":1},"end":{"line":234,"column":3}},"59":{"start":{"line":198,"column":7},"end":{"line":198,"column":17}},"60":{"start":{"line":199,"column":19},"end":{"line":199,"column":52}},"61":{"start":{"line":200,"column":3},"end":{"line":200,"column":64}},"62":{"start":{"line":201,"column":3},"end":{"line":203,"column":4}},"63":{"start":{"line":202,"column":4},"end":{"line":202,"column":11}},"64":{"start":{"line":205,"column":31},"end":{"line":205,"column":33}},"65":{"start":{"line":206,"column":3},"end":{"line":213,"column":4}},"66":{"start":{"line":207,"column":4},"end":{"line":212,"column":29}},"67":{"start":{"line":210,"column":7},"end":{"line":210,"column":44}},"68":{"start":{"line":212,"column":19},"end":{"line":212,"column":27}},"69":{"start":{"line":214,"column":45},"end":{"line":214,"column":47}},"70":{"start":{"line":215,"column":3},"end":{"line":224,"column":4}},"71":{"start":{"line":216,"column":46},"end":{"line":219,"column":5}},"72":{"start":{"line":220,"column":4},"end":{"line":222,"column":5}},"73":{"start":{"line":221,"column":5},"end":{"line":221,"column":45}},"74":{"start":{"line":223,"column":4},"end":{"line":223,"column":57}},"75":{"start":{"line":225,"column":3},"end":{"line":232,"column":5}},"76":{"start":{"line":237,"column":21},"end":{"line":247,"column":1}},"77":{"start":{"line":239,"column":18},"end":{"line":247,"column":1}},"78":{"start":{"line":240,"column":1},"end":{"line":243,"column":2}},"79":{"start":{"line":242,"column":2},"end":{"line":242,"column":9}},"80":{"start":{"line":244,"column":1},"end":{"line":244,"column":37}},"81":{"start":{"line":245,"column":1},"end":{"line":245,"column":32}},"82":{"start":{"line":246,"column":1},"end":{"line":246,"column":21}},"83":{"start":{"line":253,"column":42},"end":{"line":253,"column":46}},"84":{"start":{"line":255,"column":21},"end":{"line":264,"column":1}},"85":{"start":{"line":255,"column":40},"end":{"line":264,"column":1}},"86":{"start":{"line":260,"column":1},"end":{"line":263,"column":2}},"87":{"start":{"line":261,"column":2},"end":{"line":261,"column":66}},"88":{"start":{"line":262,"column":2},"end":{"line":262,"column":50}},"89":{"start":{"line":266,"column":23},"end":{"line":277,"column":1}},"90":{"start":{"line":266,"column":42},"end":{"line":277,"column":1}},"91":{"start":{"line":271,"column":1},"end":{"line":275,"column":2}},"92":{"start":{"line":272,"column":2},"end":{"line":272,"column":68}},"93":{"start":{"line":273,"column":2},"end":{"line":273,"column":29}},"94":{"start":{"line":274,"column":2},"end":{"line":274,"column":22}},"95":{"start":{"line":276,"column":1},"end":{"line":276,"column":21}},"96":{"start":{"line":280,"column":23},"end":{"line":344,"column":1}},"97":{"start":{"line":286,"column":1},"end":{"line":343,"column":8}},"98":{"start":{"line":290,"column":6},"end":{"line":290,"column":16}},"99":{"start":{"line":292,"column":2},"end":{"line":338,"column":3}},"100":{"start":{"line":294,"column":26},"end":{"line":301,"column":4}},"101":{"start":{"line":303,"column":3},"end":{"line":337,"column":4}},"102":{"start":{"line":304,"column":23},"end":{"line":304,"column":45}},"103":{"start":{"line":306,"column":5},"end":{"line":306,"column":64}},"104":{"start":{"line":307,"column":4},"end":{"line":310,"column":7}},"105":{"start":{"line":312,"column":4},"end":{"line":334,"column":5}},"106":{"start":{"line":313,"column":21},"end":{"line":324,"column":7}},"107":{"start":{"line":325,"column":5},"end":{"line":325,"column":43}},"108":{"start":{"line":326,"column":5},"end":{"line":331,"column":7}},"109":{"start":{"line":333,"column":5},"end":{"line":333,"column":54}},"110":{"start":{"line":335,"column":10},"end":{"line":337,"column":4}},"111":{"start":{"line":336,"column":4},"end":{"line":336,"column":18}},"112":{"start":{"line":342,"column":2},"end":{"line":342,"column":49}}},"fnMap":{"0":{"name":"(anonymous_0)","decl":{"start":{"line":63,"column":26},"end":{"line":63,"column":27}},"loc":{"start":{"line":67,"column":18},"end":{"line":92,"column":1}},"line":67},"1":{"name":"(anonymous_1)","decl":{"start":{"line":67,"column":18},"end":{"line":67,"column":19}},"loc":{"start":{"line":67,"column":48},"end":{"line":92,"column":1}},"line":67},"2":{"name":"(anonymous_2)","decl":{"start":{"line":96,"column":25},"end":{"line":96,"column":26}},"loc":{"start":{"line":96,"column":70},"end":{"line":124,"column":1}},"line":96},"3":{"name":"(anonymous_3)","decl":{"start":{"line":96,"column":70},"end":{"line":96,"column":71}},"loc":{"start":{"line":99,"column":5},"end":{"line":124,"column":1}},"line":99},"4":{"name":"(anonymous_4)","decl":{"start":{"line":126,"column":24},"end":{"line":126,"column":25}},"loc":{"start":{"line":126,"column":43},"end":{"line":138,"column":1}},"line":126},"5":{"name":"(anonymous_5)","decl":{"start":{"line":126,"column":43},"end":{"line":126,"column":44}},"loc":{"start":{"line":126,"column":73},"end":{"line":138,"column":1}},"line":126},"6":{"name":"(anonymous_6)","decl":{"start":{"line":142,"column":24},"end":{"line":142,"column":25}},"loc":{"start":{"line":142,"column":43},"end":{"line":157,"column":1}},"line":142},"7":{"name":"(anonymous_7)","decl":{"start":{"line":142,"column":43},"end":{"line":142,"column":44}},"loc":{"start":{"line":142,"column":73},"end":{"line":157,"column":1}},"line":142},"8":{"name":"(anonymous_8)","decl":{"start":{"line":159,"column":26},"end":{"line":159,"column":27}},"loc":{"start":{"line":159,"column":59},"end":{"line":177,"column":1}},"line":159},"9":{"name":"(anonymous_9)","decl":{"start":{"line":159,"column":59},"end":{"line":159,"column":60}},"loc":{"start":{"line":162,"column":5},"end":{"line":177,"column":1}},"line":162},"10":{"name":"(anonymous_10)","decl":{"start":{"line":185,"column":19},"end":{"line":185,"column":20}},"loc":{"start":{"line":187,"column":18},"end":{"line":235,"column":1}},"line":187},"11":{"name":"(anonymous_11)","decl":{"start":{"line":187,"column":18},"end":{"line":187,"column":19}},"loc":{"start":{"line":187,"column":60},"end":{"line":235,"column":1}},"line":187},"12":{"name":"(anonymous_12)","decl":{"start":{"line":194,"column":2},"end":{"line":194,"column":3}},"loc":{"start":{"line":194,"column":54},"end":{"line":233,"column":3}},"line":194},"13":{"name":"(anonymous_13)","decl":{"start":{"line":209,"column":6},"end":{"line":209,"column":7}},"loc":{"start":{"line":210,"column":7},"end":{"line":210,"column":44}},"line":210},"14":{"name":"(anonymous_14)","decl":{"start":{"line":212,"column":10},"end":{"line":212,"column":11}},"loc":{"start":{"line":212,"column":19},"end":{"line":212,"column":27}},"line":212},"15":{"name":"(anonymous_15)","decl":{"start":{"line":237,"column":21},"end":{"line":237,"column":22}},"loc":{"start":{"line":239,"column":18},"end":{"line":247,"column":1}},"line":239},"16":{"name":"(anonymous_16)","decl":{"start":{"line":239,"column":18},"end":{"line":239,"column":19}},"loc":{"start":{"line":239,"column":30},"end":{"line":247,"column":1}},"line":239},"17":{"name":"(anonymous_17)","decl":{"start":{"line":255,"column":21},"end":{"line":255,"column":22}},"loc":{"start":{"line":255,"column":40},"end":{"line":264,"column":1}},"line":255},"18":{"name":"(anonymous_18)","decl":{"start":{"line":255,"column":40},"end":{"line":255,"column":41}},"loc":{"start":{"line":259,"column":5},"end":{"line":264,"column":1}},"line":259},"19":{"name":"(anonymous_19)","decl":{"start":{"line":266,"column":23},"end":{"line":266,"column":24}},"loc":{"start":{"line":266,"column":42},"end":{"line":277,"column":1}},"line":266},"20":{"name":"(anonymous_20)","decl":{"start":{"line":266,"column":42},"end":{"line":266,"column":43}},"loc":{"start":{"line":270,"column":5},"end":{"line":277,"column":1}},"line":270},"21":{"name":"(anonymous_21)","decl":{"start":{"line":280,"column":23},"end":{"line":280,"column":24}},"loc":{"start":{"line":285,"column":5},"end":{"line":344,"column":1}},"line":285},"22":{"name":"(anonymous_22)","decl":{"start":{"line":286,"column":27},"end":{"line":286,"column":28}},"loc":{"start":{"line":286,"column":39},"end":{"line":343,"column":2}},"line":286}},"branchMap":{"0":{"loc":{"start":{"line":73,"column":1},"end":{"line":76,"column":2}},"type":"if","locations":[{"start":{"line":73,"column":1},"end":{"line":76,"column":2}},{"start":{"line":73,"column":1},"end":{"line":76,"column":2}}],"line":73},"1":{"loc":{"start":{"line":103,"column":1},"end":{"line":106,"column":2}},"type":"if","locations":[{"start":{"line":103,"column":1},"end":{"line":106,"column":2}},{"start":{"line":103,"column":1},"end":{"line":106,"column":2}}],"line":103},"2":{"loc":{"start":{"line":103,"column":5},"end":{"line":103,"column":27}},"type":"binary-expr","locations":[{"start":{"line":103,"column":5},"end":{"line":103,"column":9}},{"start":{"line":103,"column":13},"end":{"line":103,"column":27}}],"line":103},"3":{"loc":{"start":{"line":130,"column":1},"end":{"line":133,"column":2}},"type":"if","locations":[{"start":{"line":130,"column":1},"end":{"line":133,"column":2}},{"start":{"line":130,"column":1},"end":{"line":133,"column":2}}],"line":130},"4":{"loc":{"start":{"line":149,"column":1},"end":{"line":152,"column":2}},"type":"if","locations":[{"start":{"line":149,"column":1},"end":{"line":152,"column":2}},{"start":{"line":149,"column":1},"end":{"line":152,"column":2}}],"line":149},"5":{"loc":{"start":{"line":149,"column":5},"end":{"line":149,"column":42}},"type":"binary-expr","locations":[{"start":{"line":149,"column":5},"end":{"line":149,"column":10}},{"start":{"line":149,"column":14},"end":{"line":149,"column":28}},{"start":{"line":149,"column":32},"end":{"line":149,"column":42}}],"line":149},"6":{"loc":{"start":{"line":169,"column":1},"end":{"line":172,"column":2}},"type":"if","locations":[{"start":{"line":169,"column":1},"end":{"line":172,"column":2}},{"start":{"line":169,"column":1},"end":{"line":172,"column":2}}],"line":169},"7":{"loc":{"start":{"line":169,"column":5},"end":{"line":169,"column":52}},"type":"binary-expr","locations":[{"start":{"line":169,"column":5},"end":{"line":169,"column":10}},{"start":{"line":169,"column":14},"end":{"line":169,"column":28}},{"start":{"line":169,"column":32},"end":{"line":169,"column":52}}],"line":169},"8":{"loc":{"start":{"line":189,"column":1},"end":{"line":192,"column":2}},"type":"if","locations":[{"start":{"line":189,"column":1},"end":{"line":192,"column":2}},{"start":{"line":189,"column":1},"end":{"line":192,"column":2}}],"line":189},"9":{"loc":{"start":{"line":201,"column":3},"end":{"line":203,"column":4}},"type":"if","locations":[{"start":{"line":201,"column":3},"end":{"line":203,"column":4}},{"start":{"line":201,"column":3},"end":{"line":203,"column":4}}],"line":201},"10":{"loc":{"start":{"line":206,"column":3},"end":{"line":213,"column":4}},"type":"if","locations":[{"start":{"line":206,"column":3},"end":{"line":213,"column":4}},{"start":{"line":206,"column":3},"end":{"line":213,"column":4}}],"line":206},"11":{"loc":{"start":{"line":215,"column":3},"end":{"line":224,"column":4}},"type":"if","locations":[{"start":{"line":215,"column":3},"end":{"line":224,"column":4}},{"start":{"line":215,"column":3},"end":{"line":224,"column":4}}],"line":215},"12":{"loc":{"start":{"line":220,"column":4},"end":{"line":222,"column":5}},"type":"if","locations":[{"start":{"line":220,"column":4},"end":{"line":222,"column":5}},{"start":{"line":220,"column":4},"end":{"line":222,"column":5}}],"line":220},"13":{"loc":{"start":{"line":240,"column":1},"end":{"line":243,"column":2}},"type":"if","locations":[{"start":{"line":240,"column":1},"end":{"line":243,"column":2}},{"start":{"line":240,"column":1},"end":{"line":243,"column":2}}],"line":240},"14":{"loc":{"start":{"line":260,"column":1},"end":{"line":263,"column":2}},"type":"if","locations":[{"start":{"line":260,"column":1},"end":{"line":263,"column":2}},{"start":{"line":260,"column":1},"end":{"line":263,"column":2}}],"line":260},"15":{"loc":{"start":{"line":271,"column":1},"end":{"line":275,"column":2}},"type":"if","locations":[{"start":{"line":271,"column":1},"end":{"line":275,"column":2}},{"start":{"line":271,"column":1},"end":{"line":275,"column":2}}],"line":271},"16":{"loc":{"start":{"line":292,"column":2},"end":{"line":338,"column":3}},"type":"if","locations":[{"start":{"line":292,"column":2},"end":{"line":338,"column":3}},{"start":{"line":292,"column":2},"end":{"line":338,"column":3}}],"line":292},"17":{"loc":{"start":{"line":303,"column":3},"end":{"line":337,"column":4}},"type":"if","locations":[{"start":{"line":303,"column":3},"end":{"line":337,"column":4}},{"start":{"line":303,"column":3},"end":{"line":337,"column":4}}],"line":303},"18":{"loc":{"start":{"line":335,"column":10},"end":{"line":337,"column":4}},"type":"if","locations":[{"start":{"line":335,"column":10},"end":{"line":337,"column":4}},{"start":{"line":335,"column":10},"end":{"line":337,"column":4}}],"line":335}},"s":{"0":0,"1":0,"2":0,"3":0,"4":0,"5":0,"6":0,"7":0,"8":0,"9":0,"10":0,"11":0,"12":0,"13":0,"14":0,"15":0,"16":0,"17":0,"18":0,"19":0,"20":0,"21":0,"22":0,"23":0,"24":0,"25":0,"26":0,"27":0,"28":0,"29":0,"30":0,"31":0,"32":0,"33":0,"34":0,"35":0,"36":0,"37":0,"38":0,"39":0,"40":0,"41":0,"42":0,"43":0,"44":0,"45":0,"46":0,"47":0,"48":0,"49":0,"50":0,"51":0,"52":0,"53":0,"54":0,"55":0,"56":0,"57":0,"58":0,"59":0,"60":0,"61":0,"62":0,"63":0,"64":0,"65":0,"66":0,"67":0,"68":0,"69":0,"70":0,"71":0,"72":0,"73":0,"74":0,"75":0,"76":0,"77":0,"78":0,"79":0,"80":0,"81":0,"82":0,"83":0,"84":0,"85":0,"86":0,"87":0,"88":0,"89":0,"90":0,"91":0,"92":0,"93":0,"94":0,"95":0,"96":0,"97":0,"98":0,"99":0,"100":0,"101":0,"102":0,"103":0,"104":0,"105":0,"106":0,"107":0,"108":0,"109":0,"110":0,"111":0,"112":0},"f":{"0":0,"1":0,"2":0,"3":0,"4":0,"5":0,"6":0,"7":0,"8":0,"9":0,"10":0,"11":0,"12":0,"13":0,"14":0,"15":0,"16":0,"17":0,"18":0,"19":0,"20":0,"21":0,"22":0},"b":{"0":[0,0],"1":[0,0],"2":[0,0],"3":[0,0],"4":[0,0],"5":[0,0,0],"6":[0,0],"7":[0,0,0],"8":[0,0],"9":[0,0],"10":[0,0],"11":[0,0],"12":[0,0],"13":[0,0],"14":[0,0],"15":[0,0],"16":[0,0],"17":[0,0],"18":[0,0]},"hash":"9ba1fe1b07f190686e197ed95ef76da358166f08"}
,"/home/node/app/services/app/src/actions/user.ts": {"path":"/home/node/app/services/app/src/actions/user.ts","statementMap":{"0":{"start":{"line":12,"column":26},"end":{"line":24,"column":1}},"1":{"start":{"line":15,"column":18},"end":{"line":24,"column":1}},"2":{"start":{"line":16,"column":1},"end":{"line":23,"column":2}},"3":{"start":{"line":17,"column":2},"end":{"line":17,"column":38}},"4":{"start":{"line":18,"column":13},"end":{"line":18,"column":17}},"5":{"start":{"line":19,"column":2},"end":{"line":19,"column":54}},"6":{"start":{"line":20,"column":2},"end":{"line":20,"column":36}},"7":{"start":{"line":22,"column":2},"end":{"line":22,"column":51}},"8":{"start":{"line":28,"column":23},"end":{"line":28,"column":27}},"9":{"start":{"line":30,"column":27},"end":{"line":63,"column":1}},"10":{"start":{"line":30,"column":72},"end":{"line":63,"column":1}},"11":{"start":{"line":36,"column":5},"end":{"line":36,"column":15}},"12":{"start":{"line":37,"column":1},"end":{"line":40,"column":2}},"13":{"start":{"line":39,"column":2},"end":{"line":39,"column":9}},"14":{"start":{"line":41,"column":1},"end":{"line":41,"column":28}},"15":{"start":{"line":42,"column":1},"end":{"line":62,"column":2}},"16":{"start":{"line":43,"column":2},"end":{"line":43,"column":56}},"17":{"start":{"line":44,"column":18},"end":{"line":44,"column":46}},"18":{"start":{"line":45,"column":2},"end":{"line":51,"column":4}},"19":{"start":{"line":52,"column":2},"end":{"line":58,"column":4}},"20":{"start":{"line":54,"column":20},"end":{"line":54,"column":53}},"21":{"start":{"line":55,"column":4},"end":{"line":55,"column":61}},"22":{"start":{"line":56,"column":4},"end":{"line":56,"column":56}},"23":{"start":{"line":60,"column":2},"end":{"line":60,"column":51}},"24":{"start":{"line":61,"column":2},"end":{"line":61,"column":52}},"25":{"start":{"line":65,"column":30},"end":{"line":82,"column":1}},"26":{"start":{"line":65,"column":49},"end":{"line":82,"column":1}},"27":{"start":{"line":71,"column":5},"end":{"line":71,"column":15}},"28":{"start":{"line":72,"column":1},"end":{"line":75,"column":2}},"29":{"start":{"line":74,"column":2},"end":{"line":74,"column":9}},"30":{"start":{"line":76,"column":1},"end":{"line":76,"column":42}},"31":{"start":{"line":77,"column":1},"end":{"line":80,"column":2}},"32":{"start":{"line":78,"column":2},"end":{"line":78,"column":32}},"33":{"start":{"line":79,"column":2},"end":{"line":79,"column":21}},"34":{"start":{"line":81,"column":1},"end":{"line":81,"column":23}},"35":{"start":{"line":84,"column":29},"end":{"line":96,"column":1}},"36":{"start":{"line":84,"column":48},"end":{"line":96,"column":1}},"37":{"start":{"line":89,"column":5},"end":{"line":89,"column":15}},"38":{"start":{"line":90,"column":1},"end":{"line":93,"column":2}},"39":{"start":{"line":92,"column":2},"end":{"line":92,"column":9}},"40":{"start":{"line":94,"column":1},"end":{"line":94,"column":57}},"41":{"start":{"line":95,"column":1},"end":{"line":95,"column":35}}},"fnMap":{"0":{"name":"(anonymous_0)","decl":{"start":{"line":12,"column":26},"end":{"line":12,"column":27}},"loc":{"start":{"line":15,"column":18},"end":{"line":24,"column":1}},"line":15},"1":{"name":"(anonymous_1)","decl":{"start":{"line":15,"column":18},"end":{"line":15,"column":19}},"loc":{"start":{"line":15,"column":36},"end":{"line":24,"column":1}},"line":15},"2":{"name":"(anonymous_2)","decl":{"start":{"line":30,"column":27},"end":{"line":30,"column":28}},"loc":{"start":{"line":30,"column":72},"end":{"line":63,"column":1}},"line":30},"3":{"name":"(anonymous_3)","decl":{"start":{"line":30,"column":72},"end":{"line":30,"column":73}},"loc":{"start":{"line":33,"column":5},"end":{"line":63,"column":1}},"line":33},"4":{"name":"(anonymous_4)","decl":{"start":{"line":53,"column":3},"end":{"line":53,"column":4}},"loc":{"start":{"line":53,"column":49},"end":{"line":57,"column":4}},"line":53},"5":{"name":"(anonymous_5)","decl":{"start":{"line":65,"column":30},"end":{"line":65,"column":31}},"loc":{"start":{"line":65,"column":49},"end":{"line":82,"column":1}},"line":65},"6":{"name":"(anonymous_6)","decl":{"start":{"line":65,"column":49},"end":{"line":65,"column":50}},"loc":{"start":{"line":65,"column":79},"end":{"line":82,"column":1}},"line":65},"7":{"name":"(anonymous_7)","decl":{"start":{"line":84,"column":29},"end":{"line":84,"column":30}},"loc":{"start":{"line":84,"column":48},"end":{"line":96,"column":1}},"line":84},"8":{"name":"(anonymous_8)","decl":{"start":{"line":84,"column":48},"end":{"line":84,"column":49}},"loc":{"start":{"line":84,"column":78},"end":{"line":96,"column":1}},"line":84}},"branchMap":{"0":{"loc":{"start":{"line":37,"column":1},"end":{"line":40,"column":2}},"type":"if","locations":[{"start":{"line":37,"column":1},"end":{"line":40,"column":2}},{"start":{"line":37,"column":1},"end":{"line":40,"column":2}}],"line":37},"1":{"loc":{"start":{"line":37,"column":5},"end":{"line":37,"column":27}},"type":"binary-expr","locations":[{"start":{"line":37,"column":5},"end":{"line":37,"column":9}},{"start":{"line":37,"column":13},"end":{"line":37,"column":27}}],"line":37},"2":{"loc":{"start":{"line":72,"column":1},"end":{"line":75,"column":2}},"type":"if","locations":[{"start":{"line":72,"column":1},"end":{"line":75,"column":2}},{"start":{"line":72,"column":1},"end":{"line":75,"column":2}}],"line":72},"3":{"loc":{"start":{"line":72,"column":5},"end":{"line":72,"column":28}},"type":"binary-expr","locations":[{"start":{"line":72,"column":5},"end":{"line":72,"column":8}},{"start":{"line":72,"column":12},"end":{"line":72,"column":19}},{"start":{"line":72,"column":23},"end":{"line":72,"column":28}}],"line":72},"4":{"loc":{"start":{"line":77,"column":1},"end":{"line":80,"column":2}},"type":"if","locations":[{"start":{"line":77,"column":1},"end":{"line":80,"column":2}},{"start":{"line":77,"column":1},"end":{"line":80,"column":2}}],"line":77},"5":{"loc":{"start":{"line":90,"column":1},"end":{"line":93,"column":2}},"type":"if","locations":[{"start":{"line":90,"column":1},"end":{"line":93,"column":2}},{"start":{"line":90,"column":1},"end":{"line":93,"column":2}}],"line":90},"6":{"loc":{"start":{"line":90,"column":5},"end":{"line":90,"column":19}},"type":"binary-expr","locations":[{"start":{"line":90,"column":5},"end":{"line":90,"column":8}},{"start":{"line":90,"column":12},"end":{"line":90,"column":19}}],"line":90}},"s":{"0":0,"1":0,"2":0,"3":0,"4":0,"5":0,"6":0,"7":0,"8":0,"9":0,"10":0,"11":0,"12":0,"13":0,"14":0,"15":0,"16":0,"17":0,"18":0,"19":0,"20":0,"21":0,"22":0,"23":0,"24":0,"25":0,"26":0,"27":0,"28":0,"29":0,"30":0,"31":0,"32":0,"33":0,"34":0,"35":0,"36":0,"37":0,"38":0,"39":0,"40":0,"41":0},"f":{"0":0,"1":0,"2":0,"3":0,"4":0,"5":0,"6":0,"7":0,"8":0},"b":{"0":[0,0],"1":[0,0],"2":[0,0],"3":[0,0,0],"4":[0,0],"5":[0,0],"6":[0,0]},"hash":"4a8df544cd3e9ada37745a114fa4ea79959e8848"}
,"/home/node/app/services/app/src/actions/games/seabattle.ts": {"path":"/home/node/app/services/app/src/actions/games/seabattle.ts","statementMap":{"0":{"start":{"line":20,"column":26},"end":{"line":54,"column":1}},"1":{"start":{"line":20,"column":45},"end":{"line":54,"column":1}},"2":{"start":{"line":26,"column":5},"end":{"line":26,"column":15}},"3":{"start":{"line":27,"column":1},"end":{"line":30,"column":2}},"4":{"start":{"line":28,"column":2},"end":{"line":28,"column":47}},"5":{"start":{"line":29,"column":2},"end":{"line":29,"column":9}},"6":{"start":{"line":31,"column":1},"end":{"line":34,"column":2}},"7":{"start":{"line":32,"column":2},"end":{"line":32,"column":48}},"8":{"start":{"line":33,"column":2},"end":{"line":33,"column":9}},"9":{"start":{"line":35,"column":1},"end":{"line":53,"column":2}},"10":{"start":{"line":36,"column":2},"end":{"line":36,"column":61}},"11":{"start":{"line":37,"column":17},"end":{"line":37,"column":50}},"12":{"start":{"line":38,"column":17},"end":{"line":38,"column":39}},"13":{"start":{"line":39,"column":2},"end":{"line":41,"column":3}},"14":{"start":{"line":40,"column":3},"end":{"line":40,"column":10}},"15":{"start":{"line":42,"column":2},"end":{"line":45,"column":3}},"16":{"start":{"line":43,"column":3},"end":{"line":43,"column":53}},"17":{"start":{"line":44,"column":3},"end":{"line":44,"column":10}},"18":{"start":{"line":46,"column":2},"end":{"line":46,"column":32}},"19":{"start":{"line":47,"column":2},"end":{"line":50,"column":5}},"20":{"start":{"line":52,"column":2},"end":{"line":52,"column":51}},"21":{"start":{"line":58,"column":24},"end":{"line":150,"column":1}},"22":{"start":{"line":64,"column":19},"end":{"line":150,"column":1}},"23":{"start":{"line":70,"column":5},"end":{"line":70,"column":15}},"24":{"start":{"line":71,"column":1},"end":{"line":74,"column":2}},"25":{"start":{"line":72,"column":2},"end":{"line":72,"column":47}},"26":{"start":{"line":73,"column":2},"end":{"line":73,"column":9}},"27":{"start":{"line":75,"column":1},"end":{"line":78,"column":2}},"28":{"start":{"line":76,"column":2},"end":{"line":76,"column":48}},"29":{"start":{"line":77,"column":2},"end":{"line":77,"column":9}},"30":{"start":{"line":79,"column":1},"end":{"line":149,"column":2}},"31":{"start":{"line":80,"column":17},"end":{"line":80,"column":50}},"32":{"start":{"line":82,"column":17},"end":{"line":82,"column":39}},"33":{"start":{"line":83,"column":2},"end":{"line":85,"column":3}},"34":{"start":{"line":84,"column":3},"end":{"line":84,"column":10}},"35":{"start":{"line":87,"column":20},"end":{"line":87,"column":26}},"36":{"start":{"line":88,"column":2},"end":{"line":90,"column":3}},"37":{"start":{"line":89,"column":3},"end":{"line":89,"column":10}},"38":{"start":{"line":92,"column":67},"end":{"line":94,"column":3}},"39":{"start":{"line":95,"column":20},"end":{"line":95,"column":38}},"40":{"start":{"line":96,"column":2},"end":{"line":101,"column":3}},"41":{"start":{"line":97,"column":3},"end":{"line":98,"column":63}},"42":{"start":{"line":99,"column":3},"end":{"line":100,"column":63}},"43":{"start":{"line":103,"column":21},"end":{"line":103,"column":33}},"44":{"start":{"line":104,"column":2},"end":{"line":115,"column":3}},"45":{"start":{"line":105,"column":3},"end":{"line":106,"column":58}},"46":{"start":{"line":107,"column":3},"end":{"line":110,"column":8}},"47":{"start":{"line":111,"column":3},"end":{"line":114,"column":8}},"48":{"start":{"line":117,"column":15},"end":{"line":117,"column":31}},"49":{"start":{"line":118,"column":2},"end":{"line":129,"column":3}},"50":{"start":{"line":119,"column":3},"end":{"line":126,"column":6}},"51":{"start":{"line":127,"column":3},"end":{"line":127,"column":70}},"52":{"start":{"line":128,"column":3},"end":{"line":128,"column":10}},"53":{"start":{"line":131,"column":2},"end":{"line":138,"column":5}},"54":{"start":{"line":140,"column":2},"end":{"line":140,"column":32}},"55":{"start":{"line":141,"column":2},"end":{"line":141,"column":30}},"56":{"start":{"line":143,"column":2},"end":{"line":146,"column":5}},"57":{"start":{"line":148,"column":2},"end":{"line":148,"column":51}}},"fnMap":{"0":{"name":"(anonymous_0)","decl":{"start":{"line":20,"column":26},"end":{"line":20,"column":27}},"loc":{"start":{"line":20,"column":45},"end":{"line":54,"column":1}},"line":20},"1":{"name":"(anonymous_1)","decl":{"start":{"line":20,"column":45},"end":{"line":20,"column":46}},"loc":{"start":{"line":20,"column":75},"end":{"line":54,"column":1}},"line":20},"2":{"name":"(anonymous_2)","decl":{"start":{"line":58,"column":24},"end":{"line":58,"column":25}},"loc":{"start":{"line":64,"column":19},"end":{"line":150,"column":1}},"line":64},"3":{"name":"(anonymous_3)","decl":{"start":{"line":64,"column":19},"end":{"line":64,"column":20}},"loc":{"start":{"line":64,"column":49},"end":{"line":150,"column":1}},"line":64}},"branchMap":{"0":{"loc":{"start":{"line":27,"column":1},"end":{"line":30,"column":2}},"type":"if","locations":[{"start":{"line":27,"column":1},"end":{"line":30,"column":2}},{"start":{"line":27,"column":1},"end":{"line":30,"column":2}}],"line":27},"1":{"loc":{"start":{"line":27,"column":5},"end":{"line":27,"column":38}},"type":"binary-expr","locations":[{"start":{"line":27,"column":5},"end":{"line":27,"column":10}},{"start":{"line":27,"column":14},"end":{"line":27,"column":29}},{"start":{"line":27,"column":33},"end":{"line":27,"column":38}}],"line":27},"2":{"loc":{"start":{"line":31,"column":1},"end":{"line":34,"column":2}},"type":"if","locations":[{"start":{"line":31,"column":1},"end":{"line":34,"column":2}},{"start":{"line":31,"column":1},"end":{"line":34,"column":2}}],"line":31},"3":{"loc":{"start":{"line":39,"column":2},"end":{"line":41,"column":3}},"type":"if","locations":[{"start":{"line":39,"column":2},"end":{"line":41,"column":3}},{"start":{"line":39,"column":2},"end":{"line":41,"column":3}}],"line":39},"4":{"loc":{"start":{"line":42,"column":2},"end":{"line":45,"column":3}},"type":"if","locations":[{"start":{"line":42,"column":2},"end":{"line":45,"column":3}},{"start":{"line":42,"column":2},"end":{"line":45,"column":3}}],"line":42},"5":{"loc":{"start":{"line":71,"column":1},"end":{"line":74,"column":2}},"type":"if","locations":[{"start":{"line":71,"column":1},"end":{"line":74,"column":2}},{"start":{"line":71,"column":1},"end":{"line":74,"column":2}}],"line":71},"6":{"loc":{"start":{"line":71,"column":5},"end":{"line":71,"column":38}},"type":"binary-expr","locations":[{"start":{"line":71,"column":5},"end":{"line":71,"column":10}},{"start":{"line":71,"column":14},"end":{"line":71,"column":29}},{"start":{"line":71,"column":33},"end":{"line":71,"column":38}}],"line":71},"7":{"loc":{"start":{"line":75,"column":1},"end":{"line":78,"column":2}},"type":"if","locations":[{"start":{"line":75,"column":1},"end":{"line":78,"column":2}},{"start":{"line":75,"column":1},"end":{"line":78,"column":2}}],"line":75},"8":{"loc":{"start":{"line":83,"column":2},"end":{"line":85,"column":3}},"type":"if","locations":[{"start":{"line":83,"column":2},"end":{"line":85,"column":3}},{"start":{"line":83,"column":2},"end":{"line":85,"column":3}}],"line":83},"9":{"loc":{"start":{"line":88,"column":2},"end":{"line":90,"column":3}},"type":"if","locations":[{"start":{"line":88,"column":2},"end":{"line":90,"column":3}},{"start":{"line":88,"column":2},"end":{"line":90,"column":3}}],"line":88},"10":{"loc":{"start":{"line":88,"column":6},"end":{"line":88,"column":55}},"type":"binary-expr","locations":[{"start":{"line":88,"column":6},"end":{"line":88,"column":19}},{"start":{"line":88,"column":23},"end":{"line":88,"column":55}}],"line":88},"11":{"loc":{"start":{"line":96,"column":2},"end":{"line":101,"column":3}},"type":"if","locations":[{"start":{"line":96,"column":2},"end":{"line":101,"column":3}},{"start":{"line":96,"column":2},"end":{"line":101,"column":3}}],"line":96},"12":{"loc":{"start":{"line":96,"column":6},"end":{"line":96,"column":65}},"type":"binary-expr","locations":[{"start":{"line":96,"column":6},"end":{"line":96,"column":33}},{"start":{"line":96,"column":37},"end":{"line":96,"column":65}}],"line":96},"13":{"loc":{"start":{"line":104,"column":2},"end":{"line":115,"column":3}},"type":"if","locations":[{"start":{"line":104,"column":2},"end":{"line":115,"column":3}},{"start":{"line":104,"column":2},"end":{"line":115,"column":3}}],"line":104},"14":{"loc":{"start":{"line":104,"column":6},"end":{"line":104,"column":63}},"type":"binary-expr","locations":[{"start":{"line":104,"column":6},"end":{"line":104,"column":32}},{"start":{"line":104,"column":36},"end":{"line":104,"column":63}}],"line":104},"15":{"loc":{"start":{"line":118,"column":2},"end":{"line":129,"column":3}},"type":"if","locations":[{"start":{"line":118,"column":2},"end":{"line":129,"column":3}},{"start":{"line":118,"column":2},"end":{"line":129,"column":3}}],"line":118}},"s":{"0":0,"1":0,"2":0,"3":0,"4":0,"5":0,"6":0,"7":0,"8":0,"9":0,"10":0,"11":0,"12":0,"13":0,"14":0,"15":0,"16":0,"17":0,"18":0,"19":0,"20":0,"21":0,"22":0,"23":0,"24":0,"25":0,"26":0,"27":0,"28":0,"29":0,"30":0,"31":0,"32":0,"33":0,"34":0,"35":0,"36":0,"37":0,"38":0,"39":0,"40":0,"41":0,"42":0,"43":0,"44":0,"45":0,"46":0,"47":0,"48":0,"49":0,"50":0,"51":0,"52":0,"53":0,"54":0,"55":0,"56":0,"57":0},"f":{"0":0,"1":0,"2":0,"3":0},"b":{"0":[0,0],"1":[0,0,0],"2":[0,0],"3":[0,0],"4":[0,0],"5":[0,0],"6":[0,0,0],"7":[0,0],"8":[0,0],"9":[0,0],"10":[0,0],"11":[0,0],"12":[0,0],"13":[0,0],"14":[0,0],"15":[0,0]},"hash":"52bbfebb6ece3783b0268f534c41d543aa22ee6f"}
,"/home/node/app/services/app/src/components/Common/CancelButton.tsx": {"path":"/home/node/app/services/app/src/components/Common/CancelButton.tsx","statementMap":{"0":{"start":{"line":8,"column":28},"end":{"line":18,"column":1}},"1":{"start":{"line":9,"column":15},"end":{"line":9,"column":31}},"2":{"start":{"line":10,"column":1},"end":{"line":17,"column":3}}},"fnMap":{"0":{"name":"(anonymous_0)","decl":{"start":{"line":8,"column":28},"end":{"line":8,"column":29}},"loc":{"start":{"line":8,"column":70},"end":{"line":18,"column":1}},"line":8}},"branchMap":{},"s":{"0":0,"1":0,"2":0},"f":{"0":0},"b":{},"hash":"07c2f9a9da4a43933fab70dfbde084f24c6d087b"}
,"/home/node/app/services/app/src/components/Common/Icon.tsx": {"path":"/home/node/app/services/app/src/components/Common/Icon.tsx","statementMap":{"0":{"start":{"line":9,"column":20},"end":{"line":30,"column":1}},"1":{"start":{"line":23,"column":2},"end":{"line":28,"column":4}}},"fnMap":{"0":{"name":"(anonymous_0)","decl":{"start":{"line":10,"column":1},"end":{"line":10,"column":2}},"loc":{"start":{"line":23,"column":2},"end":{"line":28,"column":4}},"line":23}},"branchMap":{"0":{"loc":{"start":{"line":14,"column":2},"end":{"line":14,"column":12}},"type":"default-arg","locations":[{"start":{"line":14,"column":9},"end":{"line":14,"column":12}}],"line":14}},"s":{"0":0,"1":0},"f":{"0":0},"b":{"0":[0]},"hash":"794216a03556a109a4ea956f74a3860b5ebd286e"}
,"/home/node/app/services/app/src/components/Common/IconButton.tsx": {"path":"/home/node/app/services/app/src/components/Common/IconButton.tsx","statementMap":{"0":{"start":{"line":11,"column":26},"end":{"line":51,"column":1}},"1":{"start":{"line":35,"column":2},"end":{"line":49,"column":11}}},"fnMap":{"0":{"name":"(anonymous_0)","decl":{"start":{"line":12,"column":1},"end":{"line":12,"column":2}},"loc":{"start":{"line":35,"column":2},"end":{"line":49,"column":11}},"line":35}},"branchMap":{"0":{"loc":{"start":{"line":15,"column":2},"end":{"line":15,"column":18}},"type":"default-arg","locations":[{"start":{"line":15,"column":13},"end":{"line":15,"column":18}}],"line":15},"1":{"loc":{"start":{"line":16,"column":2},"end":{"line":16,"column":22}},"type":"default-arg","locations":[{"start":{"line":16,"column":17},"end":{"line":16,"column":22}}],"line":16},"2":{"loc":{"start":{"line":18,"column":2},"end":{"line":18,"column":18}},"type":"default-arg","locations":[{"start":{"line":18,"column":9},"end":{"line":18,"column":18}}],"line":18},"3":{"loc":{"start":{"line":22,"column":2},"end":{"line":22,"column":17}},"type":"default-arg","locations":[{"start":{"line":22,"column":9},"end":{"line":22,"column":17}}],"line":22},"4":{"loc":{"start":{"line":39,"column":15},"end":{"line":39,"column":60}},"type":"binary-expr","locations":[{"start":{"line":39,"column":15},"end":{"line":39,"column":24}},{"start":{"line":39,"column":29},"end":{"line":39,"column":38}},{"start":{"line":39,"column":42},"end":{"line":39,"column":59}}],"line":39},"5":{"loc":{"start":{"line":41,"column":12},"end":{"line":41,"column":39}},"type":"cond-expr","locations":[{"start":{"line":41,"column":23},"end":{"line":41,"column":29}},{"start":{"line":41,"column":32},"end":{"line":41,"column":39}}],"line":41},"6":{"loc":{"start":{"line":44,"column":4},"end":{"line":48,"column":4}},"type":"binary-expr","locations":[{"start":{"line":44,"column":4},"end":{"line":44,"column":16}},{"start":{"line":45,"column":4},"end":{"line":47,"column":10}}],"line":44}},"s":{"0":0,"1":0},"f":{"0":0},"b":{"0":[0],"1":[0],"2":[0],"3":[0],"4":[0,0,0],"5":[0,0],"6":[0,0]},"hash":"01c34d97f93be6ae313dc31da14210d67cc68ba9"}
,"/home/node/app/services/app/src/components/Common/IconLink.tsx": {"path":"/home/node/app/services/app/src/components/Common/IconLink.tsx","statementMap":{"0":{"start":{"line":8,"column":24},"end":{"line":36,"column":1}},"1":{"start":{"line":26,"column":2},"end":{"line":34,"column":4}}},"fnMap":{"0":{"name":"(anonymous_0)","decl":{"start":{"line":9,"column":1},"end":{"line":9,"column":2}},"loc":{"start":{"line":25,"column":7},"end":{"line":35,"column":2}},"line":25}},"branchMap":{"0":{"loc":{"start":{"line":10,"column":2},"end":{"line":10,"column":15}},"type":"default-arg","locations":[{"start":{"line":10,"column":10},"end":{"line":10,"column":15}}],"line":10},"1":{"loc":{"start":{"line":30,"column":12},"end":{"line":30,"column":37}},"type":"cond-expr","locations":[{"start":{"line":30,"column":20},"end":{"line":30,"column":28}},{"start":{"line":30,"column":31},"end":{"line":30,"column":37}}],"line":30},"2":{"loc":{"start":{"line":31,"column":9},"end":{"line":31,"column":47}},"type":"cond-expr","locations":[{"start":{"line":31,"column":17},"end":{"line":31,"column":38}},{"start":{"line":31,"column":41},"end":{"line":31,"column":47}}],"line":31}},"s":{"0":0,"1":0},"f":{"0":0},"b":{"0":[0],"1":[0,0],"2":[0,0]},"hash":"f404cec8638131cd36ed5af0336a0e391d97ded5"}
,"/home/node/app/services/app/src/components/Common/LoadingIcon.tsx": {"path":"/home/node/app/services/app/src/components/Common/LoadingIcon.tsx","statementMap":{"0":{"start":{"line":6,"column":27},"end":{"line":15,"column":1}},"1":{"start":{"line":8,"column":2},"end":{"line":13,"column":4}}},"fnMap":{"0":{"name":"(anonymous_0)","decl":{"start":{"line":7,"column":1},"end":{"line":7,"column":2}},"loc":{"start":{"line":8,"column":2},"end":{"line":13,"column":4}},"line":8}},"branchMap":{},"s":{"0":0,"1":0},"f":{"0":0},"b":{},"hash":"985361be889111d885f32b836921978712b59af5"}
[...]
{"line":199,"column":15},"end":{"line":229,"column":2}},"20":{"start":{"line":207,"column":31},"end":{"line":207,"column":33}},"21":{"start":{"line":208,"column":30},"end":{"line":208,"column":32}},"22":{"start":{"line":209,"column":28},"end":{"line":209,"column":30}},"23":{"start":{"line":210,"column":2},"end":{"line":227,"column":4}},"24":{"start":{"line":212,"column":18},"end":{"line":212,"column":49}},"25":{"start":{"line":213,"column":4},"end":{"line":216,"column":5}},"26":{"start":{"line":214,"column":5},"end":{"line":214,"column":30}},"27":{"start":{"line":215,"column":5},"end":{"line":215,"column":12}},"28":{"start":{"line":217,"column":4},"end":{"line":220,"column":5}},"29":{"start":{"line":218,"column":5},"end":{"line":218,"column":25}},"30":{"start":{"line":219,"column":5},"end":{"line":219,"column":12}},"31":{"start":{"line":221,"column":4},"end":{"line":224,"column":6}},"32":{"start":{"line":225,"column":4},"end":{"line":225,"column":23}},"33":{"start":{"line":228,"column":2},"end":{"line":228,"column":49}},"34":{"start":{"line":231,"column":24},"end":{"line":254,"column":2}},"35":{"start":{"line":235,"column":14},"end":{"line":235,"column":18}},"36":{"start":{"line":236,"column":19},"end":{"line":236,"column":21}},"37":{"start":{"line":237,"column":21},"end":{"line":237,"column":29}},"38":{"start":{"line":238,"column":2},"end":{"line":252,"column":3}},"39":{"start":{"line":239,"column":3},"end":{"line":244,"column":4}},"40":{"start":{"line":240,"column":4},"end":{"line":242,"column":7}},"41":{"start":{"line":243,"column":4},"end":{"line":243,"column":34}},"42":{"start":{"line":245,"column":40},"end":{"line":248,"column":4}},"43":{"start":{"line":249,"column":3},"end":{"line":249,"column":29}},"44":{"start":{"line":250,"column":3},"end":{"line":250,"column":29}},"45":{"start":{"line":251,"column":3},"end":{"line":251,"column":17}},"46":{"start":{"line":253,"column":2},"end":{"line":253,"column":13}},"47":{"start":{"line":256,"column":22},"end":{"line":266,"column":2}},"48":{"start":{"line":260,"column":2},"end":{"line":262,"column":3}},"49":{"start":{"line":261,"column":3},"end":{"line":261,"column":13}},"50":{"start":{"line":263,"column":2},"end":{"line":265,"column":27}},"51":{"start":{"line":268,"column":25},"end":{"line":280,"column":2}},"52":{"start":{"line":272,"column":2},"end":{"line":274,"column":3}},"53":{"start":{"line":273,"column":3},"end":{"line":273,"column":13}},"54":{"start":{"line":275,"column":2},"end":{"line":279,"column":63}},"55":{"start":{"line":278,"column":23},"end":{"line":278,"column":38}},"56":{"start":{"line":279,"column":20},"end":{"line":279,"column":61}},"57":{"start":{"line":282,"column":22},"end":{"line":292,"column":2}},"58":{"start":{"line":286,"column":2},"end":{"line":288,"column":3}},"59":{"start":{"line":287,"column":3},"end":{"line":287,"column":13}},"60":{"start":{"line":289,"column":2},"end":{"line":291,"column":51}},"61":{"start":{"line":290,"column":20},"end":{"line":290,"column":51}},"62":{"start":{"line":291,"column":17},"end":{"line":291,"column":49}},"63":{"start":{"line":294,"column":20},"end":{"line":301,"column":2}},"64":{"start":{"line":295,"column":2},"end":{"line":297,"column":3}},"65":{"start":{"line":296,"column":3},"end":{"line":296,"column":13}},"66":{"start":{"line":298,"column":2},"end":{"line":298,"column":55}},"67":{"start":{"line":299,"column":17},"end":{"line":299,"column":67}},"68":{"start":{"line":300,"column":2},"end":{"line":300,"column":34}},"69":{"start":{"line":303,"column":23},"end":{"line":315,"column":2}},"70":{"start":{"line":304,"column":2},"end":{"line":306,"column":3}},"71":{"start":{"line":305,"column":3},"end":{"line":305,"column":13}},"72":{"start":{"line":307,"column":2},"end":{"line":307,"column":58}},"73":{"start":{"line":308,"column":20},"end":{"line":311,"column":3}},"74":{"start":{"line":312,"column":2},"end":{"line":314,"column":4}},"75":{"start":{"line":313,"column":3},"end":{"line":313,"column":47}},"76":{"start":{"line":317,"column":20},"end":{"line":324,"column":2}},"77":{"start":{"line":318,"column":2},"end":{"line":320,"column":3}},"78":{"start":{"line":319,"column":3},"end":{"line":319,"column":13}},"79":{"start":{"line":321,"column":2},"end":{"line":321,"column":55}},"80":{"start":{"line":322,"column":17},"end":{"line":322,"column":67}},"81":{"start":{"line":323,"column":2},"end":{"line":323,"column":63}},"82":{"start":{"line":323,"column":29},"end":{"line":323,"column":61}},"83":{"start":{"line":326,"column":1},"end":{"line":333,"column":3}},"84":{"start":{"line":338,"column":27},"end":{"line":338,"column":42}}},"fnMap":{"0":{"name":"(anonymous_0)","decl":{"start":{"line":85,"column":21},"end":{"line":85,"column":22}},"loc":{"start":{"line":85,"column":56},"end":{"line":106,"column":1}},"line":85},"1":{"name":"(anonymous_1)","decl":{"start":{"line":102,"column":13},"end":{"line":102,"column":14}},"loc":{"start":{"line":102,"column":22},"end":{"line":102,"column":53}},"line":102},"2":{"name":"(anonymous_2)","decl":{"start":{"line":103,"column":10},"end":{"line":103,"column":11}},"loc":{"start":{"line":103,"column":19},"end":{"line":103,"column":45}},"line":103},"3":{"name":"(anonymous_3)","decl":{"start":{"line":108,"column":24},"end":{"line":108,"column":25}},"loc":{"start":{"line":111,"column":16},"end":{"line":130,"column":1}},"line":111},"4":{"name":"(anonymous_4)","decl":{"start":{"line":121,"column":13},"end":{"line":121,"column":14}},"loc":{"start":{"line":121,"column":22},"end":{"line":121,"column":53}},"line":121},"5":{"name":"(anonymous_5)","decl":{"start":{"line":122,"column":10},"end":{"line":122,"column":11}},"loc":{"start":{"line":122,"column":19},"end":{"line":122,"column":51}},"line":122},"6":{"name":"(anonymous_6)","decl":{"start":{"line":132,"column":21},"end":{"line":132,"column":22}},"loc":{"start":{"line":135,"column":13},"end":{"line":157,"column":1}},"line":135},"7":{"name":"(anonymous_7)","decl":{"start":{"line":180,"column":22},"end":{"line":180,"column":23}},"loc":{"start":{"line":180,"column":39},"end":{"line":334,"column":1}},"line":180},"8":{"name":"(anonymous_8)","decl":{"start":{"line":181,"column":15},"end":{"line":181,"column":16}},"loc":{"start":{"line":181,"column":61},"end":{"line":185,"column":2}},"line":181},"9":{"name":"(anonymous_9)","decl":{"start":{"line":187,"column":17},"end":{"line":187,"column":18}},"loc":{"start":{"line":192,"column":2},"end":{"line":197,"column":3}},"line":192},"10":{"name":"(anonymous_10)","decl":{"start":{"line":199,"column":15},"end":{"line":199,"column":16}},"loc":{"start":{"line":206,"column":7},"end":{"line":229,"column":2}},"line":206},"11":{"name":"(anonymous_11)","decl":{"start":{"line":211,"column":11},"end":{"line":211,"column":12}},"loc":{"start":{"line":211,"column":23},"end":{"line":226,"column":4}},"line":211},"12":{"name":"(anonymous_12)","decl":{"start":{"line":231,"column":24},"end":{"line":231,"column":25}},"loc":{"start":{"line":234,"column":20},"end":{"line":254,"column":2}},"line":234},"13":{"name":"(anonymous_13)","decl":{"start":{"line":256,"column":22},"end":{"line":256,"column":23}},"loc":{"start":{"line":259,"column":24},"end":{"line":266,"column":2}},"line":259},"14":{"name":"(anonymous_14)","decl":{"start":{"line":268,"column":25},"end":{"line":268,"column":26}},"loc":{"start":{"line":271,"column":27},"end":{"line":280,"column":2}},"line":271},"15":{"name":"(anonymous_15)","decl":{"start":{"line":278,"column":11},"end":{"line":278,"column":12}},"loc":{"start":{"line":278,"column":23},"end":{"line":278,"column":38}},"line":278},"16":{"name":"(anonymous_16)","decl":{"start":{"line":279,"column":8},"end":{"line":279,"column":9}},"loc":{"start":{"line":279,"column":20},"end":{"line":279,"column":61}},"line":279},"17":{"name":"(anonymous_17)","decl":{"start":{"line":282,"column":22},"end":{"line":282,"column":23}},"loc":{"start":{"line":285,"column":24},"end":{"line":292,"column":2}},"line":285},"18":{"name":"(anonymous_18)","decl":{"start":{"line":290,"column":11},"end":{"line":290,"column":12}},"loc":{"start":{"line":290,"column":20},"end":{"line":290,"column":51}},"line":290},"19":{"name":"(anonymous_19)","decl":{"start":{"line":291,"column":8},"end":{"line":291,"column":9}},"loc":{"start":{"line":291,"column":17},"end":{"line":291,"column":49}},"line":291},"20":{"name":"(anonymous_20)","decl":{"start":{"line":294,"column":20},"end":{"line":294,"column":21}},"loc":{"start":{"line":294,"column":63},"end":{"line":301,"column":2}},"line":294},"21":{"name":"(anonymous_21)","decl":{"start":{"line":303,"column":23},"end":{"line":303,"column":24}},"loc":{"start":{"line":303,"column":69},"end":{"line":315,"column":2}},"line":303},"22":{"name":"(anonymous_22)","decl":{"start":{"line":312,"column":23},"end":{"line":312,"column":24}},"loc":{"start":{"line":313,"column":3},"end":{"line":313,"column":47}},"line":313},"23":{"name":"(anonymous_23)","decl":{"start":{"line":317,"column":20},"end":{"line":317,"column":21}},"loc":{"start":{"line":317,"column":63},"end":{"line":324,"column":2}},"line":317},"24":{"name":"(anonymous_24)","decl":{"start":{"line":323,"column":20},"end":{"line":323,"column":21}},"loc":{"start":{"line":323,"column":29},"end":{"line":323,"column":61}},"line":323}},"branchMap":{"0":{"loc":{"start":{"line":100,"column":2},"end":{"line":104,"column":7}},"type":"cond-expr","locations":[{"start":{"line":101,"column":5},"end":{"line":103,"column":46}},{"start":{"line":104,"column":5},"end":{"line":104,"column":7}}],"line":100},"1":{"loc":{"start":{"line":102,"column":22},"end":{"line":102,"column":53}},"type":"binary-expr","locations":[{"start":{"line":102,"column":22},"end":{"line":102,"column":36}},{"start":{"line":102,"column":40},"end":{"line":102,"column":53}}],"line":102},"2":{"loc":{"start":{"line":119,"column":2},"end":{"line":123,"column":7}},"type":"cond-expr","locations":[{"start":{"line":120,"column":5},"end":{"line":122,"column":52}},{"start":{"line":123,"column":5},"end":{"line":123,"column":7}}],"line":119},"3":{"loc":{"start":{"line":121,"column":22},"end":{"line":121,"column":53}},"type":"binary-expr","locations":[{"start":{"line":121,"column":22},"end":{"line":121,"column":36}},{"start":{"line":121,"column":40},"end":{"line":121,"column":53}}],"line":121},"4":{"loc":{"start":{"line":195,"column":4},"end":{"line":195,"column":61}},"type":"cond-expr","locations":[{"start":{"line":195,"column":31},"end":{"line":195,"column":56}},{"start":{"line":195,"column":59},"end":{"line":195,"column":61}}],"line":195},"5":{"loc":{"start":{"line":195,"column":4},"end":{"line":195,"column":28}},"type":"binary-expr","locations":[{"start":{"line":195,"column":4},"end":{"line":195,"column":11}},{"start":{"line":195,"column":15},"end":{"line":195,"column":28}}],"line":195},"6":{"loc":{"start":{"line":213,"column":4},"end":{"line":216,"column":5}},"type":"if","locations":[{"start":{"line":213,"column":4},"end":{"line":216,"column":5}},{"start":{"line":213,"column":4},"end":{"line":216,"column":5}}],"line":213},"7":{"loc":{"start":{"line":217,"column":4},"end":{"line":220,"column":5}},"type":"if","locations":[{"start":{"line":217,"column":4},"end":{"line":220,"column":5}},{"start":{"line":217,"column":4},"end":{"line":220,"column":5}}],"line":217},"8":{"loc":{"start":{"line":239,"column":3},"end":{"line":244,"column":4}},"type":"if","locations":[{"start":{"line":239,"column":3},"end":{"line":244,"column":4}},{"start":{"line":239,"column":3},"end":{"line":244,"column":4}}],"line":239},"9":{"loc":{"start":{"line":260,"column":2},"end":{"line":262,"column":3}},"type":"if","locations":[{"start":{"line":260,"column":2},"end":{"line":262,"column":3}},{"start":{"line":260,"column":2},"end":{"line":262,"column":3}}],"line":260},"10":{"loc":{"start":{"line":272,"column":2},"end":{"line":274,"column":3}},"type":"if","locations":[{"start":{"line":272,"column":2},"end":{"line":274,"column":3}},{"start":{"line":272,"column":2},"end":{"line":274,"column":3}}],"line":272},"11":{"loc":{"start":{"line":286,"column":2},"end":{"line":288,"column":3}},"type":"if","locations":[{"start":{"line":286,"column":2},"end":{"line":288,"column":3}},{"start":{"line":286,"column":2},"end":{"line":288,"column":3}}],"line":286},"12":{"loc":{"start":{"line":290,"column":20},"end":{"line":290,"column":51}},"type":"binary-expr","locations":[{"start":{"line":290,"column":20},"end":{"line":290,"column":34}},{"start":{"line":290,"column":38},"end":{"line":290,"column":51}}],"line":290},"13":{"loc":{"start":{"line":295,"column":2},"end":{"line":297,"column":3}},"type":"if","locations":[{"start":{"line":295,"column":2},"end":{"line":297,"column":3}},{"start":{"line":295,"column":2},"end":{"line":297,"column":3}}],"line":295},"14":{"loc":{"start":{"line":304,"column":2},"end":{"line":306,"column":3}},"type":"if","locations":[{"start":{"line":304,"column":2},"end":{"line":306,"column":3}},{"start":{"line":304,"column":2},"end":{"line":306,"column":3}}],"line":304},"15":{"loc":{"start":{"line":318,"column":2},"end":{"line":320,"column":3}},"type":"if","locations":[{"start":{"line":318,"column":2},"end":{"line":320,"column":3}},{"start":{"line":318,"column":2},"end":{"line":320,"column":3}}],"line":318}},"s":{"0":2,"1":2,"2":2,"3":2,"4":2,"5":2,"6":2,"7":2,"8":2,"9":2,"10":2,"11":2,"12":6,"13":2,"14":2,"15":7,"16":7,"17":2,"18":3,"19":2,"20":4,"21":4,"22":4,"23":4,"24":4,"25":4,"26":3,"27":3,"28":1,"29":0,"30":0,"31":1,"32":1,"33":4,"34":2,"35":4,"36":4,"37":4,"38":4,"39":4,"40":0,"41":0,"42":4,"43":4,"44":4,"45":4,"46":4,"47":2,"48":3,"49":2,"50":1,"51":2,"52":3,"53":2,"54":1,"55":1,"56":1,"57":2,"58":3,"59":2,"60":1,"61":1,"62":1,"63":2,"64":5,"65":3,"66":2,"67":2,"68":2,"69":2,"70":4,"71":3,"72":1,"73":1,"74":1,"75":1,"76":2,"77":4,"78":3,"79":1,"80":1,"81":1,"82":1,"83":2,"84":2},"f":{"0":2,"1":2,"2":2,"3":2,"4":2,"5":2,"6":6,"7":2,"8":7,"9":3,"10":4,"11":4,"12":4,"13":3,"14":3,"15":1,"16":1,"17":3,"18":1,"19":1,"20":5,"21":4,"22":1,"23":4,"24":1},"b":{"0":[2,0],"1":[2,2],"2":[2,0],"3":[2,2],"4":[3,0],"5":[3,3],"6":[3,1],"7":[0,1],"8":[0,4],"9":[2,1],"10":[2,1],"11":[2,1],"12":[1,1],"13":[3,2],"14":[3,1],"15":[3,1]},"_coverageSchema":"43e27e138ebf9cfc5966b082cf9a028302ed4184","hash":"5e9ab56ba11acb10624efe65bca7415188bd1b12"}
,"/home/node/app/services/app/src/utils/providers/index.ts": {"path":"/home/node/app/services/app/src/utils/providers/index.ts","statementMap":{"0":{"start":{"line":30,"column":26},"end":{"line":64,"column":1}},"1":{"start":{"line":33,"column":5},"end":{"line":41,"column":2}},"2":{"start":{"line":42,"column":1},"end":{"line":44,"column":2}},"3":{"start":{"line":43,"column":2},"end":{"line":43,"column":52}},"4":{"start":{"line":45,"column":16},"end":{"line":53,"column":2}},"5":{"start":{"line":54,"column":26},"end":{"line":54,"column":28}},"6":{"start":{"line":55,"column":1},"end":{"line":62,"column":2}},"7":{"start":{"line":56,"column":16},"end":{"line":58,"column":3}},"8":{"start":{"line":57,"column":12},"end":{"line":57,"column":34}},"9":{"start":{"line":59,"column":2},"end":{"line":61,"column":3}},"10":{"start":{"line":60,"column":3},"end":{"line":60,"column":23}},"11":{"start":{"line":63,"column":1},"end":{"line":63,"column":16}},"12":{"start":{"line":68,"column":29},"end":{"line":98,"column":1}},"13":{"start":{"line":75,"column":36},"end":{"line":88,"column":3}},"14":{"start":{"line":77,"column":20},"end":{"line":77,"column":71}},"15":{"start":{"line":81,"column":4},"end":{"line":87,"column":5}},"16":{"start":{"line":84,"column":6},"end":{"line":86,"column":31}},"17":{"start":{"line":89,"column":19},"end":{"line":89,"column":48}},"18":{"start":{"line":90,"column":37},"end":{"line":90,"column":39}},"19":{"start":{"line":91,"column":1},"end":{"line":96,"column":2}},"20":{"start":{"line":92,"column":2},"end":{"line":92,"column":33}},"21":{"start":{"line":93,"column":2},"end":{"line":95,"column":3}},"22":{"start":{"line":94,"column":3},"end":{"line":94,"column":44}},"23":{"start":{"line":97,"column":1},"end":{"line":97,"column":42}},"24":{"start":{"line":101,"column":28},"end":{"line":150,"column":1}},"25":{"start":{"line":106,"column":1},"end":{"line":121,"column":2}},"26":{"start":{"line":107,"column":35},"end":{"line":111,"column":4}},"27":{"start":{"line":112,"column":2},"end":{"line":120,"column":4}},"28":{"start":{"line":122,"column":32},"end":{"line":128,"column":2}},"29":{"start":{"line":129,"column":1},"end":{"line":148,"column":2}},"30":{"start":{"line":131,"column":3},"end":{"line":134,"column":5}},"31":{"start":{"line":135,"column":3},"end":{"line":135,"column":9}},"32":{"start":{"line":137,"column":3},"end":{"line":140,"column":5}},"33":{"start":{"line":141,"column":3},"end":{"line":141,"column":9}},"34":{"start":{"line":143,"column":3},"end":{"line":146,"column":5}},"35":{"start":{"line":147,"column":3},"end":{"line":147,"column":9}},"36":{"start":{"line":149,"column":1},"end":{"line":149,"column":16}}},"fnMap":{"0":{"name":"(anonymous_0)","decl":{"start":{"line":30,"column":26},"end":{"line":30,"column":27}},"loc":{"start":{"line":30,"column":79},"end":{"line":64,"column":1}},"line":30},"1":{"name":"(anonymous_1)","decl":{"start":{"line":57,"column":3},"end":{"line":57,"column":4}},"loc":{"start":{"line":57,"column":12},"end":{"line":57,"column":34}},"line":57},"2":{"name":"(anonymous_2)","decl":{"start":{"line":68,"column":29},"end":{"line":68,"column":30}},"loc":{"start":{"line":74,"column":6},"end":{"line":98,"column":1}},"line":74},"3":{"name":"(anonymous_3)","decl":{"start":{"line":77,"column":10},"end":{"line":77,"column":11}},"loc":{"start":{"line":77,"column":20},"end":{"line":77,"column":71}},"line":77},"4":{"name":"(anonymous_4)","decl":{"start":{"line":80,"column":3},"end":{"line":80,"column":4}},"loc":{"start":{"line":81,"column":4},"end":{"line":87,"column":5}},"line":81},"5":{"name":"(anonymous_5)","decl":{"start":{"line":83,"column":5},"end":{"line":83,"column":6}},"loc":{"start":{"line":84,"column":6},"end":{"line":86,"column":31}},"line":84},"6":{"name":"(anonymous_6)","decl":{"start":{"line":101,"column":28},"end":{"line":101,"column":29}},"loc":{"start":{"line":105,"column":29},"end":{"line":150,"column":1}},"line":105}},"branchMap":{"0":{"loc":{"start":{"line":59,"column":2},"end":{"line":61,"column":3}},"type":"if","locations":[{"start":{"line":59,"column":2},"end":{"line":61,"column":3}},{"start":{"line":59,"column":2},"end":{"line":61,"column":3}}],"line":59},"1":{"loc":{"start":{"line":84,"column":6},"end":{"line":86,"column":31}},"type":"binary-expr","locations":[{"start":{"line":84,"column":6},"end":{"line":84,"column":27}},{"start":{"line":85,"column":6},"end":{"line":85,"column":39}},{"start":{"line":86,"column":6},"end":{"line":86,"column":31}}],"line":84},"2":{"loc":{"start":{"line":93,"column":2},"end":{"line":95,"column":3}},"type":"if","locations":[{"start":{"line":93,"column":2},"end":{"line":95,"column":3}},{"start":{"line":93,"column":2},"end":{"line":95,"column":3}}],"line":93},"3":{"loc":{"start":{"line":106,"column":1},"end":{"line":121,"column":2}},"type":"if","locations":[{"start":{"line":106,"column":1},"end":{"line":121,"column":2}},{"start":{"line":106,"column":1},"end":{"line":121,"column":2}}],"line":106},"4":{"loc":{"start":{"line":129,"column":1},"end":{"line":148,"column":2}},"type":"switch","locations":[{"start":{"line":130,"column":2},"end":{"line":135,"column":9}},{"start":{"line":136,"column":2},"end":{"line":141,"column":9}},{"start":{"line":142,"column":2},"end":{"line":147,"column":9}}],"line":129}},"s":{"0":1,"1":2,"2":2,"3":0,"4":2,"5":2,"6":2,"7":0,"8":0,"9":0,"10":0,"11":2,"12":1,"13":1,"14":0,"15":0,"16":0,"17":1,"18":1,"19":1,"20":0,"21":0,"22":0,"23":1,"24":1,"25":1,"26":1,"27":1,"28":0,"29":0,"30":0,"31":0,"32":0,"33":0,"34":0,"35":0,"36":0},"f":{"0":2,"1":0,"2":1,"3":0,"4":0,"5":0,"6":1},"b":{"0":[0,0],"1":[0,0,0],"2":[0,0],"3":[1,0],"4":[0,0,0]},"_coverageSchema":"43e27e138ebf9cfc5966b082cf9a028302ed4184","hash":"737aca69a2e231a947bc8dfc973e2d08b82138f7"}
}
