{"/home/node/app/services/app/src/index.tsx": {"path":"/home/node/app/services/app/src/index.tsx","statementMap":{"0":{"start":{"line":17,"column":0},"end":{"line":17,"column":24}},"1":{"start":{"line":21,"column":13},"end":{"line":24,"column":1}},"2":{"start":{"line":22,"column":1},"end":{"line":22,"column":15}},"3":{"start":{"line":23,"column":1},"end":{"line":23,"column":20}},"4":{"start":{"line":28,"column":0},"end":{"line":37,"column":3}},"5":{"start":{"line":29,"column":1},"end":{"line":36,"column":3}}},"fnMap":{"0":{"name":"(anonymous_0)","decl":{"start":{"line":21,"column":13},"end":{"line":21,"column":14}},"loc":{"start":{"line":21,"column":25},"end":{"line":24,"column":1}},"line":21},"1":{"name":"(anonymous_1)","decl":{"start":{"line":28,"column":12},"end":{"line":28,"column":13}},"loc":{"start":{"line":28,"column":27},"end":{"line":37,"column":1}},"line":28}},"branchMap":{},"s":{"0":0,"1":0,"2":0,"3":0,"4":0,"5":0},"f":{"0":0,"1":0},"b":{},"hash":"54f5659a1db969bc45495269929cfe473799c90e"}
,"/home/node/app/services/app/src/serviceWorker.ts": {"path":"/home/node/app/services/app/src/serviceWorker.ts","statementMap":{"0":{"start":{"line":13,"column":20},"end":{"line":21,"column":1}},"1":{"start":{"line":24,"column":1},"end":{"line":58,"column":2}},"2":{"start":{"line":25,"column":2},"end":{"line":25,"column":58}},"3":{"start":{"line":27,"column":20},"end":{"line":27,"column":73}},"4":{"start":{"line":28,"column":2},"end":{"line":34,"column":3}},"5":{"start":{"line":29,"column":3},"end":{"line":29,"column":35}},"6":{"start":{"line":33,"column":3},"end":{"line":33,"column":10}},"7":{"start":{"line":36,"column":2},"end":{"line":57,"column":5}},"8":{"start":{"line":37,"column":17},"end":{"line":37,"column":62}},"9":{"start":{"line":38,"column":3},"end":{"line":38,"column":35}},"10":{"start":{"line":39,"column":3},"end":{"line":56,"column":4}},"11":{"start":{"line":40,"column":4},"end":{"line":40,"column":36}},"12":{"start":{"line":42,"column":4},"end":{"line":42,"column":43}},"13":{"start":{"line":46,"column":4},"end":{"line":51,"column":7}},"14":{"start":{"line":47,"column":5},"end":{"line":50,"column":7}},"15":{"start":{"line":53,"column":4},"end":{"line":53,"column":36}},"16":{"start":{"line":55,"column":4},"end":{"line":55,"column":35}},"17":{"start":{"line":62,"column":1},"end":{"line":62,"column":40}},"18":{"start":{"line":63,"column":1},"end":{"line":112,"column":5}},"19":{"start":{"line":66,"column":3},"end":{"line":66,"column":42}},"20":{"start":{"line":67,"column":3},"end":{"line":108,"column":5}},"21":{"start":{"line":68,"column":4},"end":{"line":68,"column":43}},"22":{"start":{"line":69,"column":29},"end":{"line":69,"column":52}},"23":{"start":{"line":70,"column":4},"end":{"line":72,"column":5}},"24":{"start":{"line":71,"column":5},"end":{"line":71,"column":12}},"25":{"start":{"line":73,"column":4},"end":{"line":73,"column":43}},"26":{"start":{"line":74,"column":4},"end":{"line":107,"column":6}},"27":{"start":{"line":75,"column":5},"end":{"line":78,"column":7}},"28":{"start":{"line":79,"column":5},"end":{"line":106,"column":6}},"29":{"start":{"line":80,"column":6},"end":{"line":105,"column":7}},"30":{"start":{"line":81,"column":7},"end":{"line":81,"column":46}},"31":{"start":{"line":85,"column":7},"end":{"line":88,"column":9}},"32":{"start":{"line":91,"column":7},"end":{"line":93,"column":8}},"33":{"start":{"line":92,"column":8},"end":{"line":92,"column":47}},"34":{"start":{"line":95,"column":7},"end":{"line":95,"column":46}},"35":{"start":{"line":99,"column":7},"end":{"line":99,"column":59}},"36":{"start":{"line":102,"column":7},"end":{"line":104,"column":8}},"37":{"start":{"line":103,"column":8},"end":{"line":103,"column":48}},"38":{"start":{"line":111,"column":3},"end":{"line":111,"column":69}},"39":{"start":{"line":116,"column":1},"end":{"line":116,"column":48}},"40":{"start":{"line":118,"column":1},"end":{"line":149,"column":5}},"41":{"start":{"line":123,"column":23},"end":{"line":123,"column":59}},"42":{"start":{"line":124,"column":3},"end":{"line":128,"column":5}},"43":{"start":{"line":129,"column":3},"end":{"line":143,"column":4}},"44":{"start":{"line":135,"column":4},"end":{"line":139,"column":7}},"45":{"start":{"line":136,"column":5},"end":{"line":138,"column":8}},"46":{"start":{"line":137,"column":6},"end":{"line":137,"column":31}},"47":{"start":{"line":142,"column":4},"end":{"line":142,"column":35}},"48":{"start":{"line":146,"column":3},"end":{"line":148,"column":5}},"49":{"start":{"line":153,"column":1},"end":{"line":161,"column":2}},"50":{"start":{"line":154,"column":2},"end":{"line":160,"column":6}},"51":{"start":{"line":156,"column":4},"end":{"line":156,"column":30}},"52":{"start":{"line":159,"column":4},"end":{"line":159,"column":33}}},"fnMap":{"0":{"name":"register","decl":{"start":{"line":23,"column":16},"end":{"line":23,"column":24}},"loc":{"start":{"line":23,"column":55},"end":{"line":59,"column":1}},"line":23},"1":{"name":"(anonymous_1)","decl":{"start":{"line":36,"column":34},"end":{"line":36,"column":35}},"loc":{"start":{"line":36,"column":40},"end":{"line":57,"column":3}},"line":36},"2":{"name":"(anonymous_2)","decl":{"start":{"line":46,"column":39},"end":{"line":46,"column":40}},"loc":{"start":{"line":46,"column":45},"end":{"line":51,"column":5}},"line":46},"3":{"name":"registerValidSW","decl":{"start":{"line":61,"column":9},"end":{"line":61,"column":24}},"loc":{"start":{"line":61,"column":70},"end":{"line":113,"column":1}},"line":61},"4":{"name":"(anonymous_4)","decl":{"start":{"line":65,"column":8},"end":{"line":65,"column":9}},"loc":{"start":{"line":65,"column":24},"end":{"line":109,"column":3}},"line":65},"5":{"name":"(anonymous_5)","decl":{"start":{"line":67,"column":32},"end":{"line":67,"column":33}},"loc":{"start":{"line":67,"column":38},"end":{"line":108,"column":4}},"line":67},"6":{"name":"(anonymous_6)","decl":{"start":{"line":74,"column":37},"end":{"line":74,"column":38}},"loc":{"start":{"line":74,"column":43},"end":{"line":107,"column":5}},"line":74},"7":{"name":"(anonymous_7)","decl":{"start":{"line":110,"column":9},"end":{"line":110,"column":10}},"loc":{"start":{"line":110,"column":18},"end":{"line":112,"column":3}},"line":110},"8":{"name":"checkValidServiceWorker","decl":{"start":{"line":115,"column":9},"end":{"line":115,"column":32}},"loc":{"start":{"line":115,"column":78},"end":{"line":150,"column":1}},"line":115},"9":{"name":"(anonymous_9)","decl":{"start":{"line":121,"column":8},"end":{"line":121,"column":9}},"loc":{"start":{"line":121,"column":20},"end":{"line":144,"column":3}},"line":121},"10":{"name":"(anonymous_10)","decl":{"start":{"line":135,"column":39},"end":{"line":135,"column":40}},"loc":{"start":{"line":135,"column":55},"end":{"line":139,"column":5}},"line":135},"11":{"name":"(anonymous_11)","decl":{"start":{"line":136,"column":36},"end":{"line":136,"column":37}},"loc":{"start":{"line":136,"column":42},"end":{"line":138,"column":6}},"line":136},"12":{"name":"(anonymous_12)","decl":{"start":{"line":145,"column":9},"end":{"line":145,"column":10}},"loc":{"start":{"line":145,"column":15},"end":{"line":149,"column":3}},"line":145},"13":{"name":"unregister","decl":{"start":{"line":152,"column":16},"end":{"line":152,"column":26}},"loc":{"start":{"line":152,"column":29},"end":{"line":162,"column":1}},"line":152},"14":{"name":"(anonymous_14)","decl":{"start":{"line":155,"column":9},"end":{"line":155,"column":10}},"loc":{"start":{"line":155,"column":25},"end":{"line":157,"column":4}},"line":155},"15":{"name":"(anonymous_15)","decl":{"start":{"line":158,"column":10},"end":{"line":158,"column":11}},"loc":{"start":{"line":158,"column":19},"end":{"line":160,"column":4}},"line":158}},"branchMap":{"0":{"loc":{"start":{"line":14,"column":1},"end":{"line":20,"column":3}},"type":"binary-expr","locations":[{"start":{"line":14,"column":1},"end":{"line":14,"column":41}},{"start":{"line":16,"column":2},"end":{"line":16,"column":38}},{"start":{"line":18,"column":2},"end":{"line":20,"column":3}}],"line":14},"1":{"loc":{"start":{"line":24,"column":1},"end":{"line":58,"column":2}},"type":"if","locations":[{"start":{"line":24,"column":1},"end":{"line":58,"column":2}},{"start":{"line":24,"column":1},"end":{"line":58,"column":2}}],"line":24},"2":{"loc":{"start":{"line":24,"column":5},"end":{"line":24,"column":74}},"type":"binary-expr","locations":[{"start":{"line":24,"column":5},"end":{"line":24,"column":42}},{"start":{"line":24,"column":46},"end":{"line":24,"column":74}}],"line":24},"3":{"loc":{"start":{"line":28,"column":2},"end":{"line":34,"column":3}},"type":"if","locations":[{"start":{"line":28,"column":2},"end":{"line":34,"column":3}},{"start":{"line":28,"column":2},"end":{"line":34,"column":3}}],"line":28},"4":{"loc":{"start":{"line":39,"column":3},"end":{"line":56,"column":4}},"type":"if","locations":[{"start":{"line":39,"column":3},"end":{"line":56,"column":4}},{"start":{"line":39,"column":3},"end":{"line":56,"column":4}}],"line":39},"5":{"loc":{"start":{"line":70,"column":4},"end":{"line":72,"column":5}},"type":"if","locations":[{"start":{"line":70,"column":4},"end":{"line":72,"column":5}},{"start":{"line":70,"column":4},"end":{"line":72,"column":5}}],"line":70},"6":{"loc":{"start":{"line":79,"column":5},"end":{"line":106,"column":6}},"type":"if","locations":[{"start":{"line":79,"column":5},"end":{"line":106,"column":6}},{"start":{"line":79,"column":5},"end":{"line":106,"column":6}}],"line":79},"7":{"loc":{"start":{"line":80,"column":6},"end":{"line":105,"column":7}},"type":"if","locations":[{"start":{"line":80,"column":6},"end":{"line":105,"column":7}},{"start":{"line":80,"column":6},"end":{"line":105,"column":7}}],"line":80},"8":{"loc":{"start":{"line":91,"column":7},"end":{"line":93,"column":8}},"type":"if","locations":[{"start":{"line":91,"column":7},"end":{"line":93,"column":8}},{"start":{"line":91,"column":7},"end":{"line":93,"column":8}}],"line":91},"9":{"loc":{"start":{"line":91,"column":11},"end":{"line":91,"column":45}},"type":"binary-expr","locations":[{"start":{"line":91,"column":11},"end":{"line":91,"column":17}},{"start":{"line":91,"column":21},"end":{"line":91,"column":45}}],"line":91},"10":{"loc":{"start":{"line":102,"column":7},"end":{"line":104,"column":8}},"type":"if","locations":[{"start":{"line":102,"column":7},"end":{"line":104,"column":8}},{"start":{"line":102,"column":7},"end":{"line":104,"column":8}}],"line":102},"11":{"loc":{"start":{"line":102,"column":11},"end":{"line":102,"column":46}},"type":"binary-expr","locations":[{"start":{"line":102,"column":11},"end":{"line":102,"column":17}},{"start":{"line":102,"column":21},"end":{"line":102,"column":46}}],"line":102},"12":{"loc":{"start":{"line":129,"column":3},"end":{"line":143,"column":4}},"type":"if","locations":[{"start":{"line":129,"column":3},"end":{"line":143,"column":4}},{"start":{"line":129,"column":3},"end":{"line":143,"column":4}}],"line":129},"13":{"loc":{"start":{"line":130,"column":4},"end":{"line":132,"column":46}},"type":"binary-expr","locations":[{"start":{"line":130,"column":4},"end":{"line":130,"column":27}},{"start":{"line":131,"column":5},"end":{"line":131,"column":24}},{"start":{"line":132,"column":5},"end":{"line":132,"column":45}}],"line":130},"14":{"loc":{"start":{"line":153,"column":1},"end":{"line":161,"column":2}},"type":"if","locations":[{"start":{"line":153,"column":1},"end":{"line":161,"column":2}},{"start":{"line":153,"column":1},"end":{"line":161,"column":2}}],"line":153}},"s":{"0":0,"1":0,"2":0,"3":0,"4":0,"5":0,"6":0,"7":0,"8":0,"9":0,"10":0,"11":0,"12":0,"13":0,"14":0,"15":0,"16":0,"17":0,"18":0,"19":0,"20":0,"21":0,"22":0,"23":0,"24":0,"25":0,"26":0,"27":0,"28":0,"29":0,"30":0,"31":0,"32":0,"33":0,"34":0,"35":0,"36":0,"37":0,"38":0,"39":0,"40":0,"41":0,"42":0,"43":0,"44":0,"45":0,"46":0,"47":0,"48":0,"49":0,"50":0,"51":0,"52":0},"f":{"0":0,"1":0,"2":0,"3":0,"4":0,"5":0,"6":0,"7":0,"8":0,"9":0,"10":0,"11":0,"12":0,"13":0,"14":0,"15":0},"b":{"0":[0,0,0],"1":[0,0],"2":[0,0],"3":[0,0],"4":[0,0],"5":[0,0],"6":[0,0],"7":[0,0],"8":[0,0],"9":[0,0],"10":[0,0],"11":[0,0],"12":[0,0],"13":[0,0,0],"14":[0,0]},"hash":"b2da54d4f8fcb4c4363eb2f1dbe33995cf828ba9"}
,"/home/node/app/services/app/src/actions/index.ts": {"path":"/home/node/app/services/app/src/actions/index.ts","statementMap":{"0":{"start":{"line":34,"column":1},"end":{"line":34,"column":58}}},"fnMap":{"0":{"name":"createAction","decl":{"start":{"line":33,"column":16},"end":{"line":33,"column":28}},"loc":{"start":{"line":33,"column":72},"end":{"line":35,"column":1}},"line":33}},"branchMap":{"0":{"loc":{"start":{"line":34,"column":8},"end":{"line":34,"column":57}},"type":"cond-expr","locations":[{"start":{"line":34,"column":29},"end":{"line":34,"column":37}},{"start":{"line":34,"column":40},"end":{"line":34,"column":57}}],"line":34}},"s":{"0":1},"f":{"0":1},"b":{"0":[0,1]},"_coverageSchema":"43e27e138ebf9cfc5966b082cf9a028302ed4184","hash":"3517482c54d1d2b5a5dcf37f15e27ecf647df0f5"}
,"/home/node/app/services/app/src/actions/medias.ts": {"path":"/home/node/app/services/app/src/actions/medias.ts","statementMap":{"0":{"start":{"line":11,"column":32},"end":{"line":17,"column":2}},"1":{"start":{"line":11,"column":63},"end":{"line":17,"column":2}},"2":{"start":{"line":12,"column":1},"end":{"line":17,"column":2}},"3":{"start":{"line":15,"column":16},"end":{"line":15,"column":43}},"4":{"start":{"line":21,"column":28},"end":{"line":39,"column":1}},"5":{"start":{"line":21,"column":66},"end":{"line":39,"column":1}},"6":{"start":{"line":25,"column":1},"end":{"line":38,"column":2}},"7":{"start":{"line":28,"column":6},"end":{"line":28,"column":16}},"8":{"start":{"line":29,"column":24},"end":{"line":29,"column":64}},"9":{"start":{"line":30,"column":16},"end":{"line":30,"column":57}},"10":{"start":{"line":31,"column":2},"end":{"line":33,"column":3}},"11":{"start":{"line":32,"column":3},"end":{"line":32,"column":63}},"12":{"start":{"line":34,"column":2},"end":{"line":34,"column":59}},"13":{"start":{"line":35,"column":2},"end":{"line":35,"column":59}},"14":{"start":{"line":37,"column":2},"end":{"line":37,"column":51}}},"fnMap":{"0":{"name":"(anonymous_0)","decl":{"start":{"line":11,"column":32},"end":{"line":11,"column":33}},"loc":{"start":{"line":11,"column":63},"end":{"line":17,"column":2}},"line":11},"1":{"name":"(anonymous_1)","decl":{"start":{"line":11,"column":63},"end":{"line":11,"column":64}},"loc":{"start":{"line":12,"column":1},"end":{"line":17,"column":2}},"line":12},"2":{"name":"(anonymous_2)","decl":{"start":{"line":15,"column":10},"end":{"line":15,"column":11}},"loc":{"start":{"line":15,"column":16},"end":{"line":15,"column":43}},"line":15},"3":{"name":"(anonymous_3)","decl":{"start":{"line":21,"column":28},"end":{"line":21,"column":29}},"loc":{"start":{"line":21,"column":66},"end":{"line":39,"column":1}},"line":21},"4":{"name":"(anonymous_4)","decl":{"start":{"line":21,"column":66},"end":{"line":21,"column":67}},"loc":{"start":{"line":24,"column":5},"end":{"line":39,"column":1}},"line":24}},"branchMap":{"0":{"loc":{"start":{"line":31,"column":2},"end":{"line":33,"column":3}},"type":"if","locations":[{"start":{"line":31,"column":2},"end":{"line":33,"column":3}},{"start":{"line":31,"column":2},"end":{"line":33,"column":3}}],"line":31}},"s":{"0":0,"1":0,"2":0,"3":0,"4":0,"5":0,"6":0,"7":0,"8":0,"9":0,"10":0,"11":0,"12":0,"13":0,"14":0},"f":{"0":0,"1":0,"2":0,"3":0,"4":0},"b":{"0":[0,0]},"hash":"0a4f399df4028bd15ed2a216b6373593085c12e0"}
,"/home/node/app/services/app/src/actions/messages.ts": {"path":"/home/node/app/services/app/src/actions/messages.ts","statementMap":{"0":{"start":{"line":7,"column":35},"end":{"line":7,"column":36}},"1":{"start":{"line":19,"column":30},"end":{"line":65,"column":1}},"2":{"start":{"line":30,"column":18},"end":{"line":65,"column":1}},"3":{"start":{"line":31,"column":22},"end":{"line":31,"column":32}},"4":{"start":{"line":33,"column":18},"end":{"line":35,"column":2}},"5":{"start":{"line":34,"column":20},"end":{"line":34,"column":64}},"6":{"start":{"line":36,"column":10},"end":{"line":36,"column":11}},"7":{"start":{"line":37,"column":1},"end":{"line":45,"column":2}},"8":{"start":{"line":38,"column":30},"end":{"line":38,"column":38}},"9":{"start":{"line":39,"column":2},"end":{"line":39,"column":21}},"10":{"start":{"line":40,"column":2},"end":{"line":42,"column":3}},"11":{"start":{"line":41,"column":3},"end":{"line":41,"column":34}},"12":{"start":{"line":44,"column":2},"end":{"line":44,"column":30}},"13":{"start":{"line":47,"column":1},"end":{"line":64,"column":3}},"14":{"start":{"line":61,"column":23},"end":{"line":61,"column":50}},"15":{"start":{"line":69,"column":28},"end":{"line":73,"column":3}},"16":{"start":{"line":70,"column":1},"end":{"line":73,"column":3}},"17":{"start":{"line":75,"column":27},"end":{"line":79,"column":3}},"18":{"start":{"line":76,"column":1},"end":{"line":79,"column":3}},"19":{"start":{"line":81,"column":30},"end":{"line":85,"column":3}},"20":{"start":{"line":82,"column":1},"end":{"line":85,"column":3}}},"fnMap":{"0":{"name":"(anonymous_0)","decl":{"start":{"line":19,"column":30},"end":{"line":19,"column":31}},"loc":{"start":{"line":30,"column":18},"end":{"line":65,"column":1}},"line":30},"1":{"name":"(anonymous_1)","decl":{"start":{"line":30,"column":18},"end":{"line":30,"column":19}},"loc":{"start":{"line":30,"column":42},"end":{"line":65,"column":1}},"line":30},"2":{"name":"(anonymous_2)","decl":{"start":{"line":34,"column":2},"end":{"line":34,"column":3}},"loc":{"start":{"line":34,"column":20},"end":{"line":34,"column":64}},"line":34},"3":{"name":"(anonymous_3)","decl":{"start":{"line":61,"column":17},"end":{"line":61,"column":18}},"loc":{"start":{"line":61,"column":23},"end":{"line":61,"column":50}},"line":61},"4":{"name":"(anonymous_4)","decl":{"start":{"line":69,"column":28},"end":{"line":69,"column":29}},"loc":{"start":{"line":70,"column":1},"end":{"line":73,"column":3}},"line":70},"5":{"name":"(anonymous_5)","decl":{"start":{"line":75,"column":27},"end":{"line":75,"column":28}},"loc":{"start":{"line":76,"column":1},"end":{"line":79,"column":3}},"line":76},"6":{"name":"(anonymous_6)","decl":{"start":{"line":81,"column":30},"end":{"line":81,"column":31}},"loc":{"start":{"line":82,"column":1},"end":{"line":85,"column":3}},"line":82}},"branchMap":{"0":{"loc":{"start":{"line":22,"column":2},"end":{"line":22,"column":18}},"type":"default-arg","locations":[{"start":{"line":22,"column":14},"end":{"line":22,"column":18}}],"line":22},"1":{"loc":{"start":{"line":23,"column":2},"end":{"line":23,"column":17}},"type":"default-arg","locations":[{"start":{"line":23,"column":13},"end":{"line":23,"column":17}}],"line":23},"2":{"loc":{"start":{"line":24,"column":2},"end":{"line":24,"column":17}},"type":"default-arg","locations":[{"start":{"line":24,"column":13},"end":{"line":24,"column":17}}],"line":24},"3":{"loc":{"start":{"line":28,"column":2},"end":{"line":28,"column":12}},"type":"default-arg","locations":[{"start":{"line":28,"column":11},"end":{"line":28,"column":12}}],"line":28},"4":{"loc":{"start":{"line":34,"column":20},"end":{"line":34,"column":64}},"type":"binary-expr","locations":[{"start":{"line":34,"column":20},"end":{"line":34,"column":39}},{"start":{"line":34,"column":43},"end":{"line":34,"column":64}}],"line":34},"5":{"loc":{"start":{"line":37,"column":1},"end":{"line":45,"column":2}},"type":"if","locations":[{"start":{"line":37,"column":1},"end":{"line":45,"column":2}},{"start":{"line":37,"column":1},"end":{"line":45,"column":2}}],"line":37},"6":{"loc":{"start":{"line":40,"column":2},"end":{"line":42,"column":3}},"type":"if","locations":[{"start":{"line":40,"column":2},"end":{"line":42,"column":3}},{"start":{"line":40,"column":2},"end":{"line":42,"column":3}}],"line":40},"7":{"loc":{"start":{"line":60,"column":3},"end":{"line":62,"column":12}},"type":"cond-expr","locations":[{"start":{"line":61,"column":6},"end":{"line":61,"column":61}},{"start":{"line":62,"column":6},"end":{"line":62,"column":12}}],"line":60}},"s":{"0":0,"1":0,"2":0,"3":0,"4":0,"5":0,"6":0,"7":0,"8":0,"9":0,"10":0,"11":0,"12":0,"13":0,"14":0,"15":0,"16":0,"17":0,"18":0,"19":0,"20":0},"f":{"0":0,"1":0,"2":0,"3":0,"4":0,"5":0,"6":0},"b":{"0":[0],"1":[0],"2":[0],"3":[0],"4":[0,0],"5":[0,0],"6":[0,0],"7":[0,0]},"hash":"b273a15109ce15456885e2bf04017ab9c4b368f3"}
,"/home/node/app/services/app/src/actions/modals.ts": {"path":"/home/node/app/services/app/src/actions/modals.ts","statementMap":{"0":{"start":{"line":5,"column":28},"end":{"line":18,"column":1}},"1":{"start":{"line":9,"column":18},"end":{"line":18,"column":1}},"2":{"start":{"line":11,"column":1},"end":{"line":14,"column":2}},"3":{"start":{"line":12,"column":2},"end":{"line":12,"column":16}},"4":{"start":{"line":13,"column":2},"end":{"line":13,"column":9}},"5":{"start":{"line":15,"column":1},"end":{"line":17,"column":2}},"6":{"start":{"line":16,"column":2},"end":{"line":16,"column":15}}},"fnMap":{"0":{"name":"(anonymous_0)","decl":{"start":{"line":5,"column":28},"end":{"line":5,"column":29}},"loc":{"start":{"line":9,"column":18},"end":{"line":18,"column":1}},"line":9},"1":{"name":"(anonymous_1)","decl":{"start":{"line":9,"column":18},"end":{"line":9,"column":19}},"loc":{"start":{"line":9,"column":24},"end":{"line":18,"column":1}},"line":9}},"branchMap":{"0":{"loc":{"start":{"line":11,"column":1},"end":{"line":14,"column":2}},"type":"if","locations":[{"start":{"line":11,"column":1},"end":{"line":14,"column":2}},{"start":{"line":11,"column":1},"end":{"line":14,"column":2}}],"line":11},"1":{"loc":{"start":{"line":15,"column":1},"end":{"line":17,"column":2}},"type":"if","locations":[{"start":{"line":15,"column":1},"end":{"line":17,"column":2}},{"start":{"line":15,"column":1},"end":{"line":17,"column":2}}],"line":15}},"s":{"0":0,"1":0,"2":0,"3":0,"4":0,"5":0,"6":0},"f":{"0":0,"1":0},"b":{"0":[0,0],"1":[0,0]},"hash":"f1eb76d374045bacbf26037a3b333e21dbf82778"}
,"/home/node/app/services/app/src/actions/player.ts": {"path":"/home/node/app/services/app/src/actions/player.ts","statementMap":{"0":{"start":{"line":9,"column":27},"end":{"line":43,"column":1}},"1":{"start":{"line":9,"column":46},"end":{"line":43,"column":1}},"2":{"start":{"line":12,"column":5},"end":{"line":12,"column":15}},"3":{"start":{"line":13,"column":1},"end":{"line":28,"column":2}},"4":{"start":{"line":14,"column":2},"end":{"line":14,"column":48}},"5":{"start":{"line":15,"column":2},"end":{"line":26,"column":4}},"6":{"start":{"line":21,"column":7},"end":{"line":21,"column":31}},"7":{"start":{"line":27,"column":2},"end":{"line":27,"column":9}},"8":{"start":{"line":29,"column":1},"end":{"line":32,"column":2}},"9":{"start":{"line":31,"column":2},"end":{"line":31,"column":9}},"10":{"start":{"line":33,"column":1},"end":{"line":42,"column":2}},"11":{"start":{"line":34,"column":2},"end":{"line":34,"column":40}},"12":{"start":{"line":35,"column":2},"end":{"line":38,"column":5}},"13":{"start":{"line":40,"column":2},"end":{"line":40,"column":51}},"14":{"start":{"line":41,"column":2},"end":{"line":41,"column":23}},"15":{"start":{"line":47,"column":26},"end":{"line":81,"column":1}},"16":{"start":{"line":47,"column":45},"end":{"line":81,"column":1}},"17":{"start":{"line":50,"column":5},"end":{"line":50,"column":15}},"18":{"start":{"line":51,"column":1},"end":{"line":66,"column":2}},"19":{"start":{"line":52,"column":2},"end":{"line":52,"column":48}},"20":{"start":{"line":53,"column":2},"end":{"line":64,"column":4}},"21":{"start":{"line":59,"column":7},"end":{"line":59,"column":30}},"22":{"start":{"line":65,"column":2},"end":{"line":65,"column":9}},"23":{"start":{"line":67,"column":1},"end":{"line":70,"column":2}},"24":{"start":{"line":69,"column":2},"end":{"line":69,"column":9}},"25":{"start":{"line":71,"column":1},"end":{"line":80,"column":2}},"26":{"start":{"line":72,"column":2},"end":{"line":72,"column":40}},"27":{"start":{"line":73,"column":2},"end":{"line":76,"column":5}},"28":{"start":{"line":78,"column":2},"end":{"line":78,"column":51}},"29":{"start":{"line":79,"column":2},"end":{"line":79,"column":23}}},"fnMap":{"0":{"name":"(anonymous_0)","decl":{"start":{"line":9,"column":27},"end":{"line":9,"column":28}},"loc":{"start":{"line":9,"column":46},"end":{"line":43,"column":1}},"line":9},"1":{"name":"(anonymous_1)","decl":{"start":{"line":9,"column":46},"end":{"line":9,"column":47}},"loc":{"start":{"line":9,"column":76},"end":{"line":43,"column":1}},"line":9},"2":{"name":"(anonymous_2)","decl":{"start":{"line":20,"column":17},"end":{"line":20,"column":18}},"loc":{"start":{"line":20,"column":23},"end":{"line":22,"column":7}},"line":20},"3":{"name":"(anonymous_3)","decl":{"start":{"line":47,"column":26},"end":{"line":47,"column":27}},"loc":{"start":{"line":47,"column":45},"end":{"line":81,"column":1}},"line":47},"4":{"name":"(anonymous_4)","decl":{"start":{"line":47,"column":45},"end":{"line":47,"column":46}},"loc":{"start":{"line":47,"column":75},"end":{"line":81,"column":1}},"line":47},"5":{"name":"(anonymous_5)","decl":{"start":{"line":58,"column":17},"end":{"line":58,"column":18}},"loc":{"start":{"line":58,"column":23},"end":{"line":60,"column":7}},"line":58}},"branchMap":{"0":{"loc":{"start":{"line":13,"column":1},"end":{"line":28,"column":2}},"type":"if","locations":[{"start":{"line":13,"column":1},"end":{"line":28,"column":2}},{"start":{"line":13,"column":1},"end":{"line":28,"column":2}}],"line":13},"1":{"loc":{"start":{"line":13,"column":5},"end":{"line":13,"column":38}},"type":"binary-expr","locations":[{"start":{"line":13,"column":5},"end":{"line":13,"column":10}},{"start":{"line":13,"column":14},"end":{"line":13,"column":29}},{"start":{"line":13,"column":33},"end":{"line":13,"column":38}}],"line":13},"2":{"loc":{"start":{"line":29,"column":1},"end":{"line":32,"column":2}},"type":"if","locations":[{"start":{"line":29,"column":1},"end":{"line":32,"column":2}},{"start":{"line":29,"column":1},"end":{"line":32,"column":2}}],"line":29},"3":{"loc":{"start":{"line":51,"column":1},"end":{"line":66,"column":2}},"type":"if","locations":[{"start":{"line":51,"column":1},"end":{"line":66,"column":2}},{"start":{"line":51,"column":1},"end":{"line":66,"column":2}}],"line":51},"4":{"loc":{"start":{"line":51,"column":5},"end":{"line":51,"column":38}},"type":"binary-expr","locations":[{"start":{"line":51,"column":5},"end":{"line":51,"column":10}},{"start":{"line":51,"column":14},"end":{"line":51,"column":29}},{"start":{"line":51,"column":33},"end":{"line":51,"column":38}}],"line":51},"5":{"loc":{"start":{"line":67,"column":1},"end":{"line":70,"column":2}},"type":"if","locations":[{"start":{"line":67,"column":1},"end":{"line":70,"column":2}},{"start":{"line":67,"column":1},"end":{"line":70,"column":2}}],"line":67}},"s":{"0":0,"1":0,"2":0,"3":0,"4":0,"5":0,"6":0,"7":0,"8":0,"9":0,"10":0,"11":0,"12":0,"13":0,"14":0,"15":0,"16":0,"17":0,"18":0,"19":0,"20":0,"21":0,"22":0,"23":0,"24":0,"25":0,"26":0,"27":0,"28":0,"29":0},"f":{"0":0,"1":0,"2":0,"3":0,"4":0,"5":0},"b":{"0":[0,0],"1":[0,0,0],"2":[0,0],"3":[0,0],"4":[0,0,0],"5":[0,0]},"hash":"b2b18a9841492e24235baa96f77b52a9630fce53"}
,"/home/node/app/services/app/src/actions/queue.ts": {"path":"/home/node/app/services/app/src/actions/queue.ts","statementMap":{"0":{"start":{"line":12,"column":26},"end":{"line":44,"column":1}},"1":{"start":{"line":12,"column":45},"end":{"line":44,"column":1}},"2":{"start":{"line":15,"column":5},"end":{"line":15,"column":15}},"3":{"start":{"line":16,"column":1},"end":{"line":31,"column":2}},"4":{"start":{"line":17,"column":2},"end":{"line":17,"column":48}},"5":{"start":{"line":18,"column":2},"end":{"line":29,"column":4}},"6":{"start":{"line":24,"column":7},"end":{"line":24,"column":30}},"7":{"start":{"line":30,"column":2},"end":{"line":30,"column":9}},"8":{"start":{"line":32,"column":1},"end":{"line":43,"column":2}},"9":{"start":{"line":33,"column":2},"end":{"line":33,"column":46}},"10":{"start":{"line":34,"column":2},"end":{"line":39,"column":5}},"11":{"start":{"line":41,"column":2},"end":{"line":41,"column":51}},"12":{"start":{"line":42,"column":2},"end":{"line":42,"column":23}},"13":{"start":{"line":48,"column":29},"end":{"line":87,"column":1}},"14":{"start":{"line":48,"column":72},"end":{"line":87,"column":1}},"15":{"start":{"line":54,"column":5},"end":{"line":54,"column":15}},"16":{"start":{"line":55,"column":1},"end":{"line":70,"column":2}},"17":{"start":{"line":56,"column":2},"end":{"line":56,"column":48}},"18":{"start":{"line":57,"column":2},"end":{"line":68,"column":4}},"19":{"start":{"line":63,"column":7},"end":{"line":63,"column":42}},"20":{"start":{"line":69,"column":2},"end":{"line":69,"column":9}},"21":{"start":{"line":71,"column":1},"end":{"line":74,"column":2}},"22":{"start":{"line":73,"column":2},"end":{"line":73,"column":9}},"23":{"start":{"line":75,"column":1},"end":{"line":86,"column":2}},"24":{"start":{"line":76,"column":2},"end":{"line":78,"column":5}},"25":{"start":{"line":79,"column":2},"end":{"line":82,"column":5}},"26":{"start":{"line":84,"column":2},"end":{"line":84,"column":51}},"27":{"start":{"line":85,"column":2},"end":{"line":85,"column":23}},"28":{"start":{"line":92,"column":31},"end":{"line":171,"column":1}},"29":{"start":{"line":94,"column":18},"end":{"line":171,"column":1}},"30":{"start":{"line":98,"column":5},"end":{"line":98,"column":15}},"31":{"start":{"line":99,"column":1},"end":{"line":114,"column":2}},"32":{"start":{"line":100,"column":2},"end":{"line":100,"column":48}},"33":{"start":{"line":101,"column":2},"end":{"line":112,"column":4}},"34":{"start":{"line":107,"column":7},"end":{"line":107,"column":52}},"35":{"start":{"line":113,"column":2},"end":{"line":113,"column":9}},"36":{"start":{"line":119,"column":5},"end":{"line":119,"column":68}},"37":{"start":{"line":120,"column":1},"end":{"line":123,"column":2}},"38":{"start":{"line":122,"column":2},"end":{"line":122,"column":9}},"39":{"start":{"line":124,"column":27},"end":{"line":124,"column":46}},"40":{"start":{"line":125,"column":1},"end":{"line":170,"column":2}},"41":{"start":{"line":126,"column":2},"end":{"line":132,"column":5}},"42":{"start":{"line":133,"column":16},"end":{"line":133,"column":65}},"43":{"start":{"line":134,"column":2},"end":{"line":166,"column":3}},"44":{"start":{"line":135,"column":3},"end":{"line":135,"column":51}},"45":{"start":{"line":136,"column":3},"end":{"line":141,"column":6}},"46":{"start":{"line":142,"column":9},"end":{"line":166,"column":3}},"47":{"start":{"line":143,"column":3},"end":{"line":146,"column":6}},"48":{"start":{"line":147,"column":9},"end":{"line":166,"column":3}},"49":{"start":{"line":151,"column":3},"end":{"line":159,"column":6}},"50":{"start":{"line":161,"column":3},"end":{"line":165,"column":6}},"51":{"start":{"line":168,"column":2},"end":{"line":168,"column":51}},"52":{"start":{"line":169,"column":2},"end":{"line":169,"column":23}},"53":{"start":{"line":175,"column":32},"end":{"line":217,"column":1}},"54":{"start":{"line":175,"column":72},"end":{"line":217,"column":1}},"55":{"start":{"line":181,"column":5},"end":{"line":181,"column":15}},"56":{"start":{"line":182,"column":1},"end":{"line":197,"column":2}},"57":{"start":{"line":183,"column":2},"end":{"line":183,"column":48}},"58":{"start":{"line":184,"column":2},"end":{"line":195,"column":4}},"59":{"start":{"line":190,"column":7},"end":{"line":190,"column":49}},"60":{"start":{"line":196,"column":2},"end":{"line":196,"column":9}},"61":{"start":{"line":198,"column":23},"end":{"line":198,"column":42}},"62":{"start":{"line":199,"column":1},"end":{"line":202,"column":2}},"63":{"start":{"line":201,"column":2},"end":{"line":201,"column":9}},"64":{"start":{"line":203,"column":1},"end":{"line":216,"column":2}},"65":{"start":{"line":204,"column":2},"end":{"line":207,"column":5}},"66":{"start":{"line":208,"column":2},"end":{"line":212,"column":5}},"67":{"start":{"line":214,"column":2},"end":{"line":214,"column":51}},"68":{"start":{"line":215,"column":2},"end":{"line":215,"column":23}},"69":{"start":{"line":221,"column":35},"end":{"line":240,"column":1}},"70":{"start":{"line":221,"column":54},"end":{"line":240,"column":1}},"71":{"start":{"line":227,"column":5},"end":{"line":227,"column":15}},"72":{"start":{"line":228,"column":1},"end":{"line":231,"column":2}},"73":{"start":{"line":230,"column":2},"end":{"line":230,"column":9}},"74":{"start":{"line":232,"column":1},"end":{"line":232,"column":45}},"75":{"start":{"line":233,"column":1},"end":{"line":239,"column":3}},"76":{"start":{"line":244,"column":31},"end":{"line":262,"column":1}},"77":{"start":{"line":244,"column":50},"end":{"line":262,"column":1}},"78":{"start":{"line":250,"column":5},"end":{"line":250,"column":15}},"79":{"start":{"line":251,"column":1},"end":{"line":254,"column":2}},"80":{"start":{"line":253,"column":2},"end":{"line":253,"column":9}},"81":{"start":{"line":255,"column":1},"end":{"line":261,"column":2}},"82":{"start":{"line":256,"column":2},"end":{"line":256,"column":53}},"83":{"start":{"line":257,"column":2},"end":{"line":257,"column":71}},"84":{"start":{"line":259,"column":2},"end":{"line":259,"column":45}},"85":{"start":{"line":260,"column":2},"end":{"line":260,"column":72}}},"fnMap":{"0":{"name":"(anonymous_0)","decl":{"start":{"line":12,"column":26},"end":{"line":12,"column":27}},"loc":{"start":{"line":12,"column":45},"end":{"line":44,"column":1}},"line":12},"1":{"name":"(anonymous_1)","decl":{"start":{"line":12,"column":45},"end":{"line":12,"column":46}},"loc":{"start":{"line":12,"column":75},"end":{"line":44,"column":1}},"line":12},"2":{"name":"(anonymous_2)","decl":{"start":{"line":23,"column":17},"end":{"line":23,"column":18}},"loc":{"start":{"line":23,"column":23},"end":{"line":25,"column":7}},"line":23},"3":{"name":"(anonymous_3)","decl":{"start":{"line":48,"column":29},"end":{"line":48,"column":30}},"loc":{"start":{"line":48,"column":72},"end":{"line":87,"column":1}},"line":48},"4":{"name":"(anonymous_4)","decl":{"start":{"line":48,"column":72},"end":{"line":48,"column":73}},"loc":{"start":{"line":51,"column":5},"end":{"line":87,"column":1}},"line":51},"5":{"name":"(anonymous_5)","decl":{"start":{"line":62,"column":17},"end":{"line":62,"column":18}},"loc":{"start":{"line":62,"column":23},"end":{"line":64,"column":7}},"line":62},"6":{"name":"(anonymous_6)","decl":{"start":{"line":92,"column":31},"end":{"line":92,"column":32}},"loc":{"start":{"line":94,"column":18},"end":{"line":171,"column":1}},"line":94},"7":{"name":"(anonymous_7)","decl":{"start":{"line":94,"column":18},"end":{"line":94,"column":19}},"loc":{"start":{"line":94,"column":48},"end":{"line":171,"column":1}},"line":94},"8":{"name":"(anonymous_8)","decl":{"start":{"line":106,"column":17},"end":{"line":106,"column":18}},"loc":{"start":{"line":106,"column":23},"end":{"line":108,"column":7}},"line":106},"9":{"name":"(anonymous_9)","decl":{"start":{"line":175,"column":32},"end":{"line":175,"column":33}},"loc":{"start":{"line":175,"column":72},"end":{"line":217,"column":1}},"line":175},"10":{"name":"(anonymous_10)","decl":{"start":{"line":175,"column":72},"end":{"line":175,"column":73}},"loc":{"start":{"line":178,"column":5},"end":{"line":217,"column":1}},"line":178},"11":{"name":"(anonymous_11)","decl":{"start":{"line":189,"column":17},"end":{"line":189,"column":18}},"loc":{"start":{"line":189,"column":23},"end":{"line":191,"column":7}},"line":189},"12":{"name":"(anonymous_12)","decl":{"start":{"line":221,"column":35},"end":{"line":221,"column":36}},"loc":{"start":{"line":221,"column":54},"end":{"line":240,"column":1}},"line":221},"13":{"name":"(anonymous_13)","decl":{"start":{"line":221,"column":54},"end":{"line":221,"column":55}},"loc":{"start":{"line":224,"column":5},"end":{"line":240,"column":1}},"line":224},"14":{"name":"(anonymous_14)","decl":{"start":{"line":244,"column":31},"end":{"line":244,"column":32}},"loc":{"start":{"line":244,"column":50},"end":{"line":262,"column":1}},"line":244},"15":{"name":"(anonymous_15)","decl":{"start":{"line":244,"column":50},"end":{"line":244,"column":51}},"loc":{"start":{"line":247,"column":5},"end":{"line":262,"column":1}},"line":247}},"branchMap":{"0":{"loc":{"start":{"line":16,"column":1},"end":{"line":31,"column":2}},"type":"if","locations":[{"start":{"line":16,"column":1},"end":{"line":31,"column":2}},{"start":{"line":16,"column":1},"end":{"line":31,"column":2}}],"line":16},"1":{"loc":{"start":{"line":16,"column":5},"end":{"line":16,"column":38}},"type":"binary-expr","locations":[{"start":{"line":16,"column":5},"end":{"line":16,"column":10}},{"start":{"line":16,"column":14},"end":{"line":16,"column":29}},{"start":{"line":16,"column":33},"end":{"line":16,"column":38}}],"line":16},"2":{"loc":{"start":{"line":55,"column":1},"end":{"line":70,"column":2}},"type":"if","locations":[{"start":{"line":55,"column":1},"end":{"line":70,"column":2}},{"start":{"line":55,"column":1},"end":{"line":70,"column":2}}],"line":55},"3":{"loc":{"start":{"line":55,"column":5},"end":{"line":55,"column":38}},"type":"binary-expr","locations":[{"start":{"line":55,"column":5},"end":{"line":55,"column":10}},{"start":{"line":55,"column":14},"end":{"line":55,"column":29}},{"start":{"line":55,"column":33},"end":{"line":55,"column":38}}],"line":55},"4":{"loc":{"start":{"line":71,"column":1},"end":{"line":74,"column":2}},"type":"if","locations":[{"start":{"line":71,"column":1},"end":{"line":74,"column":2}},{"start":{"line":71,"column":1},"end":{"line":74,"column":2}}],"line":71},"5":{"loc":{"start":{"line":99,"column":1},"end":{"line":114,"column":2}},"type":"if","locations":[{"start":{"line":99,"column":1},"end":{"line":114,"column":2}},{"start":{"line":99,"column":1},"end":{"line":114,"column":2}}],"line":99},"6":{"loc":{"start":{"line":99,"column":5},"end":{"line":99,"column":38}},"type":"binary-expr","locations":[{"start":{"line":99,"column":5},"end":{"line":99,"column":10}},{"start":{"line":99,"column":14},"end":{"line":99,"column":29}},{"start":{"line":99,"column":33},"end":{"line":99,"column":38}}],"line":99},"7":{"loc":{"start":{"line":120,"column":1},"end":{"line":123,"column":2}},"type":"if","locations":[{"start":{"line":120,"column":1},"end":{"line":123,"column":2}},{"start":{"line":120,"column":1},"end":{"line":123,"column":2}}],"line":120},"8":{"loc":{"start":{"line":134,"column":2},"end":{"line":166,"column":3}},"type":"if","locations":[{"start":{"line":134,"column":2},"end":{"line":166,"column":3}},{"start":{"line":134,"column":2},"end":{"line":166,"column":3}}],"line":134},"9":{"loc":{"start":{"line":142,"column":9},"end":{"line":166,"column":3}},"type":"if","locations":[{"start":{"line":142,"column":9},"end":{"line":166,"column":3}},{"start":{"line":142,"column":9},"end":{"line":166,"column":3}}],"line":142},"10":{"loc":{"start":{"line":147,"column":9},"end":{"line":166,"column":3}},"type":"if","locations":[{"start":{"line":147,"column":9},"end":{"line":166,"column":3}},{"start":{"line":147,"column":9},"end":{"line":166,"column":3}}],"line":147},"11":{"loc":{"start":{"line":148,"column":3},"end":{"line":149,"column":70}},"type":"binary-expr","locations":[{"start":{"line":148,"column":3},"end":{"line":148,"column":51}},{"start":{"line":149,"column":3},"end":{"line":149,"column":70}}],"line":148},"12":{"loc":{"start":{"line":155,"column":5},"end":{"line":158,"column":35}},"type":"cond-expr","locations":[{"start":{"line":157,"column":8},"end":{"line":157,"column":39}},{"start":{"line":158,"column":8},"end":{"line":158,"column":35}}],"line":155},"13":{"loc":{"start":{"line":182,"column":1},"end":{"line":197,"column":2}},"type":"if","locations":[{"start":{"line":182,"column":1},"end":{"line":197,"column":2}},{"start":{"line":182,"column":1},"end":{"line":197,"column":2}}],"line":182},"14":{"loc":{"start":{"line":182,"column":5},"end":{"line":182,"column":38}},"type":"binary-expr","locations":[{"start":{"line":182,"column":5},"end":{"line":182,"column":10}},{"start":{"line":182,"column":14},"end":{"line":182,"column":29}},{"start":{"line":182,"column":33},"end":{"line":182,"column":38}}],"line":182},"15":{"loc":{"start":{"line":199,"column":1},"end":{"line":202,"column":2}},"type":"if","locations":[{"start":{"line":199,"column":1},"end":{"line":202,"column":2}},{"start":{"line":199,"column":1},"end":{"line":202,"column":2}}],"line":199},"16":{"loc":{"start":{"line":228,"column":1},"end":{"line":231,"column":2}},"type":"if","locations":[{"start":{"line":228,"column":1},"end":{"line":231,"column":2}},{"start":{"line":228,"column":1},"end":{"line":231,"column":2}}],"line":228},"17":{"loc":{"start":{"line":228,"column":5},"end":{"line":228,"column":33}},"type":"binary-expr","locations":[{"start":{"line":228,"column":5},"end":{"line":228,"column":10}},{"start":{"line":228,"column":14},"end":{"line":228,"column":33}}],"line":228},"18":{"loc":{"start":{"line":235,"column":3},"end":{"line":237,"column":23}},"type":"cond-expr","locations":[{"start":{"line":236,"column":6},"end":{"line":236,"column":29}},{"start":{"line":237,"column":6},"end":{"line":237,"column":23}}],"line":235},"19":{"loc":{"start":{"line":251,"column":1},"end":{"line":254,"column":2}},"type":"if","locations":[{"start":{"line":251,"column":1},"end":{"line":254,"column":2}},{"start":{"line":251,"column":1},"end":{"line":254,"column":2}}],"line":251},"20":{"loc":{"start":{"line":251,"column":5},"end":{"line":251,"column":33}},"type":"binary-expr","locations":[{"start":{"line":251,"column":5},"end":{"line":251,"column":10}},{"start":{"line":251,"column":14},"end":{"line":251,"column":33}}],"line":251},"21":{"loc":{"start":{"line":255,"column":1},"end":{"line":261,"column":2}},"type":"if","locations":[{"start":{"line":255,"column":1},"end":{"line":261,"column":2}},{"start":{"line":255,"column":1},"end":{"line":261,"column":2}}],"line":255}},"s":{"0":0,"1":0,"2":0,"3":0,"4":0,"5":0,"6":0,"7":0,"8":0,"9":0,"10":0,"11":0,"12":0,"13":0,"14":0,"15":0,"16":0,"17":0,"18":0,"19":0,"20":0,"21":0,"22":0,"23":0,"24":0,"25":0,"26":0,"27":0,"28":0,"29":0,"30":0,"31":0,"32":0,"33":0,"34":0,"35":0,"36":0,"37":0,"38":0,"39":0,"40":0,"41":0,"42":0,"43":0,"44":0,"45":0,"46":0,"47":0,"48":0,"49":0,"50":0,"51":0,"52":0,"53":0,"54":0,"55":0,"56":0,"57":0,"58":0,"59":0,"60":0,"61":0,"62":0,"63":0,"64":0,"65":0,"66":0,"67":0,"68":0,"69":0,"70":0,"71":0,"72":0,"73":0,"74":0,"75":0,"76":0,"77":0,"78":0,"79":0,"80":0,"81":0,"82":0,"83":0,"84":0,"85":0},"f":{"0":0,"1":0,"2":0,"3":0,"4":0,"5":0,"6":0,"7":0,"8":0,"9":0,"10":0,"11":0,"12":0,"13":0,"14":0,"15":0},"b":{"0":[0,0],"1":[0,0,0],"2":[0,0],"3":[0,0,0],"4":[0,0],"5":[0,0],"6":[0,0,0],"7":[0,0],"8":[0,0],"9":[0,0],"10":[0,0],"11":[0,0],"12":[0,0],"13":[0,0],"14":[0,0,0],"15":[0,0],"16":[0,0],"17":[0,0],"18":[0,0],"19":[0,0],"20":[0,0],"21":[0,0]},"hash":"7c8c8a9b9bb965132a753adc9438716c821b49a9"}
,"/home/node/app/services/app/src/actions/room.ts": {"path":"/home/node/app/services/app/src/actions/room.ts","statementMap":{"0":{"start":{"line":29,"column":4},"end":{"line":61,"column":1}},"1":{"start":{"line":65,"column":26},"end":{"line":114,"column":1}},"2":{"start":{"line":71,"column":18},"end":{"line":114,"column":1}},"3":{"start":{"line":76,"column":5},"end":{"line":76,"column":15}},"4":{"start":{"line":77,"column":1},"end":{"line":95,"column":2}},"5":{"start":{"line":78,"column":2},"end":{"line":78,"column":40}},"6":{"start":{"line":79,"column":2},"end":{"line":79,"column":48}},"7":{"start":{"line":80,"column":2},"end":{"line":93,"column":4}},"8":{"start":{"line":86,"column":7},"end":{"line":88,"column":9}},"9":{"start":{"line":94,"column":2},"end":{"line":94,"column":9}},"10":{"start":{"line":96,"column":1},"end":{"line":113,"column":2}},"11":{"start":{"line":97,"column":17},"end":{"line":97,"column":21}},"12":{"start":{"line":98,"column":2},"end":{"line":98,"column":64}},"13":{"start":{"line":100,"column":2},"end":{"line":106,"column":5}},"14":{"start":{"line":107,"column":2},"end":{"line":107,"column":44}},"15":{"start":{"line":108,"column":2},"end":{"line":110,"column":3}},"16":{"start":{"line":109,"column":3},"end":{"line":109,"column":23}},"17":{"start":{"line":112,"column":2},"end":{"line":112,"column":51}},"18":{"start":{"line":118,"column":25},"end":{"line":171,"column":1}},"19":{"start":{"line":123,"column":18},"end":{"line":171,"column":1}},"20":{"start":{"line":129,"column":5},"end":{"line":129,"column":15}},"21":{"start":{"line":130,"column":1},"end":{"line":133,"column":2}},"22":{"start":{"line":132,"column":2},"end":{"line":132,"column":9}},"23":{"start":{"line":134,"column":1},"end":{"line":150,"column":2}},"24":{"start":{"line":135,"column":2},"end":{"line":135,"column":40}},"25":{"start":{"line":136,"column":2},"end":{"line":136,"column":48}},"26":{"start":{"line":137,"column":2},"end":{"line":148,"column":4}},"27":{"start":{"line":143,"column":7},"end":{"line":143,"column":58}},"28":{"start":{"line":149,"column":2},"end":{"line":149,"column":9}},"29":{"start":{"line":151,"column":1},"end":{"line":151,"column":22}},"30":{"start":{"line":152,"column":1},"end":{"line":170,"column":2}},"31":{"start":{"line":153,"column":2},"end":{"line":153,"column":64}},"32":{"start":{"line":154,"column":18},"end":{"line":154,"column":56}},"33":{"start":{"line":155,"column":2},"end":{"line":161,"column":4}},"34":{"start":{"line":162,"column":2},"end":{"line":162,"column":32}},"35":{"start":{"line":163,"column":2},"end":{"line":163,"column":27}},"36":{"start":{"line":164,"column":2},"end":{"line":164,"column":59}},"37":{"start":{"line":165,"column":2},"end":{"line":167,"column":3}},"38":{"start":{"line":166,"column":3},"end":{"line":166,"column":23}},"39":{"start":{"line":169,"column":2},"end":{"line":169,"column":51}},"40":{"start":{"line":173,"column":24},"end":{"line":185,"column":1}},"41":{"start":{"line":173,"column":43},"end":{"line":185,"column":1}},"42":{"start":{"line":176,"column":5},"end":{"line":176,"column":15}},"43":{"start":{"line":177,"column":1},"end":{"line":180,"column":2}},"44":{"start":{"line":179,"column":2},"end":{"line":179,"column":9}},"45":{"start":{"line":181,"column":1},"end":{"line":181,"column":36}},"46":{"start":{"line":182,"column":1},"end":{"line":182,"column":28}},"47":{"start":{"line":183,"column":1},"end":{"line":183,"column":30}},"48":{"start":{"line":184,"column":1},"end":{"line":184,"column":23}},"49":{"start":{"line":189,"column":24},"end":{"line":204,"column":1}},"50":{"start":{"line":189,"column":43},"end":{"line":204,"column":1}},"51":{"start":{"line":195,"column":5},"end":{"line":195,"column":15}},"52":{"start":{"line":196,"column":1},"end":{"line":199,"column":2}},"53":{"start":{"line":198,"column":2},"end":{"line":198,"column":9}},"54":{"start":{"line":200,"column":1},"end":{"line":200,"column":54}},"55":{"start":{"line":201,"column":1},"end":{"line":201,"column":20}},"56":{"start":{"line":203,"column":1},"end":{"line":203,"column":61}},"57":{"start":{"line":206,"column":26},"end":{"line":232,"column":1}},"58":{"start":{"line":209,"column":18},"end":{"line":232,"column":1}},"59":{"start":{"line":215,"column":5},"end":{"line":215,"column":15}},"60":{"start":{"line":216,"column":1},"end":{"line":224,"column":2}},"61":{"start":{"line":223,"column":2},"end":{"line":223,"column":9}},"62":{"start":{"line":225,"column":1},"end":{"line":225,"column":64}},"63":{"start":{"line":226,"column":1},"end":{"line":226,"column":24}},"64":{"start":{"line":228,"column":1},"end":{"line":228,"column":57}},"65":{"start":{"line":229,"column":1},"end":{"line":231,"column":2}},"66":{"start":{"line":230,"column":2},"end":{"line":230,"column":22}},"67":{"start":{"line":238,"column":24},"end":{"line":238,"column":28}},"68":{"start":{"line":240,"column":19},"end":{"line":290,"column":1}},"69":{"start":{"line":242,"column":18},"end":{"line":290,"column":1}},"70":{"start":{"line":243,"column":1},"end":{"line":243,"column":37}},"71":{"start":{"line":244,"column":1},"end":{"line":247,"column":2}},"72":{"start":{"line":246,"column":2},"end":{"line":246,"column":9}},"73":{"start":{"line":248,"column":1},"end":{"line":289,"column":3}},"74":{"start":{"line":253,"column":7},"end":{"line":253,"column":17}},"75":{"start":{"line":254,"column":19},"end":{"line":254,"column":52}},"76":{"start":{"line":255,"column":3},"end":{"line":255,"column":64}},"77":{"start":{"line":256,"column":3},"end":{"line":258,"column":4}},"78":{"start":{"line":257,"column":4},"end":{"line":257,"column":11}},"79":{"start":{"line":260,"column":31},"end":{"line":260,"column":33}},"80":{"start":{"line":261,"column":3},"end":{"line":268,"column":4}},"81":{"start":{"line":262,"column":4},"end":{"line":267,"column":29}},"82":{"start":{"line":265,"column":7},"end":{"line":265,"column":44}},"83":{"start":{"line":267,"column":19},"end":{"line":267,"column":27}},"84":{"start":{"line":269,"column":45},"end":{"line":269,"column":47}},"85":{"start":{"line":270,"column":3},"end":{"line":279,"column":4}},"86":{"start":{"line":271,"column":46},"end":{"line":274,"column":5}},"87":{"start":{"line":275,"column":4},"end":{"line":277,"column":5}},"88":{"start":{"line":276,"column":5},"end":{"line":276,"column":45}},"89":{"start":{"line":278,"column":4},"end":{"line":278,"column":57}},"90":{"start":{"line":280,"column":3},"end":{"line":287,"column":5}},"91":{"start":{"line":292,"column":21},"end":{"line":302,"column":1}},"92":{"start":{"line":294,"column":18},"end":{"line":302,"column":1}},"93":{"start":{"line":295,"column":1},"end":{"line":298,"column":2}},"94":{"start":{"line":297,"column":2},"end":{"line":297,"column":9}},"95":{"start":{"line":299,"column":1},"end":{"line":299,"column":37}},"96":{"start":{"line":300,"column":1},"end":{"line":300,"column":32}},"97":{"start":{"line":301,"column":1},"end":{"line":301,"column":21}},"98":{"start":{"line":308,"column":42},"end":{"line":308,"column":46}},"99":{"start":{"line":310,"column":21},"end":{"line":319,"column":1}},"100":{"start":{"line":310,"column":40},"end":{"line":319,"column":1}},"101":{"start":{"line":315,"column":1},"end":{"line":318,"column":2}},"102":{"start":{"line":316,"column":2},"end":{"line":316,"column":66}},"103":{"start":{"line":317,"column":2},"end":{"line":317,"column":50}},"104":{"start":{"line":321,"column":23},"end":{"line":332,"column":1}},"105":{"start":{"line":321,"column":42},"end":{"line":332,"column":1}},"106":{"start":{"line":326,"column":1},"end":{"line":330,"column":2}},"107":{"start":{"line":327,"column":2},"end":{"line":327,"column":68}},"108":{"start":{"line":328,"column":2},"end":{"line":328,"column":29}},"109":{"start":{"line":329,"column":2},"end":{"line":329,"column":22}},"110":{"start":{"line":331,"column":1},"end":{"line":331,"column":21}},"111":{"start":{"line":335,"column":23},"end":{"line":399,"column":1}},"112":{"start":{"line":341,"column":1},"end":{"line":398,"column":8}},"113":{"start":{"line":345,"column":6},"end":{"line":345,"column":16}},"114":{"start":{"line":347,"column":2},"end":{"line":393,"column":3}},"115":{"start":{"line":349,"column":26},"end":{"line":356,"column":4}},"116":{"start":{"line":358,"column":3},"end":{"line":392,"column":4}},"117":{"start":{"line":359,"column":23},"end":{"line":359,"column":45}},"118":{"start":{"line":361,"column":5},"end":{"line":361,"column":64}},"119":{"start":{"line":362,"column":4},"end":{"line":365,"column":7}},"120":{"start":{"line":367,"column":4},"end":{"line":389,"column":5}},"121":{"start":{"line":368,"column":21},"end":{"line":379,"column":7}},"122":{"start":{"line":380,"column":5},"end":{"line":380,"column":43}},"123":{"start":{"line":381,"column":5},"end":{"line":386,"column":7}},"124":{"start":{"line":388,"column":5},"end":{"line":388,"column":54}},"125":{"start":{"line":390,"column":10},"end":{"line":392,"column":4}},"126":{"start":{"line":391,"column":4},"end":{"line":391,"column":18}},"127":{"start":{"line":397,"column":2},"end":{"line":397,"column":49}}},"fnMap":{"0":{"name":"(anonymous_0)","decl":{"start":{"line":65,"column":26},"end":{"line":65,"column":27}},"loc":{"start":{"line":71,"column":18},"end":{"line":114,"column":1}},"line":71},"1":{"name":"(anonymous_1)","decl":{"start":{"line":71,"column":18},"end":{"line":71,"column":19}},"loc":{"start":{"line":71,"column":48},"end":{"line":114,"column":1}},"line":71},"2":{"name":"(anonymous_2)","decl":{"start":{"line":85,"column":17},"end":{"line":85,"column":18}},"loc":{"start":{"line":85,"column":23},"end":{"line":89,"column":7}},"line":85},"3":{"name":"(anonymous_3)","decl":{"start":{"line":118,"column":25},"end":{"line":118,"column":26}},"loc":{"start":{"line":123,"column":18},"end":{"line":171,"column":1}},"line":123},"4":{"name":"(anonymous_4)","decl":{"start":{"line":123,"column":18},"end":{"line":123,"column":19}},"loc":{"start":{"line":123,"column":48},"end":{"line":171,"column":1}},"line":123},"5":{"name":"(anonymous_5)","decl":{"start":{"line":142,"column":17},"end":{"line":142,"column":18}},"loc":{"start":{"line":142,"column":23},"end":{"line":144,"column":7}},"line":142},"6":{"name":"(anonymous_6)","decl":{"start":{"line":173,"column":24},"end":{"line":173,"column":25}},"loc":{"start":{"line":173,"column":43},"end":{"line":185,"column":1}},"line":173},"7":{"name":"(anonymous_7)","decl":{"start":{"line":173,"column":43},"end":{"line":173,"column":44}},"loc":{"start":{"line":173,"column":73},"end":{"line":185,"column":1}},"line":173},"8":{"name":"(anonymous_8)","decl":{"start":{"line":189,"column":24},"end":{"line":189,"column":25}},"loc":{"start":{"line":189,"column":43},"end":{"line":204,"column":1}},"line":189},"9":{"name":"(anonymous_9)","decl":{"start":{"line":189,"column":43},"end":{"line":189,"column":44}},"loc":{"start":{"line":189,"column":73},"end":{"line":204,"column":1}},"line":189},"10":{"name":"(anonymous_10)","decl":{"start":{"line":206,"column":26},"end":{"line":206,"column":27}},"loc":{"start":{"line":209,"column":18},"end":{"line":232,"column":1}},"line":209},"11":{"name":"(anonymous_11)","decl":{"start":{"line":209,"column":18},"end":{"line":209,"column":19}},"loc":{"start":{"line":209,"column":48},"end":{"line":232,"column":1}},"line":209},"12":{"name":"(anonymous_12)","decl":{"start":{"line":240,"column":19},"end":{"line":240,"column":20}},"loc":{"start":{"line":242,"column":18},"end":{"line":290,"column":1}},"line":242},"13":{"name":"(anonymous_13)","decl":{"start":{"line":242,"column":18},"end":{"line":242,"column":19}},"loc":{"start":{"line":242,"column":60},"end":{"line":290,"column":1}},"line":242},"14":{"name":"(anonymous_14)","decl":{"start":{"line":249,"column":2},"end":{"line":249,"column":3}},"loc":{"start":{"line":249,"column":54},"end":{"line":288,"column":3}},"line":249},"15":{"name":"(anonymous_15)","decl":{"start":{"line":264,"column":6},"end":{"line":264,"column":7}},"loc":{"start":{"line":265,"column":7},"end":{"line":265,"column":44}},"line":265},"16":{"name":"(anonymous_16)","decl":{"start":{"line":267,"column":10},"end":{"line":267,"column":11}},"loc":{"start":{"line":267,"column":19},"end":{"line":267,"column":27}},"line":267},"17":{"name":"(anonymous_17)","decl":{"start":{"line":292,"column":21},"end":{"line":292,"column":22}},"loc":{"start":{"line":294,"column":18},"end":{"line":302,"column":1}},"line":294},"18":{"name":"(anonymous_18)","decl":{"start":{"line":294,"column":18},"end":{"line":294,"column":19}},"loc":{"start":{"line":294,"column":30},"end":{"line":302,"column":1}},"line":294},"19":{"name":"(anonymous_19)","decl":{"start":{"line":310,"column":21},"end":{"line":310,"column":22}},"loc":{"start":{"line":310,"column":40},"end":{"line":319,"column":1}},"line":310},"20":{"name":"(anonymous_20)","decl":{"start":{"line":310,"column":40},"end":{"line":310,"column":41}},"loc":{"start":{"line":314,"column":5},"end":{"line":319,"column":1}},"line":314},"21":{"name":"(anonymous_21)","decl":{"start":{"line":321,"column":23},"end":{"line":321,"column":24}},"loc":{"start":{"line":321,"column":42},"end":{"line":332,"column":1}},"line":321},"22":{"name":"(anonymous_22)","decl":{"start":{"line":321,"column":42},"end":{"line":321,"column":43}},"loc":{"start":{"line":325,"column":5},"end":{"line":332,"column":1}},"line":325},"23":{"name":"(anonymous_23)","decl":{"start":{"line":335,"column":23},"end":{"line":335,"column":24}},"loc":{"start":{"line":340,"column":5},"end":{"line":399,"column":1}},"line":340},"24":{"name":"(anonymous_24)","decl":{"start":{"line":341,"column":27},"end":{"line":341,"column":28}},"loc":{"start":{"line":341,"column":39},"end":{"line":398,"column":2}},"line":341}},"branchMap":{"0":{"loc":{"start":{"line":77,"column":1},"end":{"line":95,"column":2}},"type":"if","locations":[{"start":{"line":77,"column":1},"end":{"line":95,"column":2}},{"start":{"line":77,"column":1},"end":{"line":95,"column":2}}],"line":77},"1":{"loc":{"start":{"line":108,"column":2},"end":{"line":110,"column":3}},"type":"if","locations":[{"start":{"line":108,"column":2},"end":{"line":110,"column":3}},{"start":{"line":108,"column":2},"end":{"line":110,"column":3}}],"line":108},"2":{"loc":{"start":{"line":108,"column":6},"end":{"line":108,"column":34}},"type":"binary-expr","locations":[{"start":{"line":108,"column":6},"end":{"line":108,"column":13}},{"start":{"line":108,"column":17},"end":{"line":108,"column":34}}],"line":108},"3":{"loc":{"start":{"line":130,"column":1},"end":{"line":133,"column":2}},"type":"if","locations":[{"start":{"line":130,"column":1},"end":{"line":133,"column":2}},{"start":{"line":130,"column":1},"end":{"line":133,"column":2}}],"line":130},"4":{"loc":{"start":{"line":130,"column":5},"end":{"line":130,"column":57}},"type":"binary-expr","locations":[{"start":{"line":130,"column":5},"end":{"line":130,"column":9}},{"start":{"line":130,"column":13},"end":{"line":130,"column":31}},{"start":{"line":130,"column":35},"end":{"line":130,"column":57}}],"line":130},"5":{"loc":{"start":{"line":134,"column":1},"end":{"line":150,"column":2}},"type":"if","locations":[{"start":{"line":134,"column":1},"end":{"line":150,"column":2}},{"start":{"line":134,"column":1},"end":{"line":150,"column":2}}],"line":134},"6":{"loc":{"start":{"line":165,"column":2},"end":{"line":167,"column":3}},"type":"if","locations":[{"start":{"line":165,"column":2},"end":{"line":167,"column":3}},{"start":{"line":165,"column":2},"end":{"line":167,"column":3}}],"line":165},"7":{"loc":{"start":{"line":165,"column":6},"end":{"line":165,"column":34}},"type":"binary-expr","locations":[{"start":{"line":165,"column":6},"end":{"line":165,"column":13}},{"start":{"line":165,"column":17},"end":{"line":165,"column":34}}],"line":165},"8":{"loc":{"start":{"line":177,"column":1},"end":{"line":180,"column":2}},"type":"if","locations":[{"start":{"line":177,"column":1},"end":{"line":180,"column":2}},{"start":{"line":177,"column":1},"end":{"line":180,"column":2}}],"line":177},"9":{"loc":{"start":{"line":196,"column":1},"end":{"line":199,"column":2}},"type":"if","locations":[{"start":{"line":196,"column":1},"end":{"line":199,"column":2}},{"start":{"line":196,"column":1},"end":{"line":199,"column":2}}],"line":196},"10":{"loc":{"start":{"line":196,"column":5},"end":{"line":196,"column":72}},"type":"binary-expr","locations":[{"start":{"line":196,"column":5},"end":{"line":196,"column":10}},{"start":{"line":196,"column":14},"end":{"line":196,"column":32}},{"start":{"line":196,"column":36},"end":{"line":196,"column":58}},{"start":{"line":196,"column":62},"end":{"line":196,"column":72}}],"line":196},"11":{"loc":{"start":{"line":216,"column":1},"end":{"line":224,"column":2}},"type":"if","locations":[{"start":{"line":216,"column":1},"end":{"line":224,"column":2}},{"start":{"line":216,"column":1},"end":{"line":224,"column":2}}],"line":216},"12":{"loc":{"start":{"line":217,"column":2},"end":{"line":220,"column":22}},"type":"binary-expr","locations":[{"start":{"line":217,"column":2},"end":{"line":217,"column":7}},{"start":{"line":218,"column":2},"end":{"line":218,"column":20}},{"start":{"line":219,"column":2},"end":{"line":219,"column":24}},{"start":{"line":220,"column":2},"end":{"line":220,"column":22}}],"line":217},"13":{"loc":{"start":{"line":229,"column":1},"end":{"line":231,"column":2}},"type":"if","locations":[{"start":{"line":229,"column":1},"end":{"line":231,"column":2}},{"start":{"line":229,"column":1},"end":{"line":231,"column":2}}],"line":229},"14":{"loc":{"start":{"line":229,"column":5},"end":{"line":229,"column":33}},"type":"binary-expr","locations":[{"start":{"line":229,"column":5},"end":{"line":229,"column":12}},{"start":{"line":229,"column":16},"end":{"line":229,"column":33}}],"line":229},"15":{"loc":{"start":{"line":244,"column":1},"end":{"line":247,"column":2}},"type":"if","locations":[{"start":{"line":244,"column":1},"end":{"line":247,"column":2}},{"start":{"line":244,"column":1},"end":{"line":247,"column":2}}],"line":244},"16":{"loc":{"start":{"line":256,"column":3},"end":{"line":258,"column":4}},"type":"if","locations":[{"start":{"line":256,"column":3},"end":{"line":258,"column":4}},{"start":{"line":256,"column":3},"end":{"line":258,"column":4}}],"line":256},"17":{"loc":{"start":{"line":261,"column":3},"end":{"line":268,"column":4}},"type":"if","locations":[{"start":{"line":261,"column":3},"end":{"line":268,"column":4}},{"start":{"line":261,"column":3},"end":{"line":268,"column":4}}],"line":261},"18":{"loc":{"start":{"line":270,"column":3},"end":{"line":279,"column":4}},"type":"if","locations":[{"start":{"line":270,"column":3},"end":{"line":279,"column":4}},{"start":{"line":270,"column":3},"end":{"line":279,"column":4}}],"line":270},"19":{"loc":{"start":{"line":275,"column":4},"end":{"line":277,"column":5}},"type":"if","locations":[{"start":{"line":275,"column":4},"end":{"line":277,"column":5}},{"start":{"line":275,"column":4},"end":{"line":277,"column":5}}],"line":275},"20":{"loc":{"start":{"line":295,"column":1},"end":{"line":298,"column":2}},"type":"if","locations":[{"start":{"line":295,"column":1},"end":{"line":298,"column":2}},{"start":{"line":295,"column":1},"end":{"line":298,"column":2}}],"line":295},"21":{"loc":{"start":{"line":315,"column":1},"end":{"line":318,"column":2}},"type":"if","locations":[{"start":{"line":315,"column":1},"end":{"line":318,"column":2}},{"start":{"line":315,"column":1},"end":{"line":318,"column":2}}],"line":315},"22":{"loc":{"start":{"line":326,"column":1},"end":{"line":330,"column":2}},"type":"if","locations":[{"start":{"line":326,"column":1},"end":{"line":330,"column":2}},{"start":{"line":326,"column":1},"end":{"line":330,"column":2}}],"line":326},"23":{"loc":{"start":{"line":347,"column":2},"end":{"line":393,"column":3}},"type":"if","locations":[{"start":{"line":347,"column":2},"end":{"line":393,"column":3}},{"start":{"line":347,"column":2},"end":{"line":393,"column":3}}],"line":347},"24":{"loc":{"start":{"line":358,"column":3},"end":{"line":392,"column":4}},"type":"if","locations":[{"start":{"line":358,"column":3},"end":{"line":392,"column":4}},{"start":{"line":358,"column":3},"end":{"line":392,"column":4}}],"line":358},"25":{"loc":{"start":{"line":390,"column":10},"end":{"line":392,"column":4}},"type":"if","locations":[{"start":{"line":390,"column":10},"end":{"line":392,"column":4}},{"start":{"line":390,"column":10},"end":{"line":392,"column":4}}],"line":390}},"s":{"0":0,"1":0,"2":0,"3":0,"4":0,"5":0,"6":0,"7":0,"8":0,"9":0,"10":0,"11":0,"12":0,"13":0,"14":0,"15":0,"16":0,"17":0,"18":0,"19":0,"20":0,"21":0,"22":0,"23":0,"24":0,"25":0,"26":0,"27":0,"28":0,"29":0,"30":0,"31":0,"32":0,"33":0,"34":0,"35":0,"36":0,"37":0,"38":0,"39":0,"40":0,"41":0,"42":0,"43":0,"44":0,"45":0,"46":0,"47":0,"48":0,"49":0,"50":0,"51":0,"52":0,"53":0,"54":0,"55":0,"56":0,"57":0,"58":0,"59":0,"60":0,"61":0,"62":0,"63":0,"64":0,"65":0,"66":0,"67":0,"68":0,"69":0,"70":0,"71":0,"72":0,"73":0,"74":0,"75":0,"76":0,"77":0,"78":0,"79":0,"80":0,"81":0,"82":0,"83":0,"84":0,"85":0,"86":0,"87":0,"88":0,"89":0,"90":0,"91":0,"92":0,"93":0,"94":0,"95":0,"96":0,"97":0,"98":0,"99":0,"100":0,"101":0,"102":0,"103":0,"104":0,"105":0,"106":0,"107":0,"108":0,"109":0,"110":0,"111":0,"112":0,"113":0,"114":0,"115":0,"116":0,"117":0,"118":0,"119":0,"120":0,"121":0,"122":0,"123":0,"124":0,"125":0,"126":0,"127":0},"f":{"0":0,"1":0,"2":0,"3":0,"4":0,"5":0,"6":0,"7":0,"8":0,"9":0,"10":0,"11":0,"12":0,"13":0,"14":0,"15":0,"16":0,"17":0,"18":0,"19":0,"20":0,"21":0,"22":0,"23":0,"24":0},"b":{"0":[0,0],"1":[0,0],"2":[0,0],"3":[0,0],"4":[0,0,0],"5":[0,0],"6":[0,0],"7":[0,0],"8":[0,0],"9":[0,0],"10":[0,0,0,0],"11":[0,0],"12":[0,0,0,0],"13":[0,0],"14":[0,0],"15":[0,0],"16":[0,0],"17":[0,0],"18":[0,0],"19":[0,0],"20":[0,0],"21":[0,0],"22":[0,0],"23":[0,0],"24":[0,0],"25":[0,0]},"hash":"fc0f1b75e12a5299023cbd284f1e6219859b8562"}
,"/home/node/app/services/app/src/actions/user.ts": {"path":"/home/node/app/services/app/src/actions/user.ts","statementMap":{"0":{"start":{"line":12,"column":26},"end":{"line":26,"column":1}},"1":{"start":{"line":17,"column":18},"end":{"line":26,"column":1}},"2":{"start":{"line":18,"column":1},"end":{"line":25,"column":2}},"3":{"start":{"line":19,"column":2},"end":{"line":19,"column":38}},"4":{"start":{"line":20,"column":17},"end":{"line":20,"column":21}},"5":{"start":{"line":21,"column":2},"end":{"line":21,"column":64}},"6":{"start":{"line":22,"column":2},"end":{"line":22,"column":55}},"7":{"start":{"line":24,"column":2},"end":{"line":24,"column":51}},"8":{"start":{"line":30,"column":23},"end":{"line":30,"column":27}},"9":{"start":{"line":32,"column":27},"end":{"line":70,"column":1}},"10":{"start":{"line":37,"column":18},"end":{"line":70,"column":1}},"11":{"start":{"line":40,"column":5},"end":{"line":40,"column":15}},"12":{"start":{"line":41,"column":1},"end":{"line":44,"column":2}},"13":{"start":{"line":43,"column":2},"end":{"line":43,"column":9}},"14":{"start":{"line":45,"column":1},"end":{"line":45,"column":28}},"15":{"start":{"line":46,"column":1},"end":{"line":69,"column":2}},"16":{"start":{"line":47,"column":2},"end":{"line":47,"column":66}},"17":{"start":{"line":48,"column":18},"end":{"line":48,"column":56}},"18":{"start":{"line":49,"column":2},"end":{"line":55,"column":4}},"19":{"start":{"line":56,"column":2},"end":{"line":62,"column":4}},"20":{"start":{"line":58,"column":20},"end":{"line":58,"column":53}},"21":{"start":{"line":59,"column":4},"end":{"line":59,"column":61}},"22":{"start":{"line":60,"column":4},"end":{"line":60,"column":56}},"23":{"start":{"line":63,"column":2},"end":{"line":65,"column":3}},"24":{"start":{"line":64,"column":3},"end":{"line":64,"column":23}},"25":{"start":{"line":67,"column":2},"end":{"line":67,"column":51}},"26":{"start":{"line":68,"column":2},"end":{"line":68,"column":29}},"27":{"start":{"line":72,"column":30},"end":{"line":89,"column":1}},"28":{"start":{"line":72,"column":49},"end":{"line":89,"column":1}},"29":{"start":{"line":78,"column":5},"end":{"line":78,"column":15}},"30":{"start":{"line":79,"column":1},"end":{"line":82,"column":2}},"31":{"start":{"line":81,"column":2},"end":{"line":81,"column":9}},"32":{"start":{"line":83,"column":1},"end":{"line":83,"column":68}},"33":{"start":{"line":84,"column":1},"end":{"line":87,"column":2}},"34":{"start":{"line":85,"column":2},"end":{"line":85,"column":32}},"35":{"start":{"line":86,"column":2},"end":{"line":86,"column":21}},"36":{"start":{"line":88,"column":1},"end":{"line":88,"column":23}},"37":{"start":{"line":91,"column":29},"end":{"line":103,"column":1}},"38":{"start":{"line":91,"column":48},"end":{"line":103,"column":1}},"39":{"start":{"line":96,"column":5},"end":{"line":96,"column":15}},"40":{"start":{"line":97,"column":1},"end":{"line":100,"column":2}},"41":{"start":{"line":99,"column":2},"end":{"line":99,"column":9}},"42":{"start":{"line":101,"column":1},"end":{"line":101,"column":67}},"43":{"start":{"line":102,"column":1},"end":{"line":102,"column":45}}},"fnMap":{"0":{"name":"(anonymous_0)","decl":{"start":{"line":12,"column":26},"end":{"line":12,"column":27}},"loc":{"start":{"line":17,"column":18},"end":{"line":26,"column":1}},"line":17},"1":{"name":"(anonymous_1)","decl":{"start":{"line":17,"column":18},"end":{"line":17,"column":19}},"loc":{"start":{"line":17,"column":36},"end":{"line":26,"column":1}},"line":17},"2":{"name":"(anonymous_2)","decl":{"start":{"line":32,"column":27},"end":{"line":32,"column":28}},"loc":{"start":{"line":37,"column":18},"end":{"line":70,"column":1}},"line":37},"3":{"name":"(anonymous_3)","decl":{"start":{"line":37,"column":18},"end":{"line":37,"column":19}},"loc":{"start":{"line":37,"column":48},"end":{"line":70,"column":1}},"line":37},"4":{"name":"(anonymous_4)","decl":{"start":{"line":57,"column":3},"end":{"line":57,"column":4}},"loc":{"start":{"line":57,"column":49},"end":{"line":61,"column":4}},"line":57},"5":{"name":"(anonymous_5)","decl":{"start":{"line":72,"column":30},"end":{"line":72,"column":31}},"loc":{"start":{"line":72,"column":49},"end":{"line":89,"column":1}},"line":72},"6":{"name":"(anonymous_6)","decl":{"start":{"line":72,"column":49},"end":{"line":72,"column":50}},"loc":{"start":{"line":72,"column":79},"end":{"line":89,"column":1}},"line":72},"7":{"name":"(anonymous_7)","decl":{"start":{"line":91,"column":29},"end":{"line":91,"column":30}},"loc":{"start":{"line":91,"column":48},"end":{"line":103,"column":1}},"line":91},"8":{"name":"(anonymous_8)","decl":{"start":{"line":91,"column":48},"end":{"line":91,"column":49}},"loc":{"start":{"line":91,"column":78},"end":{"line":103,"column":1}},"line":91}},"branchMap":{"0":{"loc":{"start":{"line":41,"column":1},"end":{"line":44,"column":2}},"type":"if","locations":[{"start":{"line":41,"column":1},"end":{"line":44,"column":2}},{"start":{"line":41,"column":1},"end":{"line":44,"column":2}}],"line":41},"1":{"loc":{"start":{"line":41,"column":5},"end":{"line":41,"column":57}},"type":"binary-expr","locations":[{"start":{"line":41,"column":5},"end":{"line":41,"column":9}},{"start":{"line":41,"column":13},"end":{"line":41,"column":31}},{"start":{"line":41,"column":35},"end":{"line":41,"column":57}}],"line":41},"2":{"loc":{"start":{"line":63,"column":2},"end":{"line":65,"column":3}},"type":"if","locations":[{"start":{"line":63,"column":2},"end":{"line":65,"column":3}},{"start":{"line":63,"column":2},"end":{"line":65,"column":3}}],"line":63},"3":{"loc":{"start":{"line":63,"column":6},"end":{"line":63,"column":34}},"type":"binary-expr","locations":[{"start":{"line":63,"column":6},"end":{"line":63,"column":13}},{"start":{"line":63,"column":17},"end":{"line":63,"column":34}}],"line":63},"4":{"loc":{"start":{"line":79,"column":1},"end":{"line":82,"column":2}},"type":"if","locations":[{"start":{"line":79,"column":1},"end":{"line":82,"column":2}},{"start":{"line":79,"column":1},"end":{"line":82,"column":2}}],"line":79},"5":{"loc":{"start":{"line":79,"column":5},"end":{"line":79,"column":41}},"type":"binary-expr","locations":[{"start":{"line":79,"column":5},"end":{"line":79,"column":10}},{"start":{"line":79,"column":14},"end":{"line":79,"column":21}},{"start":{"line":79,"column":25},"end":{"line":79,"column":32}},{"start":{"line":79,"column":36},"end":{"line":79,"column":41}}],"line":79},"6":{"loc":{"start":{"line":84,"column":1},"end":{"line":87,"column":2}},"type":"if","locations":[{"start":{"line":84,"column":1},"end":{"line":87,"column":2}},{"start":{"line":84,"column":1},"end":{"line":87,"column":2}}],"line":84},"7":{"loc":{"start":{"line":97,"column":1},"end":{"line":100,"column":2}},"type":"if","locations":[{"start":{"line":97,"column":1},"end":{"line":100,"column":2}},{"start":{"line":97,"column":1},"end":{"line":100,"column":2}}],"line":97},"8":{"loc":{"start":{"line":97,"column":5},"end":{"line":97,"column":32}},"type":"binary-expr","locations":[{"start":{"line":97,"column":5},"end":{"line":97,"column":10}},{"start":{"line":97,"column":14},"end":{"line":97,"column":21}},{"start":{"line":97,"column":25},"end":{"line":97,"column":32}}],"line":97}},"s":{"0":0,"1":0,"2":0,"3":0,"4":0,"5":0,"6":0,"7":0,"8":0,"9":0,"10":0,"11":0,"12":0,"13":0,"14":0,"15":0,"16":0,"17":0,"18":0,"19":0,"20":0,"21":0,"22":0,"23":0,"24":0,"25":0,"26":0,"27":0,"28":0,"29":0,"30":0,"31":0,"32":0,"33":0,"34":0,"35":0,"36":0,"37":0,"38":0,"39":0,"40":0,"41":0,"42":0,"43":0},"f":{"0":0,"1":0,"2":0,"3":0,"4":0,"5":0,"6":0,"7":0,"8":0},"b":{"0":[0,0],"1":[0,0,0],"2":[0,0],"3":[0,0],"4":[0,0],"5":[0,0,0,0],"6":[0,0],"7":[0,0],"8":[0,0,0]},"hash":"b3ca64ccd86cf124761c4b4ecbe00b88d69ca8c0"}
,"/home/node/app/services/app/src/actions/games/seabattle.ts": {"path":"/home/node/app/services/app/src/actions/games/seabattle.ts","statementMap":{"0":{"start":{"line":33,"column":26},"end":{"line":92,"column":1}},"1":{"start":{"line":33,"column":45},"end":{"line":92,"column":1}},"2":{"start":{"line":39,"column":5},"end":{"line":39,"column":15}},"3":{"start":{"line":40,"column":1},"end":{"line":55,"column":2}},"4":{"start":{"line":41,"column":2},"end":{"line":41,"column":48}},"5":{"start":{"line":42,"column":2},"end":{"line":53,"column":4}},"6":{"start":{"line":48,"column":7},"end":{"line":48,"column":30}},"7":{"start":{"line":54,"column":2},"end":{"line":54,"column":9}},"8":{"start":{"line":56,"column":1},"end":{"line":72,"column":2}},"9":{"start":{"line":57,"column":2},"end":{"line":57,"column":45}},"10":{"start":{"line":58,"column":2},"end":{"line":58,"column":48}},"11":{"start":{"line":59,"column":2},"end":{"line":70,"column":4}},"12":{"start":{"line":65,"column":7},"end":{"line":65,"column":30}},"13":{"start":{"line":71,"column":2},"end":{"line":71,"column":9}},"14":{"start":{"line":73,"column":1},"end":{"line":91,"column":2}},"15":{"start":{"line":74,"column":2},"end":{"line":74,"column":61}},"16":{"start":{"line":75,"column":17},"end":{"line":75,"column":41}},"17":{"start":{"line":76,"column":14},"end":{"line":76,"column":64}},"18":{"start":{"line":76,"column":40},"end":{"line":76,"column":63}},"19":{"start":{"line":77,"column":2},"end":{"line":79,"column":3}},"20":{"start":{"line":78,"column":3},"end":{"line":78,"column":10}},"21":{"start":{"line":80,"column":2},"end":{"line":83,"column":3}},"22":{"start":{"line":81,"column":3},"end":{"line":81,"column":53}},"23":{"start":{"line":82,"column":3},"end":{"line":82,"column":10}},"24":{"start":{"line":84,"column":2},"end":{"line":84,"column":32}},"25":{"start":{"line":85,"column":2},"end":{"line":88,"column":5}},"26":{"start":{"line":90,"column":2},"end":{"line":90,"column":51}},"27":{"start":{"line":96,"column":24},"end":{"line":246,"column":1}},"28":{"start":{"line":102,"column":19},"end":{"line":246,"column":1}},"29":{"start":{"line":108,"column":5},"end":{"line":108,"column":15}},"30":{"start":{"line":109,"column":1},"end":{"line":124,"column":2}},"31":{"start":{"line":110,"column":2},"end":{"line":110,"column":48}},"32":{"start":{"line":111,"column":2},"end":{"line":122,"column":4}},"33":{"start":{"line":117,"column":7},"end":{"line":117,"column":51}},"34":{"start":{"line":123,"column":2},"end":{"line":123,"column":9}},"35":{"start":{"line":125,"column":1},"end":{"line":141,"column":2}},"36":{"start":{"line":126,"column":2},"end":{"line":126,"column":45}},"37":{"start":{"line":127,"column":2},"end":{"line":127,"column":48}},"38":{"start":{"line":128,"column":2},"end":{"line":139,"column":4}},"39":{"start":{"line":134,"column":7},"end":{"line":134,"column":51}},"40":{"start":{"line":140,"column":2},"end":{"line":140,"column":9}},"41":{"start":{"line":142,"column":1},"end":{"line":245,"column":2}},"42":{"start":{"line":143,"column":17},"end":{"line":143,"column":41}},"43":{"start":{"line":145,"column":20},"end":{"line":145,"column":70}},"44":{"start":{"line":145,"column":46},"end":{"line":145,"column":69}},"45":{"start":{"line":146,"column":2},"end":{"line":149,"column":3}},"46":{"start":{"line":147,"column":3},"end":{"line":147,"column":65}},"47":{"start":{"line":148,"column":3},"end":{"line":148,"column":10}},"48":{"start":{"line":151,"column":2},"end":{"line":154,"column":3}},"49":{"start":{"line":152,"column":3},"end":{"line":152,"column":59}},"50":{"start":{"line":153,"column":3},"end":{"line":153,"column":10}},"51":{"start":{"line":156,"column":20},"end":{"line":156,"column":29}},"52":{"start":{"line":157,"column":2},"end":{"line":160,"column":3}},"53":{"start":{"line":158,"column":3},"end":{"line":158,"column":49}},"54":{"start":{"line":159,"column":3},"end":{"line":159,"column":10}},"55":{"start":{"line":162,"column":59},"end":{"line":164,"column":3}},"56":{"start":{"line":166,"column":23},"end":{"line":166,"column":49}},"57":{"start":{"line":168,"column":20},"end":{"line":168,"column":38}},"58":{"start":{"line":169,"column":2},"end":{"line":174,"column":3}},"59":{"start":{"line":170,"column":3},"end":{"line":171,"column":63}},"60":{"start":{"line":172,"column":3},"end":{"line":173,"column":63}},"61":{"start":{"line":176,"column":17},"end":{"line":176,"column":25}},"62":{"start":{"line":177,"column":21},"end":{"line":177,"column":33}},"63":{"start":{"line":178,"column":2},"end":{"line":194,"column":3}},"64":{"start":{"line":179,"column":3},"end":{"line":181,"column":4}},"65":{"start":{"line":180,"column":4},"end":{"line":180,"column":15}},"66":{"start":{"line":182,"column":3},"end":{"line":184,"column":4}},"67":{"start":{"line":183,"column":4},"end":{"line":183,"column":15}},"68":{"start":{"line":185,"column":3},"end":{"line":185,"column":45}},"69":{"start":{"line":186,"column":3},"end":{"line":189,"column":8}},"70":{"start":{"line":190,"column":3},"end":{"line":193,"column":8}},"71":{"start":{"line":196,"column":15},"end":{"line":196,"column":31}},"72":{"start":{"line":197,"column":2},"end":{"line":207,"column":3}},"73":{"start":{"line":197,"column":28},"end":{"line":197,"column":49}},"74":{"start":{"line":198,"column":3},"end":{"line":205,"column":5}},"75":{"start":{"line":206,"column":3},"end":{"line":206,"column":10}},"76":{"start":{"line":209,"column":2},"end":{"line":224,"column":3}},"77":{"start":{"line":210,"column":3},"end":{"line":217,"column":6}},"78":{"start":{"line":218,"column":3},"end":{"line":222,"column":5}},"79":{"start":{"line":223,"column":3},"end":{"line":223,"column":10}},"80":{"start":{"line":226,"column":2},"end":{"line":233,"column":5}},"81":{"start":{"line":236,"column":2},"end":{"line":236,"column":24}},"82":{"start":{"line":237,"column":2},"end":{"line":237,"column":30}},"83":{"start":{"line":238,"column":2},"end":{"line":238,"column":32}},"84":{"start":{"line":239,"column":2},"end":{"line":242,"column":5}},"85":{"start":{"line":244,"column":2},"end":{"line":244,"column":51}},"86":{"start":{"line":250,"column":30},"end":{"line":418,"column":1}},"87":{"start":{"line":258,"column":19},"end":{"line":418,"column":1}},"88":{"start":{"line":264,"column":5},"end":{"line":264,"column":15}},"89":{"start":{"line":265,"column":1},"end":{"line":286,"column":2}},"90":{"start":{"line":266,"column":2},"end":{"line":266,"column":48}},"91":{"start":{"line":267,"column":2},"end":{"line":284,"column":4}},"92":{"start":{"line":273,"column":7},"end":{"line":279,"column":9}},"93":{"start":{"line":285,"column":2},"end":{"line":285,"column":9}},"94":{"start":{"line":287,"column":1},"end":{"line":309,"column":2}},"95":{"start":{"line":288,"column":2},"end":{"line":288,"column":45}},"96":{"start":{"line":289,"column":2},"end":{"line":289,"column":48}},"97":{"start":{"line":290,"column":2},"end":{"line":307,"column":4}},"98":{"start":{"line":296,"column":7},"end":{"line":302,"column":9}},"99":{"start":{"line":308,"column":2},"end":{"line":308,"column":9}},"100":{"start":{"line":310,"column":1},"end":{"line":417,"column":2}},"101":{"start":{"line":311,"column":17},"end":{"line":311,"column":41}},"102":{"start":{"line":313,"column":20},"end":{"line":313,"column":70}},"103":{"start":{"line":313,"column":46},"end":{"line":313,"column":69}},"104":{"start":{"line":314,"column":2},"end":{"line":317,"column":3}},"105":{"start":{"line":315,"column":3},"end":{"line":315,"column":65}},"106":{"start":{"line":316,"column":3},"end":{"line":316,"column":10}},"107":{"start":{"line":318,"column":2},"end":{"line":321,"column":3}},"108":{"start":{"line":319,"column":3},"end":{"line":319,"column":59}},"109":{"start":{"line":320,"column":3},"end":{"line":320,"column":10}},"110":{"start":{"line":323,"column":22},"end":{"line":323,"column":51}},"111":{"start":{"line":324,"column":2},"end":{"lin
[...]
{"line":199,"column":15},"end":{"line":229,"column":2}},"20":{"start":{"line":207,"column":31},"end":{"line":207,"column":33}},"21":{"start":{"line":208,"column":30},"end":{"line":208,"column":32}},"22":{"start":{"line":209,"column":28},"end":{"line":209,"column":30}},"23":{"start":{"line":210,"column":2},"end":{"line":227,"column":4}},"24":{"start":{"line":212,"column":18},"end":{"line":212,"column":49}},"25":{"start":{"line":213,"column":4},"end":{"line":216,"column":5}},"26":{"start":{"line":214,"column":5},"end":{"line":214,"column":30}},"27":{"start":{"line":215,"column":5},"end":{"line":215,"column":12}},"28":{"start":{"line":217,"column":4},"end":{"line":220,"column":5}},"29":{"start":{"line":218,"column":5},"end":{"line":218,"column":25}},"30":{"start":{"line":219,"column":5},"end":{"line":219,"column":12}},"31":{"start":{"line":221,"column":4},"end":{"line":224,"column":6}},"32":{"start":{"line":225,"column":4},"end":{"line":225,"column":23}},"33":{"start":{"line":228,"column":2},"end":{"line":228,"column":49}},"34":{"start":{"line":231,"column":24},"end":{"line":254,"column":2}},"35":{"start":{"line":235,"column":14},"end":{"line":235,"column":18}},"36":{"start":{"line":236,"column":19},"end":{"line":236,"column":21}},"37":{"start":{"line":237,"column":21},"end":{"line":237,"column":29}},"38":{"start":{"line":238,"column":2},"end":{"line":252,"column":3}},"39":{"start":{"line":239,"column":3},"end":{"line":244,"column":4}},"40":{"start":{"line":240,"column":4},"end":{"line":242,"column":7}},"41":{"start":{"line":243,"column":4},"end":{"line":243,"column":34}},"42":{"start":{"line":245,"column":40},"end":{"line":248,"column":4}},"43":{"start":{"line":249,"column":3},"end":{"line":249,"column":29}},"44":{"start":{"line":250,"column":3},"end":{"line":250,"column":29}},"45":{"start":{"line":251,"column":3},"end":{"line":251,"column":17}},"46":{"start":{"line":253,"column":2},"end":{"line":253,"column":13}},"47":{"start":{"line":256,"column":22},"end":{"line":266,"column":2}},"48":{"start":{"line":260,"column":2},"end":{"line":262,"column":3}},"49":{"start":{"line":261,"column":3},"end":{"line":261,"column":13}},"50":{"start":{"line":263,"column":2},"end":{"line":265,"column":27}},"51":{"start":{"line":268,"column":25},"end":{"line":280,"column":2}},"52":{"start":{"line":272,"column":2},"end":{"line":274,"column":3}},"53":{"start":{"line":273,"column":3},"end":{"line":273,"column":13}},"54":{"start":{"line":275,"column":2},"end":{"line":279,"column":63}},"55":{"start":{"line":278,"column":23},"end":{"line":278,"column":38}},"56":{"start":{"line":279,"column":20},"end":{"line":279,"column":61}},"57":{"start":{"line":282,"column":22},"end":{"line":292,"column":2}},"58":{"start":{"line":286,"column":2},"end":{"line":288,"column":3}},"59":{"start":{"line":287,"column":3},"end":{"line":287,"column":13}},"60":{"start":{"line":289,"column":2},"end":{"line":291,"column":51}},"61":{"start":{"line":290,"column":20},"end":{"line":290,"column":51}},"62":{"start":{"line":291,"column":17},"end":{"line":291,"column":49}},"63":{"start":{"line":294,"column":20},"end":{"line":301,"column":2}},"64":{"start":{"line":295,"column":2},"end":{"line":297,"column":3}},"65":{"start":{"line":296,"column":3},"end":{"line":296,"column":13}},"66":{"start":{"line":298,"column":2},"end":{"line":298,"column":55}},"67":{"start":{"line":299,"column":17},"end":{"line":299,"column":67}},"68":{"start":{"line":300,"column":2},"end":{"line":300,"column":34}},"69":{"start":{"line":303,"column":23},"end":{"line":315,"column":2}},"70":{"start":{"line":304,"column":2},"end":{"line":306,"column":3}},"71":{"start":{"line":305,"column":3},"end":{"line":305,"column":13}},"72":{"start":{"line":307,"column":2},"end":{"line":307,"column":58}},"73":{"start":{"line":308,"column":20},"end":{"line":311,"column":3}},"74":{"start":{"line":312,"column":2},"end":{"line":314,"column":4}},"75":{"start":{"line":313,"column":3},"end":{"line":313,"column":47}},"76":{"start":{"line":317,"column":20},"end":{"line":324,"column":2}},"77":{"start":{"line":318,"column":2},"end":{"line":320,"column":3}},"78":{"start":{"line":319,"column":3},"end":{"line":319,"column":13}},"79":{"start":{"line":321,"column":2},"end":{"line":321,"column":55}},"80":{"start":{"line":322,"column":17},"end":{"line":322,"column":67}},"81":{"start":{"line":323,"column":2},"end":{"line":323,"column":63}},"82":{"start":{"line":323,"column":29},"end":{"line":323,"column":61}},"83":{"start":{"line":326,"column":1},"end":{"line":333,"column":3}},"84":{"start":{"line":338,"column":27},"end":{"line":338,"column":42}}},"fnMap":{"0":{"name":"(anonymous_0)","decl":{"start":{"line":85,"column":21},"end":{"line":85,"column":22}},"loc":{"start":{"line":85,"column":56},"end":{"line":106,"column":1}},"line":85},"1":{"name":"(anonymous_1)","decl":{"start":{"line":102,"column":13},"end":{"line":102,"column":14}},"loc":{"start":{"line":102,"column":22},"end":{"line":102,"column":53}},"line":102},"2":{"name":"(anonymous_2)","decl":{"start":{"line":103,"column":10},"end":{"line":103,"column":11}},"loc":{"start":{"line":103,"column":19},"end":{"line":103,"column":45}},"line":103},"3":{"name":"(anonymous_3)","decl":{"start":{"line":108,"column":24},"end":{"line":108,"column":25}},"loc":{"start":{"line":111,"column":16},"end":{"line":130,"column":1}},"line":111},"4":{"name":"(anonymous_4)","decl":{"start":{"line":121,"column":13},"end":{"line":121,"column":14}},"loc":{"start":{"line":121,"column":22},"end":{"line":121,"column":53}},"line":121},"5":{"name":"(anonymous_5)","decl":{"start":{"line":122,"column":10},"end":{"line":122,"column":11}},"loc":{"start":{"line":122,"column":19},"end":{"line":122,"column":51}},"line":122},"6":{"name":"(anonymous_6)","decl":{"start":{"line":132,"column":21},"end":{"line":132,"column":22}},"loc":{"start":{"line":135,"column":13},"end":{"line":157,"column":1}},"line":135},"7":{"name":"(anonymous_7)","decl":{"start":{"line":180,"column":22},"end":{"line":180,"column":23}},"loc":{"start":{"line":180,"column":39},"end":{"line":334,"column":1}},"line":180},"8":{"name":"(anonymous_8)","decl":{"start":{"line":181,"column":15},"end":{"line":181,"column":16}},"loc":{"start":{"line":181,"column":61},"end":{"line":185,"column":2}},"line":181},"9":{"name":"(anonymous_9)","decl":{"start":{"line":187,"column":17},"end":{"line":187,"column":18}},"loc":{"start":{"line":192,"column":2},"end":{"line":197,"column":3}},"line":192},"10":{"name":"(anonymous_10)","decl":{"start":{"line":199,"column":15},"end":{"line":199,"column":16}},"loc":{"start":{"line":206,"column":7},"end":{"line":229,"column":2}},"line":206},"11":{"name":"(anonymous_11)","decl":{"start":{"line":211,"column":11},"end":{"line":211,"column":12}},"loc":{"start":{"line":211,"column":23},"end":{"line":226,"column":4}},"line":211},"12":{"name":"(anonymous_12)","decl":{"start":{"line":231,"column":24},"end":{"line":231,"column":25}},"loc":{"start":{"line":234,"column":20},"end":{"line":254,"column":2}},"line":234},"13":{"name":"(anonymous_13)","decl":{"start":{"line":256,"column":22},"end":{"line":256,"column":23}},"loc":{"start":{"line":259,"column":24},"end":{"line":266,"column":2}},"line":259},"14":{"name":"(anonymous_14)","decl":{"start":{"line":268,"column":25},"end":{"line":268,"column":26}},"loc":{"start":{"line":271,"column":27},"end":{"line":280,"column":2}},"line":271},"15":{"name":"(anonymous_15)","decl":{"start":{"line":278,"column":11},"end":{"line":278,"column":12}},"loc":{"start":{"line":278,"column":23},"end":{"line":278,"column":38}},"line":278},"16":{"name":"(anonymous_16)","decl":{"start":{"line":279,"column":8},"end":{"line":279,"column":9}},"loc":{"start":{"line":279,"column":20},"end":{"line":279,"column":61}},"line":279},"17":{"name":"(anonymous_17)","decl":{"start":{"line":282,"column":22},"end":{"line":282,"column":23}},"loc":{"start":{"line":285,"column":24},"end":{"line":292,"column":2}},"line":285},"18":{"name":"(anonymous_18)","decl":{"start":{"line":290,"column":11},"end":{"line":290,"column":12}},"loc":{"start":{"line":290,"column":20},"end":{"line":290,"column":51}},"line":290},"19":{"name":"(anonymous_19)","decl":{"start":{"line":291,"column":8},"end":{"line":291,"column":9}},"loc":{"start":{"line":291,"column":17},"end":{"line":291,"column":49}},"line":291},"20":{"name":"(anonymous_20)","decl":{"start":{"line":294,"column":20},"end":{"line":294,"column":21}},"loc":{"start":{"line":294,"column":63},"end":{"line":301,"column":2}},"line":294},"21":{"name":"(anonymous_21)","decl":{"start":{"line":303,"column":23},"end":{"line":303,"column":24}},"loc":{"start":{"line":303,"column":69},"end":{"line":315,"column":2}},"line":303},"22":{"name":"(anonymous_22)","decl":{"start":{"line":312,"column":23},"end":{"line":312,"column":24}},"loc":{"start":{"line":313,"column":3},"end":{"line":313,"column":47}},"line":313},"23":{"name":"(anonymous_23)","decl":{"start":{"line":317,"column":20},"end":{"line":317,"column":21}},"loc":{"start":{"line":317,"column":63},"end":{"line":324,"column":2}},"line":317},"24":{"name":"(anonymous_24)","decl":{"start":{"line":323,"column":20},"end":{"line":323,"column":21}},"loc":{"start":{"line":323,"column":29},"end":{"line":323,"column":61}},"line":323}},"branchMap":{"0":{"loc":{"start":{"line":100,"column":2},"end":{"line":104,"column":7}},"type":"cond-expr","locations":[{"start":{"line":101,"column":5},"end":{"line":103,"column":46}},{"start":{"line":104,"column":5},"end":{"line":104,"column":7}}],"line":100},"1":{"loc":{"start":{"line":102,"column":22},"end":{"line":102,"column":53}},"type":"binary-expr","locations":[{"start":{"line":102,"column":22},"end":{"line":102,"column":36}},{"start":{"line":102,"column":40},"end":{"line":102,"column":53}}],"line":102},"2":{"loc":{"start":{"line":119,"column":2},"end":{"line":123,"column":7}},"type":"cond-expr","locations":[{"start":{"line":120,"column":5},"end":{"line":122,"column":52}},{"start":{"line":123,"column":5},"end":{"line":123,"column":7}}],"line":119},"3":{"loc":{"start":{"line":121,"column":22},"end":{"line":121,"column":53}},"type":"binary-expr","locations":[{"start":{"line":121,"column":22},"end":{"line":121,"column":36}},{"start":{"line":121,"column":40},"end":{"line":121,"column":53}}],"line":121},"4":{"loc":{"start":{"line":195,"column":4},"end":{"line":195,"column":61}},"type":"cond-expr","locations":[{"start":{"line":195,"column":31},"end":{"line":195,"column":56}},{"start":{"line":195,"column":59},"end":{"line":195,"column":61}}],"line":195},"5":{"loc":{"start":{"line":195,"column":4},"end":{"line":195,"column":28}},"type":"binary-expr","locations":[{"start":{"line":195,"column":4},"end":{"line":195,"column":11}},{"start":{"line":195,"column":15},"end":{"line":195,"column":28}}],"line":195},"6":{"loc":{"start":{"line":213,"column":4},"end":{"line":216,"column":5}},"type":"if","locations":[{"start":{"line":213,"column":4},"end":{"line":216,"column":5}},{"start":{"line":213,"column":4},"end":{"line":216,"column":5}}],"line":213},"7":{"loc":{"start":{"line":217,"column":4},"end":{"line":220,"column":5}},"type":"if","locations":[{"start":{"line":217,"column":4},"end":{"line":220,"column":5}},{"start":{"line":217,"column":4},"end":{"line":220,"column":5}}],"line":217},"8":{"loc":{"start":{"line":239,"column":3},"end":{"line":244,"column":4}},"type":"if","locations":[{"start":{"line":239,"column":3},"end":{"line":244,"column":4}},{"start":{"line":239,"column":3},"end":{"line":244,"column":4}}],"line":239},"9":{"loc":{"start":{"line":260,"column":2},"end":{"line":262,"column":3}},"type":"if","locations":[{"start":{"line":260,"column":2},"end":{"line":262,"column":3}},{"start":{"line":260,"column":2},"end":{"line":262,"column":3}}],"line":260},"10":{"loc":{"start":{"line":272,"column":2},"end":{"line":274,"column":3}},"type":"if","locations":[{"start":{"line":272,"column":2},"end":{"line":274,"column":3}},{"start":{"line":272,"column":2},"end":{"line":274,"column":3}}],"line":272},"11":{"loc":{"start":{"line":286,"column":2},"end":{"line":288,"column":3}},"type":"if","locations":[{"start":{"line":286,"column":2},"end":{"line":288,"column":3}},{"start":{"line":286,"column":2},"end":{"line":288,"column":3}}],"line":286},"12":{"loc":{"start":{"line":290,"column":20},"end":{"line":290,"column":51}},"type":"binary-expr","locations":[{"start":{"line":290,"column":20},"end":{"line":290,"column":34}},{"start":{"line":290,"column":38},"end":{"line":290,"column":51}}],"line":290},"13":{"loc":{"start":{"line":295,"column":2},"end":{"line":297,"column":3}},"type":"if","locations":[{"start":{"line":295,"column":2},"end":{"line":297,"column":3}},{"start":{"line":295,"column":2},"end":{"line":297,"column":3}}],"line":295},"14":{"loc":{"start":{"line":304,"column":2},"end":{"line":306,"column":3}},"type":"if","locations":[{"start":{"line":304,"column":2},"end":{"line":306,"column":3}},{"start":{"line":304,"column":2},"end":{"line":306,"column":3}}],"line":304},"15":{"loc":{"start":{"line":318,"column":2},"end":{"line":320,"column":3}},"type":"if","locations":[{"start":{"line":318,"column":2},"end":{"line":320,"column":3}},{"start":{"line":318,"column":2},"end":{"line":320,"column":3}}],"line":318}},"s":{"0":2,"1":2,"2":2,"3":2,"4":2,"5":2,"6":2,"7":2,"8":2,"9":2,"10":2,"11":2,"12":6,"13":2,"14":2,"15":7,"16":7,"17":2,"18":3,"19":2,"20":4,"21":4,"22":4,"23":4,"24":4,"25":4,"26":3,"27":3,"28":1,"29":0,"30":0,"31":1,"32":1,"33":4,"34":2,"35":4,"36":4,"37":4,"38":4,"39":4,"40":0,"41":0,"42":4,"43":4,"44":4,"45":4,"46":4,"47":2,"48":3,"49":2,"50":1,"51":2,"52":3,"53":2,"54":1,"55":1,"56":1,"57":2,"58":3,"59":2,"60":1,"61":1,"62":1,"63":2,"64":5,"65":3,"66":2,"67":2,"68":2,"69":2,"70":4,"71":3,"72":1,"73":1,"74":1,"75":1,"76":2,"77":4,"78":3,"79":1,"80":1,"81":1,"82":1,"83":2,"84":2},"f":{"0":2,"1":2,"2":2,"3":2,"4":2,"5":2,"6":6,"7":2,"8":7,"9":3,"10":4,"11":4,"12":4,"13":3,"14":3,"15":1,"16":1,"17":3,"18":1,"19":1,"20":5,"21":4,"22":1,"23":4,"24":1},"b":{"0":[2,0],"1":[2,2],"2":[2,0],"3":[2,2],"4":[3,0],"5":[3,3],"6":[3,1],"7":[0,1],"8":[0,4],"9":[2,1],"10":[2,1],"11":[2,1],"12":[1,1],"13":[3,2],"14":[3,1],"15":[3,1]},"_coverageSchema":"43e27e138ebf9cfc5966b082cf9a028302ed4184","hash":"5e9ab56ba11acb10624efe65bca7415188bd1b12"}
,"/home/node/app/services/app/src/utils/providers/index.ts": {"path":"/home/node/app/services/app/src/utils/providers/index.ts","statementMap":{"0":{"start":{"line":30,"column":26},"end":{"line":64,"column":1}},"1":{"start":{"line":33,"column":5},"end":{"line":41,"column":2}},"2":{"start":{"line":42,"column":1},"end":{"line":44,"column":2}},"3":{"start":{"line":43,"column":2},"end":{"line":43,"column":52}},"4":{"start":{"line":45,"column":16},"end":{"line":53,"column":2}},"5":{"start":{"line":54,"column":26},"end":{"line":54,"column":28}},"6":{"start":{"line":55,"column":1},"end":{"line":62,"column":2}},"7":{"start":{"line":56,"column":16},"end":{"line":58,"column":3}},"8":{"start":{"line":57,"column":12},"end":{"line":57,"column":34}},"9":{"start":{"line":59,"column":2},"end":{"line":61,"column":3}},"10":{"start":{"line":60,"column":3},"end":{"line":60,"column":23}},"11":{"start":{"line":63,"column":1},"end":{"line":63,"column":16}},"12":{"start":{"line":68,"column":29},"end":{"line":98,"column":1}},"13":{"start":{"line":75,"column":36},"end":{"line":88,"column":3}},"14":{"start":{"line":77,"column":20},"end":{"line":77,"column":71}},"15":{"start":{"line":81,"column":4},"end":{"line":87,"column":5}},"16":{"start":{"line":84,"column":6},"end":{"line":86,"column":31}},"17":{"start":{"line":89,"column":19},"end":{"line":89,"column":48}},"18":{"start":{"line":90,"column":37},"end":{"line":90,"column":39}},"19":{"start":{"line":91,"column":1},"end":{"line":96,"column":2}},"20":{"start":{"line":92,"column":2},"end":{"line":92,"column":33}},"21":{"start":{"line":93,"column":2},"end":{"line":95,"column":3}},"22":{"start":{"line":94,"column":3},"end":{"line":94,"column":44}},"23":{"start":{"line":97,"column":1},"end":{"line":97,"column":42}},"24":{"start":{"line":101,"column":28},"end":{"line":150,"column":1}},"25":{"start":{"line":106,"column":1},"end":{"line":121,"column":2}},"26":{"start":{"line":107,"column":35},"end":{"line":111,"column":4}},"27":{"start":{"line":112,"column":2},"end":{"line":120,"column":4}},"28":{"start":{"line":122,"column":32},"end":{"line":128,"column":2}},"29":{"start":{"line":129,"column":1},"end":{"line":148,"column":2}},"30":{"start":{"line":131,"column":3},"end":{"line":134,"column":5}},"31":{"start":{"line":135,"column":3},"end":{"line":135,"column":9}},"32":{"start":{"line":137,"column":3},"end":{"line":140,"column":5}},"33":{"start":{"line":141,"column":3},"end":{"line":141,"column":9}},"34":{"start":{"line":143,"column":3},"end":{"line":146,"column":5}},"35":{"start":{"line":147,"column":3},"end":{"line":147,"column":9}},"36":{"start":{"line":149,"column":1},"end":{"line":149,"column":16}}},"fnMap":{"0":{"name":"(anonymous_0)","decl":{"start":{"line":30,"column":26},"end":{"line":30,"column":27}},"loc":{"start":{"line":30,"column":79},"end":{"line":64,"column":1}},"line":30},"1":{"name":"(anonymous_1)","decl":{"start":{"line":57,"column":3},"end":{"line":57,"column":4}},"loc":{"start":{"line":57,"column":12},"end":{"line":57,"column":34}},"line":57},"2":{"name":"(anonymous_2)","decl":{"start":{"line":68,"column":29},"end":{"line":68,"column":30}},"loc":{"start":{"line":74,"column":6},"end":{"line":98,"column":1}},"line":74},"3":{"name":"(anonymous_3)","decl":{"start":{"line":77,"column":10},"end":{"line":77,"column":11}},"loc":{"start":{"line":77,"column":20},"end":{"line":77,"column":71}},"line":77},"4":{"name":"(anonymous_4)","decl":{"start":{"line":80,"column":3},"end":{"line":80,"column":4}},"loc":{"start":{"line":81,"column":4},"end":{"line":87,"column":5}},"line":81},"5":{"name":"(anonymous_5)","decl":{"start":{"line":83,"column":5},"end":{"line":83,"column":6}},"loc":{"start":{"line":84,"column":6},"end":{"line":86,"column":31}},"line":84},"6":{"name":"(anonymous_6)","decl":{"start":{"line":101,"column":28},"end":{"line":101,"column":29}},"loc":{"start":{"line":105,"column":29},"end":{"line":150,"column":1}},"line":105}},"branchMap":{"0":{"loc":{"start":{"line":59,"column":2},"end":{"line":61,"column":3}},"type":"if","locations":[{"start":{"line":59,"column":2},"end":{"line":61,"column":3}},{"start":{"line":59,"column":2},"end":{"line":61,"column":3}}],"line":59},"1":{"loc":{"start":{"line":84,"column":6},"end":{"line":86,"column":31}},"type":"binary-expr","locations":[{"start":{"line":84,"column":6},"end":{"line":84,"column":27}},{"start":{"line":85,"column":6},"end":{"line":85,"column":39}},{"start":{"line":86,"column":6},"end":{"line":86,"column":31}}],"line":84},"2":{"loc":{"start":{"line":93,"column":2},"end":{"line":95,"column":3}},"type":"if","locations":[{"start":{"line":93,"column":2},"end":{"line":95,"column":3}},{"start":{"line":93,"column":2},"end":{"line":95,"column":3}}],"line":93},"3":{"loc":{"start":{"line":106,"column":1},"end":{"line":121,"column":2}},"type":"if","locations":[{"start":{"line":106,"column":1},"end":{"line":121,"column":2}},{"start":{"line":106,"column":1},"end":{"line":121,"column":2}}],"line":106},"4":{"loc":{"start":{"line":129,"column":1},"end":{"line":148,"column":2}},"type":"switch","locations":[{"start":{"line":130,"column":2},"end":{"line":135,"column":9}},{"start":{"line":136,"column":2},"end":{"line":141,"column":9}},{"start":{"line":142,"column":2},"end":{"line":147,"column":9}}],"line":129}},"s":{"0":1,"1":2,"2":2,"3":0,"4":2,"5":2,"6":2,"7":0,"8":0,"9":0,"10":0,"11":2,"12":1,"13":1,"14":0,"15":0,"16":0,"17":1,"18":1,"19":1,"20":0,"21":0,"22":0,"23":1,"24":1,"25":1,"26":1,"27":1,"28":0,"29":0,"30":0,"31":0,"32":0,"33":0,"34":0,"35":0,"36":0},"f":{"0":2,"1":0,"2":1,"3":0,"4":0,"5":0,"6":1},"b":{"0":[0,0],"1":[0,0,0],"2":[0,0],"3":[1,0],"4":[0,0,0]},"_coverageSchema":"43e27e138ebf9cfc5966b082cf9a028302ed4184","hash":"737aca69a2e231a947bc8dfc973e2d08b82138f7"}
}
