TN:
SF:/home/node/app/services/app/src/index.tsx
FN:21,(anonymous_0)
FN:28,(anonymous_1)
FNF:2
FNH:0
FNDA:0,(anonymous_0)
FNDA:0,(anonymous_1)
DA:17,0
DA:21,0
DA:22,0
DA:23,0
DA:28,0
DA:29,0
LF:6
LH:0
BRF:0
BRH:0
end_of_record
TN:
SF:/home/node/app/services/app/src/serviceWorker.ts
FN:23,register
FN:36,(anonymous_1)
FN:46,(anonymous_2)
FN:61,registerValidSW
FN:65,(anonymous_4)
FN:67,(anonymous_5)
FN:74,(anonymous_6)
FN:110,(anonymous_7)
FN:115,checkValidServiceWorker
FN:121,(anonymous_9)
FN:135,(anonymous_10)
FN:136,(anonymous_11)
FN:145,(anonymous_12)
FN:152,unregister
FN:155,(anonymous_14)
FN:158,(anonymous_15)
FNF:16
FNH:0
FNDA:0,register
FNDA:0,(anonymous_1)
FNDA:0,(anonymous_2)
FNDA:0,registerValidSW
FNDA:0,(anonymous_4)
FNDA:0,(anonymous_5)
FNDA:0,(anonymous_6)
FNDA:0,(anonymous_7)
FNDA:0,checkValidServiceWorker
FNDA:0,(anonymous_9)
FNDA:0,(anonymous_10)
FNDA:0,(anonymous_11)
FNDA:0,(anonymous_12)
FNDA:0,unregister
FNDA:0,(anonymous_14)
FNDA:0,(anonymous_15)
DA:13,0
DA:24,0
DA:25,0
DA:27,0
DA:28,0
DA:29,0
DA:33,0
DA:36,0
DA:37,0
DA:38,0
DA:39,0
DA:40,0
DA:42,0
DA:46,0
DA:47,0
DA:53,0
DA:55,0
DA:62,0
DA:63,0
DA:66,0
DA:67,0
DA:68,0
DA:69,0
DA:70,0
DA:71,0
DA:73,0
DA:74,0
DA:75,0
DA:79,0
DA:80,0
DA:81,0
DA:85,0
DA:91,0
DA:92,0
DA:95,0
DA:99,0
DA:102,0
DA:103,0
DA:111,0
DA:116,0
DA:118,0
DA:123,0
DA:124,0
DA:129,0
DA:135,0
DA:136,0
DA:137,0
DA:142,0
DA:146,0
DA:153,0
DA:154,0
DA:156,0
DA:159,0
LF:53
LH:0
BRDA:14,0,0,0
BRDA:14,0,1,0
BRDA:14,0,2,0
BRDA:24,1,0,0
BRDA:24,1,1,0
BRDA:24,2,0,0
BRDA:24,2,1,0
BRDA:28,3,0,0
BRDA:28,3,1,0
BRDA:39,4,0,0
BRDA:39,4,1,0
BRDA:70,5,0,0
BRDA:70,5,1,0
BRDA:79,6,0,0
BRDA:79,6,1,0
BRDA:80,7,0,0
BRDA:80,7,1,0
BRDA:91,8,0,0
BRDA:91,8,1,0
BRDA:91,9,0,0
BRDA:91,9,1,0
BRDA:102,10,0,0
BRDA:102,10,1,0
BRDA:102,11,0,0
BRDA:102,11,1,0
BRDA:129,12,0,0
BRDA:129,12,1,0
BRDA:130,13,0,0
BRDA:130,13,1,0
BRDA:130,13,2,0
BRDA:153,14,0,0
BRDA:153,14,1,0
BRF:32
BRH:0
end_of_record
TN:
SF:/home/node/app/services/app/src/actions/index.ts
FN:36,createAction
FN:56,(anonymous_1)
FN:58,(anonymous_2)
FN:69,(anonymous_3)
FN:83,(anonymous_4)
FNF:5
FNH:1
FNDA:1,createAction
FNDA:0,(anonymous_1)
FNDA:0,(anonymous_2)
FNDA:0,(anonymous_3)
FNDA:0,(anonymous_4)
DA:37,1
DA:56,1
DA:58,0
DA:59,0
DA:60,0
DA:61,0
DA:62,0
DA:63,0
DA:69,0
DA:74,0
DA:76,0
DA:77,0
DA:83,0
DA:88,0
DA:91,0
DA:93,0
DA:94,0
DA:95,0
DA:96,0
DA:99,0
DA:100,0
LF:21
LH:2
BRDA:37,0,0,0
BRDA:37,0,1,1
BRDA:62,1,0,0
BRDA:62,1,1,0
BRDA:76,2,0,0
BRDA:76,2,1,0
BRDA:93,3,0,0
BRDA:93,3,1,0
BRDA:94,4,0,0
BRDA:94,4,1,0
BRDA:99,5,0,0
BRDA:99,5,1,0
BRF:12
BRH:1
end_of_record
TN:
SF:/home/node/app/services/app/src/actions/medias.ts
FN:10,(anonymous_0)
FN:10,(anonymous_1)
FN:14,(anonymous_2)
FN:20,(anonymous_3)
FN:20,(anonymous_4)
FN:26,(anonymous_5)
FNF:6
FNH:0
FNDA:0,(anonymous_0)
FNDA:0,(anonymous_1)
FNDA:0,(anonymous_2)
FNDA:0,(anonymous_3)
FNDA:0,(anonymous_4)
FNDA:0,(anonymous_5)
DA:10,0
DA:11,0
DA:14,0
DA:20,0
DA:24,0
DA:29,0
DA:30,0
DA:31,0
DA:32,0
DA:33,0
DA:35,0
DA:36,0
DA:37,0
LF:13
LH:0
BRDA:32,0,0,0
BRDA:32,0,1,0
BRF:2
BRH:0
end_of_record
TN:
SF:/home/node/app/services/app/src/actions/messages.ts
FN:19,(anonymous_0)
FN:30,(anonymous_1)
FN:34,(anonymous_2)
FN:61,(anonymous_3)
FN:69,(anonymous_4)
FN:75,(anonymous_5)
FN:81,(anonymous_6)
FNF:7
FNH:0
FNDA:0,(anonymous_0)
FNDA:0,(anonymous_1)
FNDA:0,(anonymous_2)
FNDA:0,(anonymous_3)
FNDA:0,(anonymous_4)
FNDA:0,(anonymous_5)
FNDA:0,(anonymous_6)
DA:7,1
DA:19,1
DA:30,0
DA:31,0
DA:33,0
DA:34,0
DA:36,0
DA:37,0
DA:38,0
DA:39,0
DA:40,0
DA:41,0
DA:44,0
DA:47,0
DA:61,0
DA:69,1
DA:70,0
DA:75,1
DA:76,0
DA:81,1
DA:82,0
LF:21
LH:5
BRDA:22,0,0,0
BRDA:23,1,0,0
BRDA:24,2,0,0
BRDA:28,3,0,0
BRDA:34,4,0,0
BRDA:34,4,1,0
BRDA:37,5,0,0
BRDA:37,5,1,0
BRDA:40,6,0,0
BRDA:40,6,1,0
BRDA:60,7,0,0
BRDA:60,7,1,0
BRF:12
BRH:0
end_of_record
TN:
SF:/home/node/app/services/app/src/actions/modals.ts
FN:5,(anonymous_0)
FN:9,(anonymous_1)
FNF:2
FNH:0
FNDA:0,(anonymous_0)
FNDA:0,(anonymous_1)
DA:5,0
DA:9,0
DA:11,0
DA:12,0
DA:13,0
DA:15,0
DA:16,0
LF:7
LH:0
BRDA:11,0,0,0
BRDA:11,0,1,0
BRDA:15,1,0,0
BRDA:15,1,1,0
BRF:4
BRH:0
end_of_record
TN:
SF:/home/node/app/services/app/src/actions/player.ts
FN:9,(anonymous_0)
FN:13,(anonymous_1)
FN:16,(anonymous_2)
FN:50,(anonymous_3)
FN:56,(anonymous_4)
FN:60,(anonymous_5)
FN:63,(anonymous_6)
FN:92,(anonymous_7)
FNF:8
FNH:0
FNDA:0,(anonymous_0)
FNDA:0,(anonymous_1)
FNDA:0,(anonymous_2)
FNDA:0,(anonymous_3)
FNDA:0,(anonymous_4)
FNDA:0,(anonymous_5)
FNDA:0,(anonymous_6)
FNDA:0,(anonymous_7)
DA:9,0
DA:13,0
DA:14,0
DA:19,0
DA:20,0
DA:21,0
DA:22,0
DA:24,0
DA:25,0
DA:27,0
DA:28,0
DA:29,0
DA:42,0
DA:44,0
DA:48,0
DA:50,0
DA:56,0
DA:60,0
DA:61,0
DA:66,0
DA:67,0
DA:68,0
DA:69,0
DA:71,0
DA:72,0
DA:74,0
DA:75,0
DA:76,0
DA:84,0
DA:86,0
DA:90,0
DA:92,0
LF:32
LH:0
BRDA:20,0,0,0
BRDA:20,0,1,0
BRDA:20,1,0,0
BRDA:20,1,1,0
BRDA:20,1,2,0
BRDA:24,2,0,0
BRDA:24,2,1,0
BRDA:28,3,0,0
BRDA:28,3,1,0
BRDA:35,4,0,0
BRDA:35,4,1,0
BRDA:67,5,0,0
BRDA:67,5,1,0
BRDA:67,6,0,0
BRDA:67,6,1,0
BRDA:67,6,2,0
BRDA:71,7,0,0
BRDA:71,7,1,0
BRDA:75,8,0,0
BRDA:75,8,1,0
BRF:20
BRH:0
end_of_record
TN:
SF:/home/node/app/services/app/src/actions/queue.ts
FN:11,(anonymous_0)
FN:15,(anonymous_1)
FN:18,(anonymous_2)
FN:48,(anonymous_3)
FN:54,(anonymous_4)
FN:54,(anonymous_5)
FN:60,(anonymous_6)
FN:80,(anonymous_7)
FN:87,(anonymous_8)
FN:91,(anonymous_9)
FN:94,(anonymous_10)
FN:164,(anonymous_11)
FN:170,(anonymous_12)
FN:176,(anonymous_13)
FN:179,(anonymous_14)
FN:215,(anonymous_15)
FN:221,(anonymous_16)
FN:225,(anonymous_17)
FN:228,(anonymous_18)
FN:251,(anonymous_19)
FN:255,(anonymous_20)
FN:258,(anonymous_21)
FNF:22
FNH:0
FNDA:0,(anonymous_0)
FNDA:0,(anonymous_1)
FNDA:0,(anonymous_2)
FNDA:0,(anonymous_3)
FNDA:0,(anonymous_4)
FNDA:0,(anonymous_5)
FNDA:0,(anonymous_6)
FNDA:0,(anonymous_7)
FNDA:0,(anonymous_8)
FNDA:0,(anonymous_9)
FNDA:0,(anonymous_10)
FNDA:0,(anonymous_11)
FNDA:0,(anonymous_12)
FNDA:0,(anonymous_13)
FNDA:0,(anonymous_14)
FNDA:0,(anonymous_15)
FNDA:0,(anonymous_16)
FNDA:0,(anonymous_17)
FNDA:0,(anonymous_18)
FNDA:0,(anonymous_19)
FNDA:0,(anonymous_20)
FNDA:0,(anonymous_21)
DA:11,0
DA:15,0
DA:16,0
DA:21,0
DA:22,0
DA:23,0
DA:24,0
DA:26,0
DA:27,0
DA:28,0
DA:38,0
DA:40,0
DA:46,0
DA:48,0
DA:54,0
DA:58,0
DA:63,0
DA:64,0
DA:65,0
DA:66,0
DA:68,0
DA:69,0
DA:71,0
DA:74,0
DA:78,0
DA:80,0
DA:87,0
DA:91,0
DA:92,0
DA:98,0
DA:99,0
DA:100,0
DA:101,0
DA:107,0
DA:112,0
DA:113,0
DA:115,0
DA:116,0
DA:123,0
DA:128,0
DA:129,0
DA:130,0
DA:136,0
DA:137,0
DA:141,0
DA:146,0
DA:156,0
DA:162,0
DA:164,0
DA:170,0
DA:176,0
DA:177,0
DA:182,0
DA:183,0
DA:184,0
DA:185,0
DA:187,0
DA:188,0
DA:189,0
DA:191,0
DA:196,0
DA:197,0
DA:206,0
DA:208,0
DA:213,0
DA:215,0
DA:221,0
DA:225,0
DA:226,0
DA:231,0
DA:232,0
DA:233,0
DA:235,0
DA:244,0
DA:251,0
DA:255,0
DA:256,0
DA:261,0
DA:262,0
DA:263,0
DA:265,0
DA:274,0
LF:82
LH:0
BRDA:22,0,0,0
BRDA:22,0,1,0
BRDA:22,1,0,0
BRDA:22,1,1,0
BRDA:22,1,2,0
BRDA:27,2,0,0
BRDA:27,2,1,0
BRDA:64,3,0,0
BRDA:64,3,1,0
BRDA:64,4,0,0
BRDA:64,4,1,0
BRDA:64,4,2,0
BRDA:68,5,0,0
BRDA:68,5,1,0
BRDA:99,6,0,0
BRDA:99,6,1,0
BRDA:99,7,0,0
BRDA:99,7,1,0
BRDA:99,7,2,0
BRDA:112,8,0,0
BRDA:112,8,1,0
BRDA:128,9,0,0
BRDA:128,9,1,0
BRDA:136,10,0,0
BRDA:136,10,1,0
BRDA:141,11,0,0
BRDA:141,11,1,0
BRDA:142,12,0,0
BRDA:142,12,1,0
BRDA:150,13,0,0
BRDA:150,13,1,0
BRDA:183,14,0,0
BRDA:183,14,1,0
BRDA:183,15,0,0
BRDA:183,15,1,0
BRDA:183,15,2,0
BRDA:188,16,0,0
BRDA:188,16,1,0
BRDA:196,17,0,0
BRDA:196,17,1,0
BRDA:232,18,0,0
BRDA:232,18,1,0
BRDA:232,19,0,0
BRDA:232,19,1,0
BRDA:238,20,0,0
BRDA:238,20,1,0
BRDA:262,21,0,0
BRDA:262,21,1,0
BRDA:262,22,0,0
BRDA:262,22,1,0
BRDA:268,23,0,0
BRDA:268,23,1,0
BRF:52
BRH:0
end_of_record
TN:
SF:/home/node/app/services/app/src/actions/room.ts
FN:25,(anonymous_0)
FN:37,(anonymous_1)
FN:40,(anonymous_2)
FN:69,(anonymous_3)
FN:79,(anonymous_4)
FN:89,(anonymous_5)
FN:92,(anonymous_6)
FN:132,(anonymous_7)
FN:143,(anonymous_8)
FN:143,(anonymous_9)
FN:146,(anonymous_10)
FN:164,(anonymous_11)
FN:164,(anonymous_12)
FN:167,(anonymous_13)
FN:191,(anonymous_14)
FN:197,(anonymous_15)
FN:200,(anonymous_16)
FN:233,(anonymous_17)
FN:235,(anonymous_18)
FN:240,(anonymous_19)
FN:248,(anonymous_20)
FN:256,(anonymous_21)
FN:264,(anonymous_22)
FN:265,(anonymous_23)
FN:287,(anonymous_24)
FN:289,(anonymous_25)
FN:313,(anonymous_26)
FN:313,(anonymous_27)
FN:324,(anonymous_28)
FN:324,(anonymous_29)
FN:338,(anonymous_30)
FN:344,(anonymous_31)
FNF:32
FNH:0
FNDA:0,(anonymous_0)
FNDA:0,(anonymous_1)
FNDA:0,(anonymous_2)
FNDA:0,(anonymous_3)
FNDA:0,(anonymous_4)
FNDA:0,(anonymous_5)
FNDA:0,(anonymous_6)
FNDA:0,(anonymous_7)
FNDA:0,(anonymous_8)
FNDA:0,(anonymous_9)
FNDA:0,(anonymous_10)
FNDA:0,(anonymous_11)
FNDA:0,(anonymous_12)
FNDA:0,(anonymous_13)
FNDA:0,(anonymous_14)
FNDA:0,(anonymous_15)
FNDA:0,(anonymous_16)
FNDA:0,(anonymous_17)
FNDA:0,(anonymous_18)
FNDA:0,(anonymous_19)
FNDA:0,(anonymous_20)
FNDA:0,(anonymous_21)
FNDA:0,(anonymous_22)
FNDA:0,(anonymous_23)
FNDA:0,(anonymous_24)
FNDA:0,(anonymous_25)
FNDA:0,(anonymous_26)
FNDA:0,(anonymous_27)
FNDA:0,(anonymous_28)
FNDA:0,(anonymous_29)
FNDA:0,(anonymous_30)
FNDA:0,(anonymous_31)
DA:25,0
DA:37,0
DA:38,0
DA:45,0
DA:46,0
DA:47,0
DA:48,0
DA:50,0
DA:51,0
DA:57,0
DA:58,0
DA:66,0
DA:67,0
DA:70,0
DA:71,0
DA:79,0
DA:89,0
DA:90,0
DA:98,0
DA:99,0
DA:104,0
DA:107,0
DA:109,0
DA:110,0
DA:111,0
DA:114,0
DA:116,0
DA:117,0
DA:118,0
DA:119,0
DA:127,0
DA:128,0
DA:129,0
DA:130,0
DA:133,0
DA:134,0
DA:135,0
DA:136,0
DA:143,0
DA:144,0
DA:149,0
DA:150,0
DA:151,0
DA:153,0
DA:154,0
DA:155,0
DA:156,0
DA:157,0
DA:164,0
DA:165,0
DA:173,0
DA:174,0
DA:180,0
DA:182,0
DA:183,0
DA:185,0
DA:186,0
DA:191,0
DA:197,0
DA:198,0
DA:206,0
DA:207,0
DA:213,0
DA:215,0
DA:216,0
DA:218,0
DA:219,0
DA:229,0
DA:230,0
DA:231,0
DA:233,0
DA:235,0
DA:236,0
DA:237,0
DA:238,0
DA:240,0
DA:241,0
DA:242,0
DA:248,0
DA:249,0
DA:250,0
DA:256,0
DA:257,0
DA:260,0
DA:261,0
DA:264,0
DA:265,0
DA:266,0
DA:267,0
DA:268,0
DA:272,0
DA:273,0
DA:275,0
DA:277,0
DA:287,0
DA:289,0
DA:290,0
DA:291,0
DA:292,0
DA:293,0
DA:295,0
DA:296,0
DA:297,0
DA:298,0
DA:300,0
DA:301,0
DA:302,0
DA:303,0
DA:311,0
DA:313,0
DA:318,0
DA:319,0
DA:320,0
DA:324,0
DA:329,0
DA:330,0
DA:331,0
DA:332,0
DA:334,0
DA:338,0
DA:344,0
DA:348,0
DA:349,0
DA:350,0
DA:353,0
DA:362,0
DA:363,0
DA:365,0
DA:366,0
DA:371,0
DA:372,0
DA:384,0
DA:385,0
DA:395,0
DA:397,0
DA:398,0
DA:404,0
LF:137
LH:0
BRDA:46,0,0,0
BRDA:46,0,1,0
BRDA:70,1,0,0
BRDA:70,1,1,0
BRDA:99,2,0,0
BRDA:99,2,1,0
BRDA:100,3,0,0
BRDA:100,3,1,0
BRDA:100,3,2,0
BRDA:109,4,0,0
BRDA:109,4,1,0
BRDA:135,5,0,0
BRDA:135,5,1,0
BRDA:150,6,0,0
BRDA:150,6,1,0
BRDA:174,7,0,0
BRDA:174,7,1,0
BRDA:175,8,0,0
BRDA:175,8,1,0
BRDA:175,8,2,0
BRDA:175,8,3,0
BRDA:207,9,0,0
BRDA:207,9,1,0
BRDA:208,10,0,0
BRDA:208,10,1,0
BRDA:208,10,2,0
BRDA:208,10,3,0
BRDA:237,11,0,0
BRDA:237,11,1,0
BRDA:237,12,0,0
BRDA:237,12,1,0
BRDA:237,12,2,0
BRDA:261,13,0,0
BRDA:261,13,1,0
BRDA:267,14,0,0
BRDA:267,14,1,0
BRDA:272,15,0,0
BRDA:272,15,1,0
BRDA:290,16,0,0
BRDA:290,16,1,0
BRDA:295,17,0,0
BRDA:295,17,1,0
BRDA:300,18,0,0
BRDA:300,18,1,0
BRDA:318,19,0,0
BRDA:318,19,1,0
BRDA:329,20,0,0
BRDA:329,20,1,0
BRDA:349,21,0,0
BRDA:349,21,1,0
BRDA:362,22,0,0
BRDA:362,22,1,0
BRDA:397,23,0,0
BRDA:397,23,1,0
BRF:54
BRH:0
end_of_record
TN:
SF:/home/node/app/services/app/src/actions/user.ts
FN:10,(anonymous_0)
FN:20,(anonymous_1)
FN:23,(anonymous_2)
FN:30,(anonymous_3)
FN:42,(anonymous_4)
FN:52,(anonymous_5)
FN:55,(anonymous_6)
FN:81,(anonymous_7)
FN:91,(anonymous_8)
FN:104,(anonymous_9)
FN:104,(anonymous_10)
FN:107,(anonymous_11)
FN:134,(anonymous_12)
FN:134,(anonymous_13)
FN:137,(anonymous_14)
FNF:15
FNH:0
FNDA:0,(anonymous_0)
FNDA:0,(anonymous_1)
FNDA:0,(anonymous_2)
FNDA:0,(anonymous_3)
FNDA:0,(anonymous_4)
FNDA:0,(anonymous_5)
FNDA:0,(anonymous_6)
FNDA:0,(anonymous_7)
FNDA:0,(anonymous_8)
FNDA:0,(anonymous_9)
FNDA:0,(anonymous_10)
FNDA:0,(anonymous_11)
FNDA:0,(anonymous_12)
FNDA:0,(anonymous_13)
FNDA:0,(anonymous_14)
DA:10,0
DA:20,0
DA:21,0
DA:24,0
DA:25,0
DA:26,0
DA:27,0
DA:28,0
DA:31,0
DA:32,0
DA:40,0
DA:42,0
DA:52,0
DA:53,0
DA:58,0
DA:59,0
DA:64,0
DA:67,0
DA:69,0
DA:71,0
DA:72,0
DA:73,0
DA:80,0
DA:82,0
DA:86,0
DA:89,0
DA:92,0
DA:93,0
DA:94,0
DA:95,0
DA:104,0
DA:105,0
DA:113,0
DA:114,0
DA:115,0
DA:117,0
DA:122,0
DA:123,0
DA:124,0
DA:126,0
DA:127,0
DA:134,0
DA:135,0
DA:142,0
DA:143,0
DA:144,0
DA:146,0
DA:151,0
DA:152,0
LF:49
LH:0
BRDA:31,0,0,0
BRDA:31,0,1,0
BRDA:59,1,0,0
BRDA:59,1,1,0
BRDA:60,2,0,0
BRDA:60,2,1,0
BRDA:60,2,2,0
BRDA:94,3,0,0
BRDA:94,3,1,0
BRDA:114,4,0,0
BRDA:114,4,1,0
BRDA:114,5,0,0
BRDA:114,5,1,0
BRDA:114,5,2,0
BRDA:114,5,3,0
BRDA:122,6,0,0
BRDA:122,6,1,0
BRDA:143,7,0,0
BRDA:143,7,1,0
BRDA:143,8,0,0
BRDA:143,8,1,0
BRDA:143,8,2,0
BRF:22
BRH:0
end_of_record
TN:
SF:/home/node/app/services/app/src/components/Common/CancelButton.tsx
FN:8,(anonymous_0)
FNF:1
FNH:0
FNDA:0,(anonymous_0)
DA:8,0
DA:9,0
DA:10,0
LF:3
LH:0
BRF:0
BRH:0
end_of_record
TN:
SF:/home/node/app/services/app/src/components/Common/Icon.tsx
FN:19,(anonymous_0)
FNF:1
FNH:0
FNDA:0,(anonymous_0)
DA:19,0
DA:20,0
LF:2
LH:0
BRDA:19,0,0,0
BRF:1
BRH:0
end_of_record
TN:
SF:/home/node/app/services/app/src/components/Common/IconButton.tsx
FN:23,(anonymous_0)
FNF:1
FNH:0
FNDA:0,(anonymous_0)
DA:22,0
DA:35,0
LF:2
LH:0
BRDA:26,0,0,0
BRDA:27,1,0,0
BRDA:29,2,0,0
BRDA:33,3,0,0
BRDA:39,4,0,0
BRDA:39,4,1,0
BRDA:39,4,2,0
BRDA:41,5,0,0
BRDA:41,5,1,0
BRDA:44,6,0,0
BRDA:44,6,1,0
BRF:11
BRH:0
end_of_record
TN:
SF:/home/node/app/services/app/src/components/Common/IconLink.tsx
FN:17,(anonymous_0)
FNF:1
FNH:0
FNDA:0,(anonymous_0)
DA:16,0
DA:18,0
LF:2
LH:0
BRDA:17,0,0,0
BRDA:22,1,0,0
BRDA:22,1,1,0
BRDA:23,2,0,0
BRDA:23,2,1,0
BRF:5
BRH:0
end_of_record
TN:
SF:/home/node/app/services/app/src/components/Common/LoadingIcon.tsx
FN:6,(anonymous_0)
FNF:1
FNH:0
FNDA:0,(anonymous_0)
DA:6,0
DA:7,0
LF:2
LH:0
BRF:0
BRH:0
end_of_record
TN:
SF:/home/node/app/services/app/src/components/Common/Messages.tsx
FN:20,(anonymous_0)
FN:29,(anonymous_1)
FN:48,(anonymous_2)
FNF:3
FNH:0
FNDA:0,(anonymous_0)
FNDA:0,(anonymous_1)
FNDA:0,(anonymous_2)
DA:20,0
DA:21,0
DA:22,0
DA:23,0
DA:24,0
DA:30,0
DA:49,0
LF:7
LH:0
BRDA:40,0,0,0
BRDA:40,0,1,0
BRDA:41,1,0,0
BRDA:41,1,1,0
BRDA:43,2,0,0
BRDA:43,2,1,0
BRF:6
BRH:0
end_of_record
TN:
SF:/home/node/app/services/app/src/components/Common/SwitchButton.tsx
FN:20,(anonymous_0)
FN:40,(anonymous_1)
FNF:2
FNH:0
FNDA:0,(anonymous_0)
FNDA:0,(anonymous_1)
DA:19,0
DA:31,0
DA:40,0
LF:3
LH:0
BRDA:23,0,0,0
BRDA:24,1,0,0
BRDA:26,2,0,0
BRDA:35,3,0,0
BRDA:35,3,1,0
BRDA:38,4,0,0
BRDA:38,4,1,0
BRDA:40,5,0,0
BRDA:40,5,1,0
BRDA:40,6,0,0
BRDA:40,6,1,0
BRDA:42,7,0,0
BRDA:42,7,1,0
BRDA:44,8,0,0
BRDA:44,8,1,0
BRF:15
BRH:0
end_of_record
TN:
SF:/home/node/app/services/app/src/components/Modals/ConfirmModal.tsx
FN:19,(anonymous_0)
FN:27,(anonymous_1)
FN:38,(anonymous_2)
FNF:3
FNH:0
FNDA:0,(anonymous_0)
FNDA:0,(anonymous_1)
FNDA:0,(anonymous_2)
DA:19,0
DA:24,0
DA:25,0
DA:27,0
DA:28,0
DA:29,0
DA:30,0
DA:34,0
DA:39,0
LF:9
LH:0
BRDA:29,0,0,0
BRDA:29,0,1,0
BRF:2
BRH:0
end_of_record
TN:
SF:/home/node/app/services/app/src/components/Modals/FormModal.tsx
FN:15,(anonymous_0)
FNF:1
FNH:0
FNDA:0,(anonymous_0)
DA:15,0
DA:16,0
LF:2
LH:0
BRF:0
BRH:0
end_of_record
TN:
SF:/home/node/app/services/app/src/components/Modals/HelpModal.tsx
FN:13,(anonymous_0)
FN:18,(anonymous_1)
FN:23,(anonymous_2)
FN:28,(anonymous_3)
FN:33,(anonymous_4)
FNF:5
FNH:0
FNDA:0,(anonymous_0)
FNDA:0,(anonymous_1)
FNDA:0,(anonymous_2)
FNDA:0,(anonymous_3)
FNDA:0,(anonymous_4)
DA:13,0
DA:14,0
DA:15,0
DA:17,0
DA:18,0
DA:22,0
DA:23,0
DA:27,0
DA:28,0
DA:32,0
DA:33,0
DA:37,0
LF:12
LH:0
BRF:0
BRH:0
end_of_record
TN:
SF:/home/node/app/services/app/src/components/Modals/Modal.tsx
FN:19,(anonymous_0)
FN:23,(anonymous_1)
FN:26,(anonymous_2)
FN:28,(anonymous_3)
FN:33,(anonymous_4)
FNF:5
FNH:0
FNDA:0,(anonymous_0)
FNDA:0,(anonymous_1)
FNDA:0,(anonymous_2)
FNDA:0,(anonymous_3)
FNDA:0,(anonymous_4)
DA:19,0
DA:20,0
DA:21,0
DA:22,0
DA:23,0
DA:26,0
DA:28,0
DA:30,0
DA:34,0
DA:35,0
DA:36,0
LF:11
LH:0
BRDA:35,0,0,0
BRDA:35,0,1,0
BRDA:59,1,0,0
BRDA:59,1,1,0
BRF:4
BRH:0
end_of_record
TN:
SF:/home/node/app/services/app/src/components/Modals/ModalFields.tsx
FN:11,(anonymous_0)
FN:18,(anonymous_1)
FN:44,(anonymous_2)
FN:48,(anonymous_3)
FN:76,(anonymous_4)
FN:93,(anonymous_5)
FN:108,(anonymous_6)
FN:109,(anonymous_7)
FNF:8
FNH:0
FNDA:0,(anonymous_0)
FNDA:0,(anonymous_1)
FNDA:0,(anonymous_2)
FNDA:0,(anonymous_3)
FNDA:0,(anonymous_4)
FNDA:0,(anonymous_5)
FNDA:0,(anonymous_6)
FNDA:0,(anonymous_7)
DA:11,0
DA:12,0
DA:17,0
DA:25,0
DA:36,0
DA:44,0
DA:45,0
DA:46,0
DA:48,0
DA:49,0
DA:50,0
DA:53,0
DA:76,0
DA:92,0
DA:103,0
DA:108,0
DA:110,0
LF:17
LH:0
BRF:0
BRH:0
end_of_record
TN:
SF:/home/node/app/services/app/src/components/Modals/index.tsx
FN:26,(anonymous_0)
FN:60,(anonymous_1)
FN:62,(anonymous_2)
FN:75,(anonymous_3)
FN:77,(anonymous_4)
FN:78,(anonymous_5)
FN:86,(anonymous_6)
FN:91,(anonymous_7)
FN:97,(anonymous_8)
FN:99,(anonymous_9)
FN:113,(anonymous_10)
FN:122,(anonymous_11)
FNF:12
FNH:0
FNDA:0,(anonymous_0)
FNDA:0,(anonymous_1)
FNDA:0,(anonymous_2)
FNDA:0,(anonymous_3)
FNDA:0,(anonymous_4)
FNDA:0,(anonymous_5)
FNDA:0,(anonymous_6)
FNDA:0,(anonymous_7)
FNDA:0,(anonymous_8)
FNDA:0,(anonymous_9)
FNDA:0,(anonymous_10)
FNDA:0,(anonymous_11)
DA:22,0
DA:26,0
DA:27,0
DA:28,0
DA:31,0
DA:33,0
DA:36,0
DA:38,0
DA:41,0
DA:43,0
DA:45,0
DA:47,0
DA:50,0
DA:52,0
DA:55,0
DA:60,0
DA:61,0
DA:62,0
DA:63,0
DA:68,0
DA:71,0
DA:75,0
DA:77,0
DA:78,0
DA:79,0
DA:80,0
DA:84,0
DA:86,0
DA:87,0
DA:91,0
DA:93,0
DA:94,0
DA:97,0
DA:98,0
DA:99,0
DA:100,0
DA:105,0
DA:106,0
DA:115,0
DA:116,0
DA:124,0
LF:41
LH:0
BRDA:27,0,0,0
BRDA:27,0,1,0
BRDA:28,1,0,0
BRDA:28,1,1,0
BRDA:28,1,2,0
BRDA:28,1,3,0
BRDA:28,1,4,0
BRDA:28,1,5,0
BRDA:28,1,6,0
BRDA:28,1,7,0
BRDA:28,1,8,0
BRDA:28,1,9,0
BRDA:63,2,0,0
BRDA:63,2,1,0
BRDA:79,3,0,0
BRDA:79,3,1,0
BRDA:98,4,0,0
BRDA:98,4,1,0
BRDA:105,5,0,0
BRDA:105,5,1,0
BRDA:118,6,0,0
BRDA:118,6,1,0
BRF:22
BRH:0
end_of_record
TN:
SF:/home/node/app/services/app/src/components/Room/AudioPlayerControls.tsx
FN:23,(anonymous_0)
FN:37,(anonymous_1)
FN:42,(anonymous_2)
FN:46,(anonymous_3)
FN:51,(anonymous_4)
FNF:5
FNH:0
FNDA:0,(anonymous_0)
FNDA:0,(anonymous_1)
FNDA:0,(anonymous_2)
FNDA:0,(anonymous_3)
FNDA:0,(anonymous_4)
DA:23,0
DA:24,0
DA:26,0
DA:28,0
DA:30,0
DA:32,0
DA:34,0
DA:36,0
DA:37,0
DA:41,0
DA:42,0
DA:46,0
DA:51,0
DA:56,0
LF:14
LH:0
BRDA:61,0,0,0
BRDA:61,0,1,0
BRDA:61,0,2,0
BRDA:70,1,0,0
BRDA:70,1,1,0
BRDA:72,2,0,0
BRDA:72,2,1,0
BRDA:75,3,0,0
BRDA:75,3,1,0
BRDA:80,4,0,0
BRDA:80,4,1,0
BRDA:83,5,0,0
BRDA:83,5,1,0
BRDA:90,6,0,0
BRDA:90,6,1,0
BRF:15
BRH:0
end_of_record
TN:
SF:/home/node/app/services/app/src/components/Room/Cover.tsx
FN:16,(anonymous_0)
FNF:1
FNH:0
FNDA:0,(anonymous_0)
DA:16,0
DA:17,0
DA:18,0
DA:19,0
DA:32,0
LF:5
LH:0
BRDA:18,0,0,0
BRDA:18,0,1,0
BRDA:22,1,0,0
BRDA:22,1,1,0
BRDA:23,2,0,0
BRDA:23,2,1,0
BRDA:24,3,0,0
BRDA:24,3,1,0
BRDA:35,4,0,0
BRDA:35,4,1,0
BRDA:36,5,0,0
BRDA:36,5,1,0
BRF:12
BRH:0
end_of_record
TN:
SF:/home/node/app/services/app/src/components/Room/CreateRoomModal.tsx
FN:32,(anonymous_0)
FN:42,(anonymous_1)
FN:49,(anonymous_2)
FN:51,(anonymous_3)
FN:67,(anonymous_4)
FN:80,(anonymous_5)
FN:105,(anonymous_6)
FN:118,(anonymous_7)
FN:123,(anonymous_8)
FNF:9
FNH:0
FNDA:0,(anonymous_0)
FNDA:0,(anonymous_1)
FNDA:0,(anonymous_2)
FNDA:0,(anonymous_3)
FNDA:0,(anonymous_4)
FNDA:0,(anonymous_5)
FNDA:0,(anonymous_6)
FNDA:0,(anonymous_7)
FNDA:0,(anonymous_8)
DA:24,0
DA:32,0
DA:35,0
DA:36,0
DA:37,0
DA:38,0
DA:39,0
DA:40,0
DA:42,0
DA:43,0
DA:44,0
DA:45,0
DA:49,0
DA:51,0
DA:52,0
DA:53,0
DA:54,0
DA:56,0
DA:57,0
DA:58,0
DA:60,0
DA:68,0
DA:73,0
DA:76,0
DA:81,0
DA:105,0
DA:118,0
DA:123,0
LF:28
LH:0
BRDA:33,0,0,0
BRDA:44,1,0,0
BRDA:44,1,1,0
BRDA:52,2,0,0
BRDA:52,2,1,0
BRDA:56,3,0,0
BRDA:56,3,1,0
BRDA:84,4,0,0
BRDA:84,4,1,0
BRF:9
BRH:0
end_of_record
TN:
SF:/home/node/app/services/app/src/components/Room/Head.tsx
FN:19,(anonymous_0)
FN:22,(anonymous_1)
FN:29,(anonymous_2)
FN:33,(anonymous_3)
FN:38,(anonymous_4)
FN:40,(anonymous_5)
FNF:6
FNH:0
FNDA:0,(anonymous_0)
FNDA:0,(anonymous_1)
FNDA:0,(anonymous_2)
FNDA:0,(anonymous_3)
FNDA:0,(anonymous_4)
FNDA:0,(anonymous_5)
DA:19,0
DA:20,0
DA:21,0
DA:22,0
DA:24,0
DA:25,0
DA:26,0
DA:27,0
DA:28,0
DA:29,0
DA:31,0
DA:33,0
DA:34,0
DA:35,0
DA:38,0
DA:39,0
DA:41,0
DA:46,0
LF:18
LH:0
BRDA:58,0,0,0
BRDA:58,0,1,0
BRDA:64,1,0,0
BRDA:64,1,1,0
BRF:4
BRH:0
end_of_record
TN:
SF:/home/node/app/services/app/src/components/Room/JoinRoomModal.tsx
FN:17,(anonymous_0)
FN:24,(anonymous_1)
FN:30,(anonymous_2)
FN:32,(anonymous_3)
FN:47,(anonymous_4)
FN:59,(anonymous_5)
FN:78,(anonymous_6)
FN:79,(anonymous_7)
FN:84,(anonymous_8)
FN:96,(anonymous_9)
FNF:10
FNH:0
FNDA:0,(anonymous_0)
FNDA:0,(anonymous_1)
FNDA:0,(anonymous_2)
FNDA:0,(anonymous_3)
FNDA:0,(anonymous_4)
FNDA:0,(anonymous_5)
FNDA:0,(anonymous_6)
FNDA:0,(anonymous_7)
FNDA:0,(anonymous_8)
FNDA:0,(anonymous_9)
DA:17,0
DA:18,0
DA:19,0
DA:20,0
DA:21,0
DA:22,0
DA:24,0
DA:25,0
DA:26,0
DA:30,0
DA:32,0
DA:33,0
DA:34,0
DA:35,0
DA:37,0
DA:38,0
DA:39,0
DA:41,0
DA:48,0
DA:55,0
DA:60,0
DA:78,0
DA:79,0
DA:84,0
DA:96,0
LF:25
LH:0
BRDA:25,0,0,0
BRDA:25,0,1,0
BRDA:33,1,0,0
BRDA:33,1,1,0
BRDA:37,2,0,0
BRDA:37,2,1,0
BRDA:63,3,0,0
BRDA:63,3,1,0
BRF:8
BRH:0
end_of_record
TN:
SF:/home/node/app/services/app/src/components/Room/Medias.tsx
FN:11,(anonymous_0)
FN:24,(anonymous_1)
FNF:2
FNH:0
FNDA:0,(anonymous_0)
FNDA:0,(anonymous_1)
DA:11,0
DA:12,0
DA:24,0
DA:25,0
DA:26,0
DA:27,0
DA:43,0
DA:44,0
DA:75,0
DA:76,0
DA:107,0
DA:108,0
DA:139,0
LF:13
LH:0
BRDA:26,0,0,0
BRDA:26,0,1,0
BRDA:39,1,0,0
BRDA:39,1,1,0
BRDA:43,2,0,0
BRDA:43,2,1,0
BRDA:71,3,0,0
BRDA:71,3,1,0
BRDA:75,4,0,0
BRDA:75,4,1,0
BRDA:103,5,0,0
BRDA:103,5,1,0
BRDA:107,6,0,0
BRDA:107,6,1,0
BRDA:111,7,0,0
BRDA:111,7,1,0
BRDA:135,8,0,0
BRDA:135,8,1,0
BRF:18
BRH:0
end_of_record
TN:
SF:/home/node/app/services/app/src/components/Room/Progress.tsx
FN:11,(anonymous_0)
FN:15,(anonymous_1)
FN:19,(anonymous_2)
FN:28,(anonymous_3)
FNF:4
FNH:0
FNDA:0,(anonymous_0)
FNDA:0,(anonymous_1)
FNDA:0,(anonymous_2)
FNDA:0,(anonymous_3)
DA:11,0
DA:12,0
DA:13,0
DA:15,0
DA:16,0
DA:18,0
DA:19,0
DA:20,0
DA:23,0
DA:25,0
DA:28,0
DA:29,0
DA:33,0
LF:13
LH:0
BRDA:18,0,0,0
BRDA:18,0,1,0
BRDA:35,1,0,0
BRDA:35,1,1,0
BRF:4
BRH:0
end_of_record
TN:
SF:/home/node/app/services/app/src/components/Room/Queue.tsx
FN:19,(anonymous_0)
FN:29,(anonymous_1)
FN:37,(anonymous_2)
FN:42,(anonymous_3)
FN:47,(anonymous_4)
FNF:5
FNH:0
FNDA:0,(anonymous_0)
FNDA:0,(anonymous_1)
FNDA:0,(anonymous_2)
FNDA:0,(anonymous_3)
FNDA:0,(anonymous_4)
DA:19,0
DA:20,0
DA:22,0
DA:23,0
DA:24,0
DA:25,0
DA:26,0
DA:28,0
DA:30,0
DA:31,0
DA:36,0
DA:37,0
DA:41,0
DA:42,0
DA:46,0
DA:47,0
DA:51,0
LF:17
LH:0
BRDA:53,0,0,0
BRDA:53,0,1,0
BRF:2
BRH:0
end_of_record
TN:
SF:/home/node/app/services/app/src/components/Room/QueueControls.tsx
FN:21,(anonymous_0)
FN:25,(anonymous_1)
FN:28,(anonymous_2)
FN:30,(anonymous_3)
FN:37,(anonymous_4)
FN:39,(anonymous_5)
FN:45,(anonymous_6)
FN:50,(anonymous_7)
FNF:8
FNH:0
FNDA:0,(anonymous_0)
FNDA:0,(anonymous_1)
FNDA:0,(anonymous_2)
FNDA:0,(anonymous_3)
FNDA:0,(anonymous_4)
FNDA:0,(anonymous_5)
FNDA:0,(anonymous_6)
FNDA:0,(anonymous_7)
DA:21,0
DA:22,0
DA:23,0
DA:24,0
DA:25,0
DA:27,0
DA:28,0
DA:29,0
DA:31,0
DA:32,0
DA:37,0
DA:38,0
DA:40,0
DA:45,0
DA:46,0
DA:49,0
DA:50,0
DA:54,0
LF:18
LH:0
BRDA:56,0,0,0
BRDA:56,0,1,0
BRDA:66,1,0,0
BRDA:66,1,1,0
BRDA:91,2,0,0
BRDA:91,2,1,0
BRF:6
BRH:0
end_of_record
TN:
SF:/home/node/app/services/app/src/components/Room/QueueItem.tsx
FN:17,(anonymous_0)
FNF:1
FNH:0
FNDA:0,(anonymous_0)
DA:17,0
DA:18,0
DA:19,0
LF:3
LH:0
BRDA:23,0,0,0
BRDA:23,0,1,0
BRF:2
BRH:0
end_of_record
TN:
SF:/home/node/app/services/app/src/components/Room/QueueList.tsx
FN:12,(anonymous_0)
FN:30,(anonymous_1)
FN:36,(anonymous_2)
FN:37,(anonymous_3)
FN:48,(anonymous_4)
FNF:5
FNH:0
FNDA:0,(anonymous_0)
FNDA:0,(anonymous_1)
FNDA:0,(anonymous_2)
FNDA:0,(anonymous_3)
FNDA:0,(anonymous_4)
DA:11,0
DA:29,0
DA:31,0
DA:36,0
DA:37,0
DA:47,0
DA:57,0
DA:58,0
LF:8
LH:0
BRDA:34,0,0,0
BRDA:34,0,1,0
BRDA:60,1,0,0
BRDA:60,1,1,0
BRDA:69,2,0,0
BRDA:69,2,1,0
BRF:6
BRH:0
end_of_record
TN:
SF:/home/node/app/services/app/src/components/Room/RoomControls.tsx
FN:16,(anonymous_0)
FNF:1
FNH:0
FNDA:0,(anonymous_0)
DA:16,0
DA:17,0
DA:19,0
LF:3
LH:0
BRDA:21,0,0,0
BRDA:21,0,1,0
BRF:2
BRH:0
end_of_record
TN:
SF:/home/node/app/services/app/src/components/Room/SearchModal.tsx
FN:34,(anonymous_0)
FN:60,(anonymous_1)
FN:62,(anonymous_2)
FN:73,(anonymous_3)
FN:79,(anonymous_4)
FN:88,(anonymous_5)
FN:97,(anonymous_6)
FN:112,(anonymous_7)
FN:116,(anonymous_8)
FN:127,(anonymous_9)
FN:149,(anonymous_10)
FN:152,(anonymous_11)
FN:157,(anonymous_12)
FN:158,(anonymous_13)
FN:165,(anonymous_14)
FN:177,(anonymous_15)
FNF:16
FNH:0
FNDA:0,(anonymous_0)
FNDA:0,(anonymous_1)
FNDA:0,(anonymous_2)
FNDA:0,(anonymous_3)
FNDA:0,(anonymous_4)
FNDA:0,(anonymous_5)
FNDA:0,(anonymous_6)
FNDA:0,(anonymous_7)
FNDA:0,(anonymous_8)
FNDA:0,(anonymous_9)
FNDA:0,(anonymous_10)
FNDA:0,(anonymous_11)
FNDA:0,(anonymous_12)
FNDA:0,(anonymous_13)
FNDA:0,(anonymous_14)
FNDA:0,(anonymous_15)
DA:29,0
DA:30,0
DA:34,0
DA:35,0
DA:36,0
DA:37,0
DA:38,0
DA:39,0
DA:40,0
DA:43,0
DA:46,0
DA:47,0
DA:60,0
DA:62,0
DA:63,0
DA:64,0
DA:72,0
DA:74,0
DA:78,0
DA:80,0
DA:81,0
DA:82,0
DA:83,0
DA:88,0
DA:89,0
DA:90,0
DA:91,0
DA:92,0
DA:93,0
DA:96,0
DA:98,0
DA:112,0
DA:113,0
DA:114,0
DA:116,0
DA:117,0
DA:118,0
DA:122,0
DA:128,0
DA:149,0
DA:153,0
DA:157,0
DA:159,0
DA:166,0
DA:178,0
LF:45
LH:0
BRDA:63,0,0,0
BRDA:63,0,1,0
BRDA:113,1,0,0
BRDA:113,1,1,0
BRDA:173,2,0,0
BRDA:173,2,1,0
BRDA:173,2,2,0
BRF:7
BRH:0
end_of_record
TN:
SF:/home/node/app/services/app/src/components/Room/SearchResultCategory.tsx
FN:14,(anonymous_0)
FN:22,(anonymous_1)
FNF:2
FNH:0
FNDA:0,(anonymous_0)
FNDA:0,(anonymous_1)
DA:14,0
DA:15,0
DA:23,0
LF:3
LH:0
BRDA:15,0,0,0
BRDA:15,0,1,0
BRF:2
BRH:0
end_of_record
TN:
SF:/home/node/app/services/app/src/components/Room/UnlockRoomModal.tsx
FN:17,(anonymous_0)
FN:23,(anonymous_1)
FN:29,(anonymous_2)
FN:31,(anonymous_3)
FN:36,(anonymous_4)
FN:51,(anonymous_5)
FN:74,(anonymous_6)
FNF:7
FNH:0
FNDA:0,(anonymous_0)
FNDA:0,(anonymous_1)
FNDA:0,(anonymous_2)
FNDA:0,(anonymous_3)
FNDA:0,(anonymous_4)
FNDA:0,(anonymous_5)
FNDA:0,(anonymous_6)
DA:17,0
DA:18,0
DA:19,0
DA:20,0
DA:21,0
DA:23,0
DA:24,0
DA:25,0
DA:29,0
DA:31,0
DA:32,0
DA:37,0
DA:38,0
DA:40,0
DA:47,0
DA:52,0
DA:74,0
LF:17
LH:0
BRDA:24,0,0,0
BRDA:24,0,1,0
BRDA:37,1,0,0
BRDA:37,1,1,0
BRDA:37,2,0,0
BRDA:37,2,1,0
BRF:6
BRH:0
end_of_record
TN:
SF:/home/node/app/services/app/src/components/Users/ConnectUserModal.tsx
FN:19,(anonymous_0)
FN:26,(anonymous_1)
FN:32,(anonymous_2)
FN:34,(anonymous_3)
FN:49,(anonymous_4)
FN:64,(anonymous_5)
FN:90,(anonymous_6)
FN:102,(anonymous_7)
FNF:8
FNH:0
FNDA:0,(anonymous_0)
FNDA:0,(anonymous_1)
FNDA:0,(anonymous_2)
FNDA:0,(anonymous_3)
FNDA:0,(anonymous_4)
FNDA:0,(anonymous_5)
FNDA:0,(anonymous_6)
FNDA:0,(anonymous_7)
DA:19,0
DA:20,0
DA:21,0
DA:22,0
DA:23,0
DA:24,0
DA:26,0
DA:27,0
DA:28,0
DA:32,0
DA:34,0
DA:35,0
DA:36,0
DA:37,0
DA:39,0
DA:40,0
DA:41,0
DA:43,0
DA:50,0
DA:51,0
DA:53,0
DA:60,0
DA:65,0
DA:90,0
DA:102,0
LF:25
LH:0
BRDA:27,0,0,0
BRDA:27,0,1,0
BRDA:35,1,0,0
BRDA:35,1,1,0
BRDA:39,2,0,0
BRDA:39,2,1,0
BRDA:50,3,0,0
BRDA:50,3,1,0
BRDA:50,4,0,0
BRDA:50,4,1,0
BRDA:68,5,0,0
BRDA:68,5,1,0
BRDA:68,5,2,0
BRF:13
BRH:0
end_of_record
TN:
SF:/home/node/app/services/app/src/components/Users/CreateUserModal.tsx
FN:28,(anonymous_0)
FN:35,(anonymous_1)
FN:42,(anonymous_2)
FN:44,(anonymous_3)
FN:59,(anonymous_4)
FN:75,(anonymous_5)
FN:100,(anonymous_6)
FN:107,(anonymous_7)
FNF:8
FNH:0
FNDA:0,(anonymous_0)
FNDA:0,(anonymous_1)
FNDA:0,(anonymous_2)
FNDA:0,(anonymous_3)
FNDA:0,(anonymous_4)
FNDA:0,(anonymous_5)
FNDA:0,(anonymous_6)
FNDA:0,(anonymous_7)
DA:22,0
DA:28,0
DA:29,0
DA:30,0
DA:31,0
DA:32,0
DA:33,0
DA:35,0
DA:36,0
DA:37,0
DA:38,0
DA:42,0
DA:44,0
DA:45,0
DA:46,0
DA:47,0
DA:49,0
DA:50,0
DA:51,0
DA:53,0
DA:60,0
DA:61,0
DA:63,0
DA:68,0
DA:71,0
DA:76,0
DA:100,0
DA:107,0
LF:28
LH:0
BRDA:37,0,0,0
BRDA:37,0,1,0
BRDA:45,1,0,0
BRDA:45,1,1,0
BRDA:49,2,0,0
BRDA:49,2,1,0
BRDA:60,3,0,0
BRDA:60,3,1,0
BRDA:60,4,0,0
BRDA:60,4,1,0
BRDA:79,5,0,0
BRDA:79,5,1,0
BRF:12
BRH:0
end_of_record
TN:
SF:/home/node/app/services/app/src/config/color.ts
FNF:0
FNH:0
DA:1,1
LF:1
LH:1
BRDA:2,0,0,1
BRDA:2,0,1,0
BRDA:3,1,0,1
BRDA:3,1,1,0
BRF:4
BRH:2
end_of_record
TN:
SF:/home/node/app/services/app/src/config/firebase.ts
FN:6,(anonymous_0)
FN:9,(anonymous_1)
FNF:2
FNH:0
FNDA:0,(anonymous_0)
FNDA:0,(anonymous_1)
DA:1,0
DA:6,0
DA:7,0
DA:9,0
LF:4
LH:0
BRDA:2,0,0,0
BRDA:2,0,1,0
BRDA:3,1,0,0
BRDA:3,1,1,0
BRF:4
BRH:0
end_of_record
TN:
SF:/home/node/app/services/app/src/config/proxy.ts
FNF:0
FNH:0
DA:1,2
LF:1
LH:1
BRDA:2,0,0,2
BRDA:2,0,1,0
BRDA:3,1,0,2
BRDA:3,1,1,0
BRF:4
BRH:2
end_of_record
TN:
SF:/home/node/app/services/app/src/games/seabattle/actions/index.ts
FN:30,(anonymous_0)
FN:30,(anonymous_1)
FN:33,(anonymous_2)
FN:51,(anonymous_3)
FN:67,(anonymous_4)
FN:73,(anonymous_5)
FN:79,(anonymous_6)
FN:82,(anonymous_7)
FN:101,(anonymous_8)
FN:163,(anonymous_9)
FN:214,(anonymous_10)
FN:220,(anonymous_11)
FN:228,(anonymous_12)
FN:231,(anonymous_13)
FN:249,(anonymous_14)
FN:315,(anonymous_15)
FN:346,(anonymous_16)
FN:370,(anonymous_17)
FNF:18
FNH:0
FNDA:0,(anonymous_0)
FNDA:0,(anonymous_1)
FNDA:0,(anonymous_2)
FNDA:0,(anonymous_3)
FNDA:0,(anonymous_4)
FNDA:0,(anonymous_5)
FNDA:0,(anonymous_6)
FNDA:0,(anonymous_7)
FNDA:0,(anonymous_8)
FNDA:0,(anonymous_9)
FNDA:0,(anonymous_10)
FNDA:0,(anonymous_11)
FNDA:0,(anonymous_12)
FNDA:0,(anonymous_13)
FNDA:0,(anonymous_14)
FNDA:0,(anonymous_15)
FNDA:0,(anonymous_16)
FNDA:0,(anonymous_17)
DA:30,0
DA:31,0
DA:39,0
DA:40,0
DA:41,0
DA:42,0
DA:44,0
DA:45,0
DA:46,0
DA:49,0
DA:50,0
DA:51,0
DA:52,0
DA:53,0
DA:55,0
DA:56,0
DA:57,0
DA:63,0
DA:64,0
DA:65,0
DA:67,0
DA:73,0
DA:79,0
DA:80,0
DA:88,0
DA:89,0
DA:90,0
DA:91,0
DA:93,0
DA:94,0
DA:95,0
DA:98,0
DA:100,0
DA:101,0
DA:103,0
DA:104,0
DA:107,0
DA:110,0
DA:111,0
DA:112,0
DA:115,0
DA:116,0
DA:117,0
DA:118,0
DA:121,0
DA:125,0
DA:127,0
DA:128,0
DA:132,0
DA:136,0
DA:142,0
DA:143,0
DA:144,0
DA:145,0
DA:146,0
DA:148,0
DA:149,0
DA:151,0
DA:152,0
DA:156,0
DA:162,0
DA:163,0
DA:164,0
DA:175,0
DA:178,0
DA:181,0
DA:194,0
DA:197,0
DA:207,0
DA:208,0
DA:209,0
DA:210,0
DA:212,0
DA:214,0
DA:220,0
DA:228,0
DA:229,0
DA:237,0
DA:238,0
DA:239,0
DA:240,0
DA:242,0
DA:243,0
DA:244,0
DA:247,0
DA:248,0
DA:249,0
DA:251,0
DA:252,0
DA:255,0
DA:257,0
DA:258,0
DA:259,0
DA:262,0
DA:263,0
DA:266,0
DA:269,0
DA:270,0
DA:271,0
DA:272,0
DA:274,0
DA:275,0
DA:276,0
DA:277,0
DA:279,0
DA:280,0
DA:283,0
DA:286,0
DA:292,0
DA:293,0
DA:296,0
DA:297,0
DA:298,0
DA:303,0
DA:304,0
DA:305,0
DA:306,0
DA:311,0
DA:314,0
DA:315,0
DA:317,0
DA:318,0
DA:323,0
DA:326,0
DA:333,0
DA:337,0
DA:342,0
DA:344,0
DA:346,0
DA:349,0
DA:352,0
DA:359,0
DA:364,0
DA:365,0
DA:366,0
DA:368,0
DA:370,0
LF:137
LH:0
BRDA:40,0,0,0
BRDA:40,0,1,0
BRDA:44,1,0,0
BRDA:44,1,1,0
BRDA:44,2,0,0
BRDA:44,2,1,0
BRDA:44,2,2,0
BRDA:52,3,0,0
BRDA:52,3,1,0
BRDA:55,4,0,0
BRDA:55,4,1,0
BRDA:89,5,0,0
BRDA:89,5,1,0
BRDA:89,6,0,0
BRDA:89,6,1,0
BRDA:89,6,2,0
BRDA:93,7,0,0
BRDA:93,7,1,0
BRDA:103,8,0,0
BRDA:103,8,1,0
BRDA:110,9,0,0
BRDA:110,9,1,0
BRDA:116,10,0,0
BRDA:116,10,1,0
BRDA:116,11,0,0
BRDA:116,11,1,0
BRDA:128,12,0,0
BRDA:128,12,1,0
BRDA:129,13,0,0
BRDA:129,13,1,0
BRDA:144,14,0,0
BRDA:144,14,1,0
BRDA:144,15,0,0
BRDA:144,15,1,0
BRDA:145,16,0,0
BRDA:145,16,1,0
BRDA:148,17,0,0
BRDA:148,17,1,0
BRDA:163,18,0,0
BRDA:163,18,1,0
BRDA:178,19,0,0
BRDA:178,19,1,0
BRDA:238,20,0,0
BRDA:238,20,1,0
BRDA:238,21,0,0
BRDA:238,21,1,0
BRDA:238,21,2,0
BRDA:242,22,0,0
BRDA:242,22,1,0
BRDA:251,23,0,0
BRDA:251,23,1,0
BRDA:257,24,0,0
BRDA:257,24,1,0
BRDA:262,25,0,0
BRDA:262,25,1,0
BRDA:270,26,0,0
BRDA:270,26,1,0
BRDA:270,27,0,0
BRDA:270,27,1,0
BRDA:275,28,0,0
BRDA:275,28,1,0
BRDA:279,29,0,0
BRDA:279,29,1,0
BRDA:296,30,0,0
BRDA:296,30,1,0
BRDA:303,31,0,0
BRDA:303,31,1,0
BRDA:305,32,0,0
BRDA:305,32,1,0
BRDA:317,33,0,0
BRDA:317,33,1,0
BRDA:333,34,0,0
BRDA:333,34,1,0
BRDA:344,35,0,0
BRDA:344,35,1,0
BRF:75
BRH:0
end_of_record
TN:
SF:/home/node/app/services/app/src/games/seabattle/components/Assets.tsx
FN:19,(anonymous_0)
FN:29,(anonymous_1)
FN:47,(anonymous_2)
FNF:3
FNH:0
FNDA:0,(anonymous_0)
FNDA:0,(anonymous_1)
FNDA:0,(anonymous_2)
DA:19,0
DA:28,0
DA:30,0
DA:31,0
DA:33,0
DA:34,0
DA:47,0
DA:48,0
LF:8
LH:0
BRDA:23,0,0,0
BRDA:30,1,0,0
BRDA:30,1,1,0
BRDA:33,2,0,0
BRDA:33,2,1,0
BRF:5
BRH:0
end_of_record
TN:
SF:/home/node/app/services/app/src/games/seabattle/components/BattleAssets.tsx
FN:11,(anonymous_0)
FNF:1
FNH:0
FNDA:0,(anonymous_0)
DA:6,0
DA:7,0
DA:11,0
DA:12,0
LF:4
LH:0
BRF:0
BRH:0
end_of_record
TN:
SF:/home/node/app/services/app/src/games/seabattle/components/Boats.tsx
FN:19,(anonymous_0)
FN:47,(anonymous_1)
FNF:2
FNH:0
FNDA:0,(anonymous_0)
FNDA:0,(anonymous_1)
DA:19,0
DA:25,0
DA:48,0
LF:3
LH:0
BRDA:20,0,0,0
BRDA:32,1,0,0
BRDA:32,1,1,0
BRDA:32,2,0,0
BRDA:32,2,1,0
BRF:5
BRH:0
end_of_record
TN:
SF:/home/node/app/services/app/src/games/seabattle/components/Fleet.tsx
FN:13,(anonymous_0)
FN:15,(anonymous_1)
FN:22,(anonymous_2)
FNF:3
FNH:0
FNDA:0,(anonymous_0)
FNDA:0,(anonymous_1)
FNDA:0,(anonymous_2)
DA:13,0
DA:14,0
DA:16,0
DA:23,0
DA:26,0
LF:5
LH:0
BRDA:21,0,0,0
BRDA:21,0,1,0
BRDA:21,1,0,0
BRDA:21,1,1,0
BRDA:27,2,0,0
BRDA:27,2,1,0
BRF:6
BRH:0
end_of_record
TN:
SF:/home/node/app/services/app/src/games/seabattle/components/GameOverModal.tsx
FN:21,(anonymous_0)
FN:28,(anonymous_1)
FN:34,(anonymous_2)
FN:44,(anonymous_3)
FNF:4
FNH:0
FNDA:0,(anonymous_0)
FNDA:0,(anonymous_1)
FNDA:0,(anonymous_2)
FNDA:0,(anonymous_3)
DA:21,0
DA:24,0
DA:25,0
DA:26,0
DA:28,0
DA:29,0
DA:34,0
DA:35,0
DA:36,0
DA:39,0
DA:45,0
LF:11
LH:0
BRDA:61,0,0,0
BRDA:61,0,1,0
BRDA:67,1,0,0
BRDA:67,1,1,0
BRDA:74,2,0,0
BRDA:74,2,1,0
BRF:6
BRH:0
end_of_record
TN:
SF:/home/node/app/services/app/src/games/seabattle/components/HelpModal.tsx
FN:11,(anonymous_0)
FNF:1
FNH:0
FNDA:0,(anonymous_0)
DA:11,0
DA:12,0
DA:13,0
LF:3
LH:0
BRF:0
BRH:0
end_of_record
TN:
SF:/home/node/app/services/app/src/games/seabattle/components/Hits.tsx
FN:12,(anonymous_0)
FN:29,(anonymous_1)
FN:32,(anonymous_2)
FNF:3
FNH:0
FNDA:0,(anonymous_0)
FNDA:0,(anonymous_1)
FNDA:0,(anonymous_2)
DA:12,0
DA:13,0
DA:29,0
DA:30,0
DA:33,0
LF:5
LH:0
BRF:0
BRH:0
end_of_record
TN:
SF:/home/node/app/services/app/src/games/seabattle/components/Map.tsx
FN:24,(anonymous_0)
FN:57,(anonymous_1)
FN:82,(anonymous_2)
FN:86,(anonymous_3)
FN:102,(anonymous_4)
FN:104,(anonymous_5)
FNF:6
FNH:0
FNDA:0,(anonymous_0)
FNDA:0,(anonymous_1)
FNDA:0,(anonymous_2)
FNDA:0,(anonymous_3)
FNDA:0,(anonymous_4)
FNDA:0,(anonymous_5)
DA:24,0
DA:38,0
DA:40,0
DA:44,0
DA:48,0
DA:52,0
DA:56,0
DA:58,0
DA:63,0
DA:68,0
DA:69,0
DA:72,0
DA:73,0
DA:75,0
DA:76,0
DA:82,0
DA:83,0
DA:86,0
DA:87,0
DA:94,0
DA:97,0
DA:102,0
DA:104,0
LF:23
LH:0
BRDA:27,0,0,0
BRDA:63,1,0,0
BRDA:63,1,1,0
BRDA:64,2,0,0
BRDA:64,2,1,0
BRDA:75,3,0,0
BRDA:75,3,1,0
BRF:7
BRH:0
end_of_record
TN:
SF:/home/node/app/services/app/src/games/seabattle/components/OpponentControls.tsx
FN:17,(anonymous_0)
FNF:1
FNH:0
FNDA:0,(anonymous_0)
DA:17,0
DA:26,0
LF:2
LH:0
BRF:0
BRH:0
end_of_record
TN:
SF:/home/node/app/services/app/src/games/seabattle/components/OpponentSelection.tsx
FN:13,(anonymous_0)
FNF:1
FNH:0
FNDA:0,(anonymous_0)
DA:13,0
DA:19,0
DA:21,0
LF:3
LH:0
BRDA:21,0,0,0
BRDA:21,0,1,0
BRF:2
BRH:0
end_of_record
TN:
SF:/home/node/app/services/app/src/games/seabattle/components/PlayerControls.tsx
FN:17,(anonymous_0)
FNF:1
FNH:0
FNDA:0,(anonymous_0)
DA:17,0
DA:25,0
DA:27,0
LF:3
LH:0
BRDA:19,0,0,0
BRDA:38,1,0,0
BRDA:38,1,1,0
BRDA:50,2,0,0
BRDA:50,2,1,0
BRF:5
BRH:0
end_of_record
TN:
SF:/home/node/app/services/app/src/games/seabattle/components/WeaponSelection.tsx
FN:21,(anonymous_0)
FN:37,(anonymous_1)
FN:53,(anonymous_2)
FN:58,(anonymous_3)
FN:78,(anonymous_4)
FN:80,(anonymous_5)
FN:94,(anonymous_6)
FN:100,(anonymous_7)
FNF:8
FNH:0
FNDA:0,(anonymous_0)
FNDA:0,(anonymous_1)
FNDA:0,(anonymous_2)
FNDA:0,(anonymous_3)
FNDA:0,(anonymous_4)
FNDA:0,(anonymous_5)
FNDA:0,(anonymous_6)
FNDA:0,(anonymous_7)
DA:21,0
DA:22,0
DA:24,0
DA:27,0
DA:31,0
DA:32,0
DA:36,0
DA:38,0
DA:43,0
DA:45,0
DA:46,0
DA:47,0
DA:53,0
DA:54,0
DA:57,0
DA:59,0
DA:60,0
DA:67,0
DA:73,0
DA:78,0
DA:80,0
DA:94,0
DA:101,0
LF:23
LH:0
BRDA:28,0,0,0
BRDA:28,0,1,0
BRDA:43,1,0,0
BRDA:43,1,1,0
BRDA:43,2,0,0
BRDA:43,2,1,0
BRDA:59,3,0,0
BRDA:59,3,1,0
BRDA:105,4,0,0
BRDA:105,4,1,0
BRF:10
BRH:0
end_of_record
TN:
SF:/home/node/app/services/app/src/games/seabattle/components/Weapons.tsx
FN:12,(anonymous_0)
FN:28,(anonymous_1)
FN:31,(anonymous_2)
FNF:3
FNH:0
FNDA:0,(anonymous_0)
FNDA:0,(anonymous_1)
FNDA:0,(anonymous_2)
DA:12,0
DA:13,0
DA:28,0
DA:29,0
DA:32,0
LF:5
LH:0
BRF:0
BRH:0
end_of_record
TN:
SF:/home/node/app/services/app/src/games/seabattle/page/index.tsx
FN:38,(anonymous_0)
FN:49,(anonymous_1)
FN:53,(anonymous_2)
FN:68,(anonymous_3)
FN:73,(anonymous_4)
FN:85,(anonymous_5)
FN:109,(anonymous_6)
FN:114,(anonymous_7)
FN:128,(anonymous_8)
FN:131,(anonymous_9)
FN:136,(anonymous_10)
FN:151,(anonymous_11)
FN:199,(anonymous_12)
FN:200,(anonymous_13)
FN:201,(anonymous_14)
FN:202,(anonymous_15)
FN:248,(anonymous_16)
FN:258,(anonymous_17)
FNF:18
FNH:0
FNDA:0,(anonymous_0)
FNDA:0,(anonymous_1)
FNDA:0,(anonymous_2)
FNDA:0,(anonymous_3)
FNDA:0,(anonymous_4)
FNDA:0,(anonymous_5)
FNDA:0,(anonymous_6)
FNDA:0,(anonymous_7)
FNDA:0,(anonymous_8)
FNDA:0,(anonymous_9)
FNDA:0,(anonymous_10)
FNDA:0,(anonymous_11)
FNDA:0,(anonymous_12)
FNDA:0,(anonymous_13)
FNDA:0,(anonymous_14)
FNDA:0,(anonymous_15)
FNDA:0,(anonymous_16)
FNDA:0,(anonymous_17)
DA:34,0
DA:38,0
DA:39,0
DA:40,0
DA:41,0
DA:42,0
DA:43,0
DA:44,0
DA:48,0
DA:49,0
DA:52,0
DA:53,0
DA:62,0
DA:68,0
DA:69,0
DA:72,0
DA:74,0
DA:84,0
DA:86,0
DA:93,0
DA:95,0
DA:96,0
DA:97,0
DA:99,0
DA:108,0
DA:109,0
DA:113,0
DA:115,0
DA:116,0
DA:117,0
DA:119,0
DA:120,0
DA:121,0
DA:123,0
DA:128,0
DA:129,0
DA:131,0
DA:132,0
DA:136,0
DA:137,0
DA:138,0
DA:139,0
DA:140,0
DA:148,0
DA:149,0
DA:151,0
DA:154,0
DA:162,0
DA:163,0
DA:172,0
DA:182,0
DA:193,0
DA:199,0
DA:200,0
DA:201,0
DA:202,0
DA:249,0
DA:259,0
LF:58
LH:0
BRDA:53,0,0,0
BRDA:53,0,1,0
BRDA:86,1,0,0
BRDA:86,1,1,0
BRDA:87,2,0,0
BRDA:87,2,1,0
BRDA:87,2,2,0
BRDA:87,2,3,0
BRDA:87,2,4,0
BRDA:96,3,0,0
BRDA:96,3,1,0
BRDA:115,4,0,0
BRDA:115,4,1,0
BRDA:115,5,0,0
BRDA:115,5,1,0
BRDA:119,6,0,0
BRDA:119,6,1,0
BRDA:137,7,0,0
BRDA:137,7,1,0
BRDA:139,8,0,0
BRDA:139,8,1,0
BRDA:148,9,0,0
BRDA:148,9,1,0
BRDA:148,10,0,0
BRDA:148,10,1,0
BRDA:149,11,0,0
BRDA:149,11,1,0
BRDA:162,12,0,0
BRDA:162,12,1,0
BRDA:204,13,0,0
BRDA:204,13,1,0
BRDA:213,14,0,0
BRDA:213,14,1,0
BRDA:213,15,0,0
BRDA:213,15,1,0
BRDA:216,16,0,0
BRDA:216,16,1,0
BRDA:244,17,0,0
BRDA:244,17,1,0
BRDA:247,18,0,0
BRDA:247,18,1,0
BRDA:247,19,0,0
BRDA:247,19,1,0
BRDA:250,20,0,0
BRDA:250,20,1,0
BRDA:257,21,0,0
BRDA:257,21,1,0
BRDA:257,22,0,0
BRDA:257,22,1,0
BRDA:266,23,0,0
BRDA:266,23,1,0
BRDA:271,24,0,0
BRDA:271,24,1,0
BRDA:271,25,0,0
BRDA:271,25,1,0
BRF:55
BRH:0
end_of_record
TN:
SF:/home/node/app/services/app/src/games/seabattle/utils/collision.ts
FN:14,(anonymous_0)
FN:19,(anonymous_1)
FN:29,(anonymous_2)
FN:37,(anonymous_3)
FN:72,(anonymous_4)
FN:78,(anonymous_5)
FN:176,(anonymous_6)
FN:220,(anonymous_7)
FNF:8
FNH:0
FNDA:0,(anonymous_0)
FNDA:0,(anonymous_1)
FNDA:0,(anonymous_2)
FNDA:0,(anonymous_3)
FNDA:0,(anonymous_4)
FNDA:0,(anonymous_5)
FNDA:0,(anonymous_6)
FNDA:0,(anonymous_7)
DA:14,0
DA:17,0
DA:19,0
DA:24,0
DA:29,0
DA:30,0
DA:37,0
DA:42,0
DA:43,0
DA:45,0
DA:46,0
DA:48,0
DA:53,0
DA:58,0
DA:63,0
DA:72,0
DA:76,0
DA:78,0
DA:79,0
DA:80,0
DA:84,0
DA:85,0
DA:86,0
DA:88,0
DA:90,0
DA:91,0
DA:95,0
DA:108,0
DA:110,0
DA:111,0
DA:115,0
DA:128,0
DA:130,0
DA:131,0
DA:135,0
DA:148,0
DA:150,0
DA:151,0
DA:155,0
DA:168,0
DA:171,0
DA:176,0
DA:182,0
DA:184,0
DA:185,0
DA:187,0
DA:188,0
DA:189,0
DA:192,0
DA:194,0
DA:195,0
DA:196,0
DA:199,0
DA:201,0
DA:202,0
DA:203,0
DA:206,0
DA:208,0
DA:209,0
DA:210,0
DA:213,0
DA:215,0
DA:220,0
DA:226,0
DA:227,0
DA:228,0
DA:230,0
DA:231,0
DA:232,0
DA:234,0
LF:70
LH:0
BRDA:30,0,0,0
BRDA:30,0,1,0
BRDA:30,0,2,0
BRDA:30,0,3,0
BRDA:42,1,0,0
BRDA:42,1,1,0
BRDA:46,2,0,0
BRDA:46,2,1,0
BRDA:46,2,2,0
BRDA:46,2,3,0
BRDA:85,3,0,0
BRDA:85,3,1,0
BRDA:88,4,0,0
BRDA:88,4,1,0
BRDA:88,4,2,0
BRDA:88,4,3,0
BRDA:185,5,0,0
BRDA:185,5,1,0
BRDA:185,5,2,0
BRDA:185,5,3,0
BRDA:188,6,0,0
BRDA:188,6,1,0
BRDA:195,7,0,0
BRDA:195,7,1,0
BRDA:202,8,0,0
BRDA:202,8,1,0
BRDA:209,9,0,0
BRDA:209,9,1,0
BRDA:226,10,0,0
BRDA:226,10,1,0
BRDA:230,11,0,0
BRDA:230,11,1,0
BRF:32
BRH:0
end_of_record
TN:
SF:/home/node/app/services/app/src/games/seabattle/utils/generator.ts
FN:28,(anonymous_0)
FN:38,(anonymous_1)
FN:50,(anonymous_2)
FN:80,(anonymous_3)
FN:87,(anonymous_4)
FN:91,(anonymous_5)
FN:136,(anonymous_6)
FN:179,(anonymous_7)
FN:181,(anonymous_8)
FN:184,(anonymous_9)
FN:185,(anonymous_10)
FN:195,(anonymous_11)
FNF:12
FNH:10
FNDA:2,(anonymous_0)
FNDA:2,(anonymous_1)
FNDA:0,(anonymous_2)
FNDA:39,(anonymous_3)
FNDA:32,(anonymous_4)
FNDA:20,(anonymous_5)
FNDA:17,(anonymous_6)
FNDA:17,(anonymous_7)
FNDA:51,(anonymous_8)
FNDA:2,(anonymous_9)
FNDA:0,(anonymous_10)
FNDA:20,(anonymous_11)
DA:20,2
DA:28,2
DA:38,2
DA:39,2
DA:40,2
DA:44,2
DA:45,2
DA:50,2
DA:80,2
DA:81,39
DA:82,2
DA:84,37
DA:87,2
DA:88,32
DA:91,2
DA:97,20
DA:99,2
DA:100,4
DA:101,4
DA:102,1
DA:105,1
DA:107,7
DA:108,12
DA:109,12
DA:110,1
DA:113,6
DA:115,6
DA:116,12
DA:117,12
DA:118,0
DA:121,6
DA:123,5
DA:124,11
DA:125,11
DA:126,1
DA:129,4
DA:131,17
DA:136,2
DA:137,17
DA:138,20
DA:143,20
DA:146,20
DA:147,17
DA:149,1
DA:150,1
DA:152,1
DA:154,6
DA:155,11
DA:157,6
DA:159,6
DA:160,12
DA:162,6
DA:164,4
DA:165,8
DA:167,4
DA:169,17
DA:179,2
DA:180,17
DA:181,51
DA:184,2
DA:185,2
DA:186,2
DA:187,0
DA:189,2
DA:193,2
DA:195,20
DA:198,2
DA:203,2
DA:204,2
DA:205,17
DA:207,17
DA:208,17
DA:209,17
DA:213,2
DA:214,2
DA:215,6
DA:216,6
DA:217,6
DA:218,6
DA:219,17
DA:220,17
DA:227,17
DA:231,2
DA:249,2
LF:84
LH:82
BRDA:81,0,0,2
BRDA:81,0,1,37
BRDA:81,1,0,39
BRDA:81,1,1,38
BRDA:81,1,2,38
BRDA:81,1,3,37
BRDA:97,2,0,2
BRDA:97,2,1,7
BRDA:97,2,2,6
BRDA:97,2,3,5
BRDA:101,3,0,1
BRDA:101,3,1,3
BRDA:109,4,0,1
BRDA:109,4,1,11
BRDA:117,5,0,0
BRDA:117,5,1,12
BRDA:125,6,0,1
BRDA:125,6,1,10
BRDA:146,7,0,17
BRDA:146,7,1,3
BRDA:147,8,0,1
BRDA:147,8,1,6
BRDA:147,8,2,6
BRDA:147,8,3,4
BRDA:186,9,0,0
BRDA:186,9,1,2
BRF:26
BRH:24
end_of_record
TN:
SF:/home/node/app/services/app/src/games/seabattle/utils/index.ts
FN:49,(anonymous_0)
FN:182,(anonymous_1)
FN:183,(anonymous_2)
FN:187,(anonymous_3)
FN:212,(anonymous_4)
FN:234,(anonymous_5)
FN:237,(anonymous_6)
FN:243,(anonymous_7)
FN:246,(anonymous_8)
FNF:9
FNH:9
FNDA:21,(anonymous_0)
FNDA:1,(anonymous_1)
FNDA:3,(anonymous_2)
FNDA:2,(anonymous_3)
FNDA:2,(anonymous_4)
FNDA:2,(anonymous_5)
FNDA:1,(anonymous_6)
FNDA:1,(anonymous_7)
FNDA:1,(anonymous_8)
DA:6,3
DA:7,3
DA:8,3
DA:47,3
DA:49,3
DA:50,21
DA:54,3
DA:73,3
DA:89,3
DA:118,3
DA:125,3
DA:134,3
DA:149,3
DA:182,3
DA:183,3
DA:187,3
DA:202,2
DA:203,2
DA:204,2
DA:205,2
DA:206,2
DA:207,2
DA:208,1
DA:209,1
DA:210,1
DA:211,1
DA:212,2
DA:214,1
DA:215,1
DA:216,1
DA:217,1
DA:221,1
DA:223,2
DA:234,3
DA:235,2
DA:237,3
DA:238,1
DA:243,3
DA:244,1
DA:246,3
DA:247,1
LF:41
LH:41
BRDA:207,0,0,1
BRDA:207,0,1,1
BRDA:209,1,0,1
BRDA:209,1,1,0
BRDA:214,2,0,1
BRDA:214,2,1,0
BRDA:216,3,0,1
BRDA:216,3,1,0
BRDA:216,4,0,1
BRDA:216,4,1,1
BRF:10
BRH:7
end_of_record
TN:
SF:/home/node/app/services/app/src/games/seabattle/utils/mappings.ts
FNF:0
FNH:0
DA:21,2
DA:46,2
DA:79,2
DA:102,2
DA:114,2
LF:5
LH:5
BRF:0
BRH:0
end_of_record
TN:
SF:/home/node/app/services/app/src/locales/en.ts
FNF:0
FNH:0
LF:0
LH:0
BRF:0
BRH:0
end_of_record
TN:
SF:/home/node/app/services/app/src/locales/fr.ts
FNF:0
FNH:0
LF:0
LH:0
BRF:0
BRH:0
end_of_record
TN:
SF:/home/node/app/services/app/src/pages/App.tsx
FN:15,(anonymous_0)
FN:18,(anonymous_1)
FN:22,(anonymous_2)
FN:28,(anonymous_3)
FNF:4
FNH:0
FNDA:0,(anonymous_0)
FNDA:0,(anonymous_1)
FNDA:0,(anonymous_2)
FNDA:0,(anonymous_3)
DA:15,0
DA:16,0
DA:18,0
DA:19,0
DA:22,0
DA:23,0
DA:24,0
DA:26,0
DA:28,0
DA:29,0
DA:30,0
DA:34,0
LF:12
LH:0
BRF:0
BRH:0
end_of_record
TN:
SF:/home/node/app/services/app/src/pages/Room.tsx
FN:22,(anonymous_0)
FN:25,(anonymous_1)
FN:28,(anonymous_2)
FN:41,(anonymous_3)
FN:44,(anonymous_4)
FN:49,(anonymous_5)
FN:57,(anonymous_6)
FN:85,(anonymous_7)
FNF:8
FNH:0
FNDA:0,(anonymous_0)
FNDA:0,(anonymous_1)
FNDA:0,(anonymous_2)
FNDA:0,(anonymous_3)
FNDA:0,(anonymous_4)
FNDA:0,(anonymous_5)
FNDA:0,(anonymous_6)
FNDA:0,(anonymous_7)
DA:22,0
DA:23,0
DA:24,0
DA:25,0
DA:27,0
DA:28,0
DA:31,0
DA:32,0
DA:37,0
DA:41,0
DA:42,0
DA:44,0
DA:45,0
DA:49,0
DA:50,0
DA:51,0
DA:54,0
DA:58,0
DA:59,0
DA:61,0
DA:63,0
DA:65,0
DA:79,0
DA:86,0
LF:24
LH:0
BRDA:37,0,0,0
BRDA:58,1,0,0
BRDA:58,1,1,0
BRDA:61,2,0,0
BRDA:61,2,1,0
BRDA:61,2,2,0
BRF:6
BRH:0
end_of_record
TN:
SF:/home/node/app/services/app/src/pages/Splash.tsx
FN:17,(anonymous_0)
FN:20,(anonymous_1)
FN:23,(anonymous_2)
FN:28,(anonymous_3)
FN:33,(anonymous_4)
FN:38,(anonymous_5)
FN:42,(anonymous_6)
FN:47,(anonymous_7)
FN:51,(anonymous_8)
FNF:9
FNH:0
FNDA:0,(anonymous_0)
FNDA:0,(anonymous_1)
FNDA:0,(anonymous_2)
FNDA:0,(anonymous_3)
FNDA:0,(anonymous_4)
FNDA:0,(anonymous_5)
FNDA:0,(anonymous_6)
FNDA:0,(anonymous_7)
FNDA:0,(anonymous_8)
DA:17,0
DA:18,0
DA:19,0
DA:20,0
DA:22,0
DA:23,0
DA:25,0
DA:27,0
DA:28,0
DA:32,0
DA:33,0
DA:37,0
DA:38,0
DA:42,0
DA:46,0
DA:47,0
DA:51,0
DA:52,0
DA:72,0
LF:19
LH:0
BRDA:23,0,0,0
BRDA:23,0,1,0
BRDA:88,1,0,0
BRDA:88,1,1,0
BRDA:97,2,0,0
BRDA:97,2,1,0
BRDA:130,3,0,0
BRDA:130,3,1,0
BRDA:130,4,0,0
BRDA:130,4,1,0
BRF:10
BRH:0
end_of_record
TN:
SF:/home/node/app/services/app/src/reducers/app.ts
FN:8,(anonymous_0)
FN:9,(anonymous_1)
FN:24,(anonymous_2)
FNF:3
FNH:1
FNDA:0,(anonymous_0)
FNDA:0,(anonymous_1)
FNDA:4,(anonymous_2)
DA:8,1
DA:9,1
DA:10,0
DA:18,1
DA:24,1
DA:28,4
DA:30,0
DA:35,0
DA:37,4
LF:9
LH:6
BRDA:25,0,0,3
BRDA:28,1,0,0
BRDA:28,1,1,0
BRDA:28,1,2,4
BRF:4
BRH:2
end_of_record
TN:
SF:/home/node/app/services/app/src/reducers/index.ts
FNF:0
FNH:0
DA:13,1
LF:1
LH:1
BRF:0
BRH:0
end_of_record
TN:
SF:/home/node/app/services/app/src/reducers/medias.ts
FN:13,(anonymous_0)
FN:14,(anonymous_1)
FN:15,(anonymous_2)
FN:16,(anonymous_3)
FN:46,(anonymous_4)
FNF:5
FNH:2
FNDA:0,(anonymous_0)
FNDA:0,(anonymous_1)
FNDA:0,(anonymous_2)
FNDA:1,(anonymous_3)
FNDA:4,(anonymous_4)
DA:13,1
DA:14,1
DA:15,1
DA:16,1
DA:17,1
DA:27,1
DA:46,1
DA:50,4
DA:52,0
DA:58,0
DA:64,1
DA:81,1
DA:82,3
DA:84,1
DA:87,0
DA:89,3
LF:16
LH:13
BRDA:47,0,0,3
BRDA:50,1,0,0
BRDA:50,1,1,0
BRDA:50,1,2,1
BRDA:50,1,3,0
BRDA:50,1,4,3
BRF:6
BRH:3
end_of_record
TN:
SF:/home/node/app/services/app/src/reducers/messages.ts
FN:12,(anonymous_0)
FN:17,(anonymous_1)
FN:19,(anonymous_2)
FN:30,(anonymous_3)
FN:53,(anonymous_4)
FNF:5
FNH:1
FNDA:0,(anonymous_0)
FNDA:0,(anonymous_1)
FNDA:0,(anonymous_2)
FNDA:4,(anonymous_3)
FNDA:0,(anonymous_4)
DA:12,1
DA:16,0
DA:17,1
DA:18,0
DA:19,1
DA:20,0
DA:26,1
DA:30,1
DA:34,4
DA:36,0
DA:44,0
DA:45,0
DA:46,0
DA:49,0
DA:50,0
DA:52,0
DA:53,0
DA:54,0
DA:55,0
DA:58,0
DA:61,4
LF:21
LH:7
BRDA:31,0,0,3
BRDA:34,1,0,0
BRDA:34,1,1,0
BRDA:34,1,2,0
BRDA:34,1,3,4
BRDA:49,2,0,0
BRDA:49,2,1,0
BRDA:54,3,0,0
BRDA:54,3,1,0
BRF:9
BRH:2
end_of_record
TN:
SF:/home/node/app/services/app/src/reducers/modals.ts
FN:47,(anonymous_0)
FN:50,(anonymous_1)
FN:54,(anonymous_2)
FN:57,(anonymous_3)
FN:73,(anonymous_4)
FNF:5
FNH:1
FNDA:0,(anonymous_0)
FNDA:0,(anonymous_1)
FNDA:0,(anonymous_2)
FNDA:0,(anonymous_3)
FNDA:4,(anonymous_4)
DA:47,1
DA:48,0
DA:50,1
DA:54,1
DA:55,0
DA:57,1
DA:67,1
DA:73,1
DA:77,4
DA:79,0
DA:84,0
DA:89,0
DA:94,0
DA:95,0
DA:96,0
DA:101,4
LF:16
LH:8
BRDA:74,0,0,3
BRDA:77,1,0,0
BRDA:77,1,1,0
BRDA:77,1,2,0
BRDA:77,1,3,0
BRDA:77,1,4,4
BRF:6
BRH:2
end_of_record
TN:
SF:/home/node/app/services/app/src/reducers/room.ts
FN:16,(anonymous_0)
FN:17,(anonymous_1)
FN:18,(anonymous_2)
FN:19,(anonymous_3)
FN:55,(anonymous_4)
FNF:5
FNH:1
FNDA:0,(anonymous_0)
FNDA:0,(anonymous_1)
FNDA:0,(anonymous_2)
FNDA:0,(anonymous_3)
FNDA:4,(anonymous_4)
DA:16,1
DA:17,1
DA:18,1
DA:19,1
DA:20,0
DA:40,1
DA:55,1
DA:59,4
DA:61,0
DA:67,0
DA:73,0
DA:80,0
DA:82,4
LF:13
LH:8
BRDA:56,0,0,3
BRDA:59,1,0,0
BRDA:59,1,1,0
BRDA:59,1,2,0
BRDA:59,1,3,0
BRDA:59,1,4,4
BRF:6
BRH:2
end_of_record
TN:
SF:/home/node/app/services/app/src/reducers/user.ts
FN:20,(anonymous_0)
FN:21,(anonymous_1)
FN:22,(anonymous_2)
FN:23,(anonymous_3)
FN:49,(anonymous_4)
FNF:5
FNH:1
FNDA:0,(anonymous_0)
FNDA:0,(anonymous_1)
FNDA:0,(anonymous_2)
FNDA:0,(anonymous_3)
FNDA:4,(anonymous_4)
DA:20,1
DA:21,1
DA:22,1
DA:23,1
DA:24,0
DA:39,1
DA:49,1
DA:53,4
DA:55,0
DA:61,0
DA:67,0
DA:73,0
DA:74,0
DA:77,0
DA:78,0
DA:80,4
LF:16
LH:8
BRDA:50,0,0,3
BRDA:53,1,0,0
BRDA:53,1,1,0
BRDA:53,1,2,0
BRDA:53,1,3,0
BRDA:53,1,4,4
BRF:6
BRH:2
end_of_record
TN:
SF:/home/node/app/services/app/src/selectors/medias.ts
FN:6,(anonymous_0)
FN:23,(anonymous_1)
FNF:2
FNH:0
FNDA:0,(anonymous_0)
FNDA:0,(anonymous_1)
DA:6,0
DA:7,0
DA:11,0
DA:12,0
DA:13,0
DA:14,0
DA:15,0
DA:17,0
DA:20,0
DA:23,0
LF:10
LH:0
BRDA:14,0,0,0
BRDA:14,0,1,0
BRF:2
BRH:0
end_of_record
TN:
SF:/home/node/app/services/app/src/selectors/messages.ts
FN:5,(anonymous_0)
FN:6,(anonymous_1)
FNF:2
FNH:0
FNDA:0,(anonymous_0)
FNDA:0,(anonymous_1)
DA:5,0
DA:6,0
DA:7,0
LF:3
LH:0
BRDA:7,0,0,0
BRDA:7,0,1,0
BRF:2
BRH:0
end_of_record
TN:
SF:/home/node/app/services/app/src/selectors/queue.ts
FN:6,(anonymous_0)
FN:9,(anonymous_1)
FN:12,(anonymous_2)
FNF:3
FNH:0
FNDA:0,(anonymous_0)
FNDA:0,(anonymous_1)
FNDA:0,(anonymous_2)
DA:6,0
DA:7,0
DA:9,0
DA:10,0
DA:12,0
DA:13,0
LF:6
LH:0
BRDA:7,0,0,0
BRDA:7,0,1,0
BRDA:10,1,0,0
BRDA:10,1,1,0
BRDA:13,2,0,0
BRDA:13,2,1,0
BRF:6
BRH:0
end_of_record
TN:
SF:/home/node/app/services/app/src/selectors/room.ts
FN:5,(anonymous_0)
FN:8,(anonymous_1)
FN:10,(anonymous_2)
FNF:3
FNH:0
FNDA:0,(anonymous_0)
FNDA:0,(anonymous_1)
FNDA:0,(anonymous_2)
DA:5,0
DA:6,0
DA:8,0
DA:10,0
DA:11,0
LF:5
LH:0
BRDA:6,0,0,0
BRDA:6,0,1,0
BRF:2
BRH:0
end_of_record
TN:
SF:/home/node/app/services/app/src/selectors/user.ts
FN:5,(anonymous_0)
FN:8,(anonymous_1)
FNF:2
FNH:0
FNDA:0,(anonymous_0)
FNDA:0,(anonymous_1)
DA:5,0
DA:6,0
DA:8,0
LF:3
LH:0
BRDA:6,0,0,0
BRDA:6,0,1,0
BRF:2
BRH:0
end_of_record
TN:
SF:/home/node/app/services/app/src/utils/audio.ts
FN:7,(anonymous_0)
FN:18,(anonymous_1)
FN:22,(anonymous_2)
FN:26,(anonymous_3)
FN:30,(anonymous_4)
FN:34,(anonymous_5)
FN:38,(anonymous_6)
FN:41,(anonymous_7)
FN:47,(anonymous_8)
FN:48,(anonymous_9)
FN:54,(anonymous_10)
FN:59,(anonymous_11)
FN:77,(anonymous_12)
FN:84,(anonymous_13)
FN:104,(anonymous_14)
FN:105,(anonymous_15)
FNF:16
FNH:2
FNDA:0,(anonymous_0)
FNDA:0,(anonymous_1)
FNDA:0,(anonymous_2)
FNDA:0,(anonymous_3)
FNDA:0,(anonymous_4)
FNDA:0,(anonymous_5)
FNDA:0,(anonymous_6)
FNDA:0,(anonymous_7)
FNDA:0,(anonymous_8)
FNDA:0,(anonymous_9)
FNDA:0,(anonymous_10)
FNDA:0,(anonymous_11)
FNDA:1,(anonymous_12)
FNDA:0,(anonymous_13)
FNDA:2,(anonymous_14)
FNDA:0,(anonymous_15)
DA:1,2
DA:2,2
DA:3,2
DA:7,2
DA:8,0
DA:9,0
DA:10,0
DA:13,0
DA:18,2
DA:22,2
DA:26,2
DA:30,2
DA:34,2
DA:38,2
DA:41,0
DA:42,0
DA:47,2
DA:48,0
DA:49,0
DA:50,0
DA:51,0
DA:52,0
DA:54,0
DA:57,0
DA:60,0
DA:61,0
DA:63,0
DA:67,0
DA:72,0
DA:77,2
DA:80,1
DA:81,1
DA:83,0
DA:84,0
DA:85,0
DA:87,0
DA:90,0
DA:93,0
DA:94,0
DA:96,0
DA:97,0
DA:98,0
DA:104,2
DA:105,2
DA:106,0
DA:107,0
DA:108,0
DA:109,0
DA:111,0
DA:112,0
DA:113,0
DA:114,0
DA:115,0
DA:117,2
DA:118,2
LF:55
LH:18
BRDA:8,0,0,0
BRDA:8,0,1,0
BRDA:10,1,0,0
BRDA:10,1,1,0
BRDA:80,2,0,1
BRDA:80,2,1,0
BRDA:85,3,0,0
BRDA:85,3,1,0
BRF:8
BRH:1
end_of_record
TN:
SF:/home/node/app/services/app/src/utils/clipboard.ts
FN:2,(anonymous_0)
FN:3,(anonymous_1)
FNF:2
FNH:0
FNDA:0,(anonymous_0)
FNDA:0,(anonymous_1)
DA:2,0
DA:3,0
DA:4,0
DA:5,0
DA:6,0
DA:7,0
DA:8,0
DA:10,0
DA:11,0
DA:12,0
DA:14,0
DA:15,0
DA:16,0
DA:17,0
DA:18,0
DA:19,0
DA:22,0
DA:23,0
LF:18
LH:0
BRDA:12,0,0,0
BRDA:12,0,1,0
BRDA:14,1,0,0
BRDA:14,1,1,0
BRDA:17,2,0,0
BRDA:17,2,1,0
BRF:6
BRH:0
end_of_record
TN:
SF:/home/node/app/services/app/src/utils/colorpicker.ts
FN:28,(anonymous_0)
FN:49,(anonymous_1)
FNF:2
FNH:2
FNDA:3,(anonymous_0)
FNDA:4,(anonymous_1)
DA:19,1
DA:21,1
DA:28,1
DA:35,3
DA:36,3
DA:49,1
DA:50,4
DA:51,4
DA:52,3
DA:53,3
DA:54,3
DA:55,3
DA:56,2
DA:64,1
DA:65,1
DA:69,4
LF:16
LH:16
BRDA:51,0,0,3
BRDA:51,0,1,1
BRDA:53,1,0,3
BRDA:53,1,1,0
BRDA:59,2,0,1
BRDA:59,2,1,1
BRF:6
BRH:5
end_of_record
TN:
SF:/home/node/app/services/app/src/utils/encoder.ts
FN:1,(anonymous_0)
FN:4,(anonymous_1)
FNF:2
FNH:2
FNDA:2,(anonymous_0)
FNDA:2,(anonymous_1)
DA:1,5
DA:2,2
DA:4,5
DA:5,2
LF:4
LH:4
BRF:0
BRH:0
end_of_record
TN:
SF:/home/node/app/services/app/src/utils/history.ts
FNF:0
FNH:0
LF:0
LH:0
BRF:0
BRH:0
end_of_record
TN:
SF:/home/node/app/services/app/src/utils/i18n.ts
FN:13,(anonymous_0)
FN:18,(anonymous_1)
FN:19,(anonymous_2)
FN:35,(anonymous_3)
FN:42,(anonymous_4)
FNF:5
FNH:4
FNDA:1,(anonymous_0)
FNDA:1,(anonymous_1)
FNDA:1,(anonymous_2)
FNDA:0,(anonymous_3)
FNDA:1,(anonymous_4)
DA:13,1
DA:14,1
DA:18,1
DA:19,1
DA:20,1
DA:23,1
DA:38,0
DA:43,1
DA:44,1
LF:9
LH:8
BRDA:21,0,0,1
BRDA:21,0,1,0
BRDA:26,1,0,1
BRDA:26,1,1,0
BRDA:43,2,0,0
BRDA:43,2,1,1
BRF:6
BRH:3
end_of_record
TN:
SF:/home/node/app/services/app/src/utils/index.ts
FN:1,(anonymous_0)
FN:2,(anonymous_1)
FN:4,(anonymous_2)
FN:7,(anonymous_3)
FNF:4
FNH:1
FNDA:0,(anonymous_0)
FNDA:0,(anonymous_1)
FNDA:21,(anonymous_2)
FNDA:0,(anonymous_3)
DA:1,5
DA:2,0
DA:4,5
DA:5,21
DA:7,5
DA:8,0
DA:9,0
DA:10,0
DA:11,0
DA:13,0
LF:10
LH:4
BRDA:5,0,0,10
BRDA:5,0,1,11
BRF:2
BRH:2
end_of_record
TN:
SF:/home/node/app/services/app/src/utils/keyboards.ts
FNF:0
FNH:0
DA:1,2
DA:2,2
DA:3,2
DA:4,2
LF:4
LH:4
BRF:0
BRH:0
end_of_record
TN:
SF:/home/node/app/services/app/src/utils/medias.ts
FN:151,(anonymous_0)
FN:158,(anonymous_1)
FN:163,(anonymous_2)
FN:171,(anonymous_3)
FN:180,(anonymous_4)
FN:200,(anonymous_5)
FN:244,(anonymous_6)
FNF:7
FNH:7
FNDA:24,(anonymous_0)
FNDA:11,(anonymous_1)
FNDA:9,(anonymous_2)
FNDA:18,(anonymous_3)
FNDA:9,(anonymous_4)
FNDA:4,(anonymous_5)
FNDA:5,(anonymous_6)
DA:5,1
DA:116,1
DA:151,1
DA:154,24
DA:158,1
DA:162,11
DA:164,9
DA:171,1
DA:176,18
DA:180,1
DA:185,9
DA:186,9
DA:187,1
DA:189,8
DA:190,2
DA:192,6
DA:193,4
DA:195,2
DA:200,1
DA:205,4
DA:206,4
DA:207,7
DA:208,2
DA:215,2
DA:218,5
DA:219,5
DA:220,1
DA:223,4
DA:228,4
DA:229,8
DA:239,3
DA:244,1
DA:253,5
DA:254,1
DA:256,4
DA:257,4
DA:258,7
DA:259,7
DA:260,1
DA:261,1
DA:267,0
DA:269,6
DA:270,6
DA:271,1
DA:274,5
DA:279,5
DA:280,5
DA:281,10
DA:282,1
DA:288,9
DA:293,1
LF:51
LH:50
BRDA:164,0,0,9
BRDA:164,0,1,7
BRDA:164,0,2,7
BRDA:176,1,0,18
BRDA:176,1,1,11
BRDA:186,2,0,1
BRDA:186,2,1,8
BRDA:189,3,0,2
BRDA:189,3,1,6
BRDA:192,4,0,4
BRDA:192,4,1,2
BRDA:192,5,0,6
BRDA:192,5,1,6
BRDA:207,6,0,2
BRDA:207,6,1,5
BRDA:219,7,0,1
BRDA:219,7,1,4
BRDA:223,8,0,4
BRDA:223,8,1,0
BRDA:224,9,0,4
BRDA:224,9,1,4
BRDA:224,9,2,4
BRDA:253,10,0,1
BRDA:253,10,1,4
BRDA:259,11,0,1
BRDA:259,11,1,6
BRDA:260,12,0,1
BRDA:260,12,1,0
BRDA:270,13,0,1
BRDA:270,13,1,5
BRDA:274,14,0,5
BRDA:274,14,1,0
BRDA:275,15,0,5
BRDA:275,15,1,5
BRDA:275,15,2,5
BRDA:281,16,0,1
BRDA:281,16,1,9
BRF:37
BRH:34
end_of_record
TN:
SF:/home/node/app/services/app/src/utils/messages.ts
FN:15,(anonymous_0)
FNF:1
FNH:0
FNDA:0,(anonymous_0)
DA:15,1
DA:16,0
LF:2
LH:1
BRDA:16,0,0,0
BRDA:16,0,1,0
BRDA:16,1,0,0
BRDA:16,1,1,0
BRDA:16,1,2,0
BRF:5
BRH:0
end_of_record
TN:
SF:/home/node/app/services/app/src/utils/player.ts
FN:14,(anonymous_0)
FN:37,(anonymous_1)
FN:47,(anonymous_2)
FN:66,(anonymous_3)
FN:68,(anonymous_4)
FN:70,(anonymous_5)
FN:73,(anonymous_6)
FN:80,(anonymous_7)
FN:104,(anonymous_8)
FN:122,(anonymous_9)
FN:123,(anonymous_10)
FN:126,(anonymous_11)
FN:153,(anonymous_12)
FNF:13
FNH:4
FNDA:0,(anonymous_0)
FNDA:4,(anonymous_1)
FNDA:0,(anonymous_2)
FNDA:0,(anonymous_3)
FNDA:0,(anonymous_4)
FNDA:0,(anonymous_5)
FNDA:0,(anonymous_6)
FNDA:1,(anonymous_7)
FNDA:0,(anonymous_8)
FNDA:1,(anonymous_9)
FNDA:1,(anonymous_10)
FNDA:0,(anonymous_11)
FNDA:0,(anonymous_12)
DA:14,2
DA:37,2
DA:38,4
DA:39,4
DA:40,4
DA:41,4
DA:42,4
DA:43,4
DA:44,4
DA:45,4
DA:47,4
DA:48,0
DA:49,0
DA:51,0
DA:52,0
DA:53,0
DA:54,0
DA:56,0
DA:57,0
DA:60,0
DA:61,0
DA:63,0
DA:66,4
DA:68,4
DA:70,4
DA:73,4
DA:74,0
DA:75,0
DA:77,0
DA:80,4
DA:89,1
DA:90,1
DA:91,0
DA:96,0
DA:97,0
DA:98,0
DA:99,0
DA:100,0
DA:101,0
DA:102,0
DA:103,0
DA:104,0
DA:105,0
DA:106,0
DA:107,0
DA:108,0
DA:109,0
DA:110,0
DA:111,0
DA:113,0
DA:116,0
DA:117,0
DA:118,0
DA:119,0
DA:122,4
DA:123,1
DA:124,1
DA:125,0
DA:126,0
DA:127,0
DA:128,0
DA:130,0
DA:131,0
DA:132,0
DA:133,0
DA:134,0
DA:135,0
DA:137,1
DA:141,4
DA:153,2
DA:161,0
DA:162,0
DA:164,0
DA:165,0
DA:166,0
DA:168,0
DA:169,0
DA:173,0
DA:175,0
DA:177,0
DA:179,0
DA:184,2
DA:186,2
LF:83
LH:26
BRDA:48,0,0,0
BRDA:48,0,1,0
BRDA:74,1,0,0
BRDA:74,1,1,0
BRDA:110,2,0,0
BRDA:110,2,1,0
BRDA:124,3,0,0
BRDA:124,3,1,1
BRDA:161,4,0,0
BRDA:161,4,1,0
BRDA:161,5,0,0
BRDA:161,5,1,0
BRDA:165,6,0,0
BRDA:165,6,1,0
BRDA:166,7,0,0
BRDA:166,7,1,0
BRDA:168,8,0,0
BRDA:168,8,1,0
BRDA:173,9,0,0
BRDA:173,9,1,0
BRDA:175,10,0,0
BRDA:175,10,1,0
BRF:22
BRH:1
end_of_record
TN:
SF:/home/node/app/services/app/src/utils/proxy.ts
FN:8,(anonymous_0)
FNF:1
FNH:0
FNDA:0,(anonymous_0)
DA:8,2
DA:12,0
DA:13,0
LF:3
LH:1
BRF:0
BRH:0
end_of_record
TN:
SF:/home/node/app/services/app/src/utils/redux.ts
FN:10,(anonymous_0)
FNF:1
FNH:1
FNDA:1,(anonymous_0)
DA:10,1
DA:12,1
DA:16,1
DA:28,1
LF:4
LH:4
BRDA:12,0,0,0
BRDA:12,0,1,1
BRF:2
BRH:1
end_of_record
TN:
SF:/home/node/app/services/app/src/utils/rooms.ts
FN:48,(anonymous_0)
FN:53,(anonymous_1)
FN:61,(anonymous_2)
FN:72,(anonymous_3)
FN:80,(anonymous_4)
FNF:5
FNH:4
FNDA:4,(anonymous_0)
FNDA:4,(anonymous_1)
FNDA:3,(anonymous_2)
FNDA:3,(anonymous_3)
FNDA:0,(anonymous_4)
DA:14,1
DA:16,1
DA:18,1
DA:48,1
DA:52,4
DA:53,4
DA:54,4
DA:56,4
DA:61,1
DA:66,3
DA:67,1
DA:69,2
DA:70,2
DA:71,2
DA:72,2
DA:73,3
DA:75,2
DA:80,1
DA:87,0
DA:89,0
DA:99,0
DA:109,0
LF:22
LH:18
BRDA:66,0,0,1
BRDA:66,0,1,2
BRDA:66,1,0,3
BRDA:66,1,1,3
BRDA:87,2,0,0
BRDA:87,2,1,0
BRDA:87,2,2,0
BRF:7
BRH:4
end_of_record
TN:
SF:/home/node/app/services/app/src/utils/sign.ts
FN:5,(anonymous_0)
FN:11,(anonymous_1)
FNF:2
FNH:1
FNDA:3,(anonymous_0)
FNDA:0,(anonymous_1)
DA:5,3
DA:10,3
DA:11,3
DA:12,0
DA:14,3
DA:15,3
DA:16,3
DA:17,3
DA:19,3
LF:9
LH:8
BRF:0
BRH:0
end_of_record
TN:
SF:/home/node/app/services/app/src/utils/svg.ts
FN:5,(anonymous_0)
FN:15,(anonymous_1)
FNF:2
FNH:0
FNDA:0,(anonymous_0)
FNDA:0,(anonymous_1)
DA:5,0
DA:9,0
DA:10,0
DA:11,0
DA:12,0
DA:15,0
DA:20,0
DA:21,0
LF:8
LH:0
BRF:0
BRH:0
end_of_record
TN:
SF:/home/node/app/services/app/src/utils/users.ts
FN:18,(anonymous_0)
FN:46,(anonymous_1)
FN:50,(anonymous_2)
FNF:3
FNH:1
FNDA:3,(anonymous_0)
FNDA:0,(anonymous_1)
FNDA:0,(anonymous_2)
DA:18,1
DA:19,3
DA:24,3
DA:25,3
DA:26,0
DA:27,0
DA:28,0
DA:33,0
DA:34,0
DA:35,0
DA:36,0
DA:39,0
DA:40,0
DA:43,3
DA:46,1
DA:47,0
DA:50,1
DA:51,0
LF:18
LH:7
BRDA:25,0,0,0
BRDA:25,0,1,3
BRDA:28,1,0,0
BRDA:28,1,1,0
BRDA:29,2,0,0
BRDA:29,2,1,0
BRDA:29,2,2,0
BRF:7
BRH:1
end_of_record
TN:
SF:/home/node/app/services/app/src/utils/__test__/index.ts
FN:9,(anonymous_0)
FN:15,(anonymous_1)
FN:31,(anonymous_2)
FN:47,(anonymous_3)
FN:68,(anonymous_4)
FNF:5
FNH:5
FNDA:6,(anonymous_0)
FNDA:13,(anonymous_1)
FNDA:6,(anonymous_2)
FNDA:18,(anonymous_3)
FNDA:19,(anonymous_4)
DA:5,3
DA:6,3
DA:7,3
DA:9,6
DA:15,13
DA:31,6
DA:47,18
DA:68,3
DA:69,19
DA:70,19
DA:71,14
DA:73,19
LF:12
LH:12
BRDA:15,0,0,8
BRDA:31,1,0,3
BRDA:68,2,0,0
BRF:3
BRH:2
end_of_record
TN:
SF:/home/node/app/services/app/src/utils/firebase/index.ts
FN:17,(anonymous_0)
FNF:1
FNH:0
FNDA:0,(anonymous_0)
DA:15,0
DA:17,0
DA:18,0
DA:19,0
DA:20,0
DA:21,0
DA:22,0
DA:23,0
DA:24,0
DA:31,0
LF:10
LH:0
BRDA:19,0,0,0
BRDA:19,0,1,0
BRF:2
BRH:0
end_of_record
TN:
SF:/home/node/app/services/app/src/utils/firebase/room.ts
FN:9,(anonymous_0)
FN:25,(anonymous_1)
FN:27,(anonymous_2)
FN:35,(anonymous_3)
FN:57,(anonymous_4)
FN:61,(anonymous_5)
FN:71,(anonymous_6)
FN:73,(anonymous_7)
FN:82,(anonymous_8)
FN:86,(anonymous_9)
FN:96,(anonymous_10)
FN:101,(anonymous_11)
FN:106,(anonymous_12)
FN:111,(anonymous_13)
FN:134,(anonymous_14)
FN:143,(anonymous_15)
FN:161,(anonymous_16)
FNF:17
FNH:0
FNDA:0,(anonymous_0)
FNDA:0,(anonymous_1)
FNDA:0,(anonymous_2)
FNDA:0,(anonymous_3)
FNDA:0,(anonymous_4)
FNDA:0,(anonymous_5)
FNDA:0,(anonymous_6)
FNDA:0,(anonymous_7)
FNDA:0,(anonymous_8)
FNDA:0,(anonymous_9)
FNDA:0,(anonymous_10)
FNDA:0,(anonymous_11)
FNDA:0,(anonymous_12)
FNDA:0,(anonymous_13)
FNDA:0,(anonymous_14)
FNDA:0,(anonymous_15)
FNDA:0,(anonymous_16)
DA:9,0
DA:18,0
DA:19,0
DA:20,0
DA:21,0
DA:22,0
DA:23,0
DA:25,0
DA:27,0
DA:28,0
DA:32,0
DA:35,0
DA:40,0
DA:41,0
DA:42,0
DA:47,0
DA:53,0
DA:57,0
DA:58,0
DA:59,0
DA:62,0
DA:63,0
DA:64,0
DA:66,0
DA:71,0
DA:72,0
DA:73,0
DA:74,0
DA:75,0
DA:76,0
DA:78,0
DA:82,0
DA:83,0
DA:84,0
DA:87,0
DA:88,0
DA:89,0
DA:91,0
DA:96,0
DA:97,0
DA:98,0
DA:101,0
DA:102,0
DA:103,0
DA:106,0
DA:107,0
DA:108,0
DA:111,0
DA:120,0
DA:125,0
DA:134,0
DA:135,0
DA:136,0
DA:143,0
DA:147,0
DA:151,0
DA:161,0
DA:162,0
DA:165,0
DA:172,0
LF:60
LH:0
BRDA:23,0,0,0
BRDA:23,0,1,0
BRDA:63,1,0,0
BRDA:63,1,1,0
BRDA:75,2,0,0
BRDA:75,2,1,0
BRDA:88,3,0,0
BRDA:88,3,1,0
BRF:8
BRH:0
end_of_record
TN:
SF:/home/node/app/services/app/src/utils/firebase/user.ts
FN:9,(anonymous_0)
FN:27,(anonymous_1)
FN:29,(anonymous_2)
FN:37,(anonymous_3)
FN:49,(anonymous_4)
FN:51,(anonymous_5)
FN:60,(anonymous_6)
FN:65,(anonymous_7)
FN:81,(anonymous_8)
FNF:9
FNH:0
FNDA:0,(anonymous_0)
FNDA:0,(anonymous_1)
FNDA:0,(anonymous_2)
FNDA:0,(anonymous_3)
FNDA:0,(anonymous_4)
FNDA:0,(anonymous_5)
FNDA:0,(anonymous_6)
FNDA:0,(anonymous_7)
FNDA:0,(anonymous_8)
DA:9,0
DA:18,0
DA:19,0
DA:20,0
DA:21,0
DA:22,0
DA:27,0
DA:29,0
DA:30,0
DA:34,0
DA:37,0
DA:38,0
DA:39,0
DA:40,0
DA:41,0
DA:42,0
DA:43,0
DA:45,0
DA:49,0
DA:50,0
DA:51,0
DA:52,0
DA:53,0
DA:54,0
DA:56,0
DA:60,0
DA:61,0
DA:62,0
DA:65,0
DA:66,0
DA:67,0
DA:68,0
DA:70,0
DA:78,0
DA:81,0
DA:82,0
DA:83,0
DA:84,0
DA:94,0
LF:39
LH:0
BRDA:21,0,0,0
BRDA:21,0,1,0
BRDA:53,1,0,0
BRDA:53,1,1,0
BRDA:67,2,0,0
BRDA:67,2,1,0
BRF:6
BRH:0
end_of_record
TN:
SF:/home/node/app/services/app/src/utils/providers/deezer.ts
FN:84,(anonymous_0)
FN:99,(anonymous_1)
FN:100,(anonymous_2)
FN:105,(anonymous_3)
FN:118,(anonymous_4)
FN:119,(anonymous_5)
FN:129,(anonymous_6)
FN:155,(anonymous_7)
FN:156,(anonymous_8)
FN:161,(anonymous_9)
FN:172,(anonymous_10)
FN:184,(anonymous_11)
FN:205,(anonymous_12)
FN:230,(anonymous_13)
FN:242,(anonymous_14)
FN:252,(anonymous_15)
FN:253,(anonymous_16)
FN:256,(anonymous_17)
FN:264,(anonymous_18)
FN:265,(anonymous_19)
FN:268,(anonymous_20)
FN:277,(anonymous_21)
FN:286,(anonymous_22)
FN:291,(anonymous_23)
FN:297,(anonymous_24)
FN:314,(anonymous_25)
FNF:26
FNH:26
FNDA:2,(anonymous_0)
FNDA:2,(anonymous_1)
FNDA:2,(anonymous_2)
FNDA:2,(anonymous_3)
FNDA:2,(anonymous_4)
FNDA:2,(anonymous_5)
FNDA:6,(anonymous_6)
FNDA:2,(anonymous_7)
FNDA:7,(anonymous_8)
FNDA:3,(anonymous_9)
FNDA:4,(anonymous_10)
FNDA:4,(anonymous_11)
FNDA:4,(anonymous_12)
FNDA:3,(anonymous_13)
FNDA:3,(anonymous_14)
FNDA:1,(anonymous_15)
FNDA:1,(anonymous_16)
FNDA:3,(anonymous_17)
FNDA:1,(anonymous_18)
FNDA:1,(anonymous_19)
FNDA:5,(anonymous_20)
FNDA:4,(anonymous_21)
FNDA:1,(anonymous_22)
FNDA:4,(anonymous_23)
FNDA:1,(anonymous_24)
FNDA:16,(anonymous_25)
DA:8,2
DA:9,2
DA:10,2
DA:84,2
DA:99,2
DA:100,2
DA:105,2
DA:108,2
DA:118,2
DA:119,2
DA:129,2
DA:132,6
DA:155,2
DA:156,2
DA:159,7
DA:161,2
DA:166,3
DA:172,2
DA:180,4
DA:181,4
DA:182,4
DA:183,4
DA:185,4
DA:186,4
DA:187,3
DA:188,3
DA:189,3
DA:191,1
DA:192,0
DA:193,0
DA:195,1
DA:199,1
DA:202,4
DA:205,2
DA:209,4
DA:210,4
DA:211,4
DA:212,4
DA:213,4
DA:214,0
DA:217,0
DA:219,4
DA:223,4
DA:224,4
DA:225,4
DA:227,4
DA:230,2
DA:234,3
DA:235,2
DA:237,1
DA:242,2
DA:246,3
DA:247,2
DA:249,1
DA:252,1
DA:253,1
DA:256,2
DA:260,3
DA:261,2
DA:263,1
DA:264,1
DA:265,1
DA:268,2
DA:269,5
DA:270,3
DA:272,2
DA:273,2
DA:274,2
DA:277,2
DA:278,4
DA:279,3
DA:281,1
DA:282,1
DA:286,1
DA:287,1
DA:291,2
DA:292,4
DA:293,3
DA:295,1
DA:296,1
DA:297,1
DA:300,2
DA:312,2
DA:314,2
DA:315,16
DA:316,2
DA:318,16
LF:87
LH:83
BRDA:97,0,0,2
BRDA:97,0,1,0
BRDA:99,1,0,2
BRDA:99,1,1,2
BRDA:116,2,0,2
BRDA:116,2,1,0
BRDA:118,3,0,2
BRDA:118,3,1,2
BRDA:167,4,0,3
BRDA:167,4,1,0
BRDA:186,5,0,3
BRDA:186,5,1,1
BRDA:191,6,0,0
BRDA:191,6,1,1
BRDA:213,7,0,0
BRDA:213,7,1,4
BRDA:234,8,0,2
BRDA:234,8,1,1
BRDA:246,9,0,2
BRDA:246,9,1,1
BRDA:260,10,0,2
BRDA:260,10,1,1
BRDA:264,11,0,1
BRDA:264,11,1,1
BRDA:269,12,0,3
BRDA:269,12,1,2
BRDA:278,13,0,3
BRDA:278,13,1,1
BRDA:292,14,0,3
BRDA:292,14,1,1
BRDA:315,15,0,2
BRDA:315,15,1,14
BRF:32
BRH:27
end_of_record
TN:
SF:/home/node/app/services/app/src/utils/providers/index.ts
FN:47,(anonymous_0)
FN:84,(anonymous_1)
FN:95,(anonymous_2)
FN:104,(anonymous_3)
FN:107,(anonymous_4)
FN:110,(anonymous_5)
FN:128,(anonymous_6)
FNF:7
FNH:3
FNDA:2,(anonymous_0)
FNDA:0,(anonymous_1)
FNDA:1,(anonymous_2)
FNDA:0,(anonymous_3)
FNDA:0,(anonymous_4)
FNDA:0,(anonymous_5)
FNDA:1,(anonymous_6)
DA:47,1
DA:52,2
DA:64,2
DA:65,0
DA:67,2
DA:68,2
DA:69,2
DA:81,2
DA:82,2
DA:83,0
DA:84,0
DA:86,0
DA:87,0
DA:90,2
DA:95,1
DA:102,1
DA:104,0
DA:108,0
DA:111,0
DA:116,1
DA:117,1
DA:118,1
DA:119,0
DA:120,0
DA:121,0
DA:124,1
DA:128,1
DA:134,1
DA:135,1
DA:136,1
DA:144,1
DA:152,1
DA:165,0
DA:177,0
DA:178,0
DA:179,0
DA:181,0
DA:182,0
DA:184,0
DA:185,0
DA:187,0
DA:188,0
DA:190,0
LF:43
LH:21
BRDA:86,0,0,0
BRDA:86,0,1,0
BRDA:111,1,0,0
BRDA:111,1,1,0
BRDA:111,1,2,0
BRDA:120,2,0,0
BRDA:120,2,1,0
BRDA:136,3,0,1
BRDA:136,3,1,0
BRDA:136,4,0,1
BRDA:136,4,1,0
BRDA:178,5,0,0
BRDA:178,5,1,0
BRDA:179,6,0,0
BRDA:179,6,1,0
BRDA:179,6,2,0
BRF:16
BRH:2
end_of_record
TN:
SF:/home/node/app/services/app/src/utils/providers/spotify.ts
FN:68,(anonymous_0)
FN:83,(anonymous_1)
FN:84,(anonymous_2)
FN:89,(anonymous_3)
FN:99,(anonymous_4)
FN:100,(anonymous_5)
FN:110,(anonymous_6)
FN:136,(anonymous_7)
FN:137,(anonymous_8)
FN:140,(anonymous_9)
FN:148,(anonymous_10)
FN:160,(anonymous_11)
FN:190,(anonymous_12)
FN:218,(anonymous_13)
FN:234,(anonymous_14)
FN:248,(anonymous_15)
FN:252,(anonymous_16)
FN:266,(anonymous_17)
FN:267,(anonymous_18)
FN:270,(anonymous_19)
FN:279,(anonymous_20)
FN:291,(anonymous_21)
FN:297,(anonymous_22)
FN:314,(anonymous_23)
FNF:24
FNH:8
FNDA:0,(anonymous_0)
FNDA:0,(anonymous_1)
FNDA:0,(anonymous_2)
FNDA:0,(anonymous_3)
FNDA:0,(anonymous_4)
FNDA:0,(anonymous_5)
FNDA:0,(anonymous_6)
FNDA:1,(anonymous_7)
FNDA:0,(anonymous_8)
FNDA:0,(anonymous_9)
FNDA:0,(anonymous_10)
FNDA:0,(anonymous_11)
FNDA:0,(anonymous_12)
FNDA:1,(anonymous_13)
FNDA:1,(anonymous_14)
FNDA:0,(anonymous_15)
FNDA:1,(anonymous_16)
FNDA:0,(anonymous_17)
FNDA:0,(anonymous_18)
FNDA:2,(anonymous_19)
FNDA:2,(anonymous_20)
FNDA:2,(anonymous_21)
FNDA:0,(anonymous_22)
FNDA:3,(anonymous_23)
DA:8,1
DA:9,1
DA:10,1
DA:11,1
DA:68,1
DA:83,0
DA:84,0
DA:89,1
DA:99,0
DA:100,0
DA:110,1
DA:113,0
DA:136,1
DA:137,1
DA:138,0
DA:140,1
DA:141,0
DA:148,1
DA:156,0
DA:157,0
DA:158,0
DA:159,0
DA:161,0
DA:168,0
DA:169,0
DA:187,0
DA:190,1
DA:194,0
DA:195,0
DA:196,0
DA:197,0
DA:198,0
DA:199,0
DA:205,0
DA:207,0
DA:211,0
DA:212,0
DA:213,0
DA:215,0
DA:218,1
DA:222,1
DA:223,1
DA:225,0
DA:231,0
DA:234,1
DA:238,1
DA:239,1
DA:241,0
DA:247,0
DA:248,0
DA:252,1
DA:256,1
DA:257,1
DA:259,0
DA:265,0
DA:266,0
DA:267,0
DA:270,1
DA:271,2
DA:272,2
DA:274,0
DA:275,0
DA:276,0
DA:279,1
DA:280,2
DA:281,2
DA:283,0
DA:284,0
DA:288,0
DA:291,1
DA:292,2
DA:293,2
DA:295,0
DA:296,0
DA:297,0
DA:300,1
DA:312,1
DA:314,1
DA:315,3
DA:316,1
DA:318,3
LF:81
LH:36
BRDA:81,0,0,0
BRDA:81,0,1,0
BRDA:97,1,0,0
BRDA:97,1,1,0
BRDA:129,2,0,0
BRDA:129,2,1,0
BRDA:142,3,0,0
BRDA:142,3,1,0
BRDA:198,4,0,0
BRDA:198,4,1,0
BRDA:222,5,0,1
BRDA:222,5,1,0
BRDA:238,6,0,1
BRDA:238,6,1,0
BRDA:256,7,0,1
BRDA:256,7,1,0
BRDA:271,8,0,2
BRDA:271,8,1,0
BRDA:280,9,0,2
BRDA:280,9,1,0
BRDA:292,10,0,2
BRDA:292,10,1,0
BRDA:315,11,0,1
BRDA:315,11,1,2
BRF:24
BRH:8
end_of_record
